2022-08-07T00:00:01.238530,61.00,9.99,658.60,79.99,0.00,74.80,196.65,0.97
2022-08-07T00:01:01.826631,58.00,10.17,658.60,79.99,0.00,74.65,197.04,0.97
2022-08-07T00:02:01.422830,56.00,10.17,658.60,79.99,0.00,74.44,196.52,0.97
2022-08-07T00:03:02.002888,62.00,10.17,658.60,79.99,0.00,74.46,197.37,0.97
2022-08-07T00:04:01.592783,59.00,10.13,658.60,79.99,0.00,74.27,196.98,0.97
2022-08-07T00:05:02.199823,54.00,10.17,658.60,79.99,0.00,74.15,196.27,0.97
2022-08-07T00:06:01.789255,60.00,9.99,658.60,79.99,0.00,74.04,197.37,0.96
2022-08-07T00:07:01.378855,54.00,10.17,658.60,79.99,0.00,74.08,197.56,0.97
2022-08-07T00:08:01.973924,59.00,10.17,658.60,79.99,0.00,73.89,197.37,0.97
2022-08-07T00:09:01.561307,63.00,10.17,658.60,79.99,0.00,73.72,197.63,0.96
2022-08-07T00:10:02.149924,57.00,9.95,658.60,79.99,0.00,73.72,197.76,0.97
2022-08-07T00:11:01.732811,63.00,10.17,658.60,79.99,0.00,73.33,198.09,0.96
2022-08-07T00:12:01.321013,59.00,9.95,658.60,79.99,0.00,73.43,198.15,0.96
2022-08-07T00:13:01.909065,59.00,10.17,658.60,79.99,0.00,73.33,198.74,0.96
2022-08-07T00:14:01.499863,56.00,10.17,658.60,79.99,0.00,73.24,198.55,0.96
2022-08-07T00:15:02.080151,55.00,10.17,658.60,79.99,0.00,73.19,198.94,0.96
2022-08-07T00:16:01.662830,59.00,10.17,658.60,79.99,0.00,73.06,198.48,0.96
2022-08-07T00:17:01.254257,62.00,10.13,658.60,79.99,0.00,72.90,199.40,0.96
2022-08-07T00:18:01.843936,62.00,9.95,658.60,79.99,0.00,72.89,199.87,0.96
2022-08-07T00:19:01.428829,59.00,10.17,658.60,79.99,0.00,72.70,199.87,0.96
2022-08-07T00:20:02.019416,56.00,10.17,658.60,79.99,0.00,72.72,200.00,0.96
2022-08-07T00:21:01.600832,58.00,10.17,658.60,79.99,0.00,72.53,200.33,0.96
2022-08-07T00:22:02.171782,57.00,10.17,658.60,79.99,0.00,72.45,199.93,0.96
2022-08-07T00:23:01.757727,61.00,10.17,658.60,79.99,0.00,72.30,199.07,0.96
2022-08-07T00:24:01.342536,64.00,10.17,658.60,79.99,0.00,72.30,199.87,0.96
2022-08-07T00:25:01.930870,55.00,10.17,658.60,79.99,0.00,72.17,198.41,0.96
2022-08-07T00:26:01.526179,57.00,10.17,658.60,79.99,0.00,72.10,199.01,0.96
2022-08-07T00:27:02.124047,54.00,10.17,658.60,79.99,0.00,71.90,198.94,0.96
2022-08-07T00:28:01.710631,58.00,10.17,658.60,79.99,0.00,71.78,200.47,0.96
2022-08-07T00:29:01.286011,59.00,10.17,658.60,79.99,0.00,71.83,200.33,0.96
2022-08-07T00:30:01.867981,63.00,10.17,658.60,79.99,0.00,71.60,200.47,0.96
2022-08-07T00:31:01.459003,57.00,10.17,658.60,79.99,0.00,71.54,201.07,0.96
2022-08-07T00:32:02.050447,64.00,10.27,658.60,79.99,0.00,71.47,201.20,0.96
2022-08-07T00:33:01.639319,57.00,10.17,658.60,79.99,0.00,71.40,200.20,0.96
2022-08-07T00:34:01.227763,61.00,10.17,658.60,79.99,0.00,71.34,201.40,0.96
2022-08-07T00:35:01.814168,61.00,10.17,658.60,79.99,0.00,71.27,201.74,0.96
2022-08-07T00:36:01.402298,54.00,10.17,658.60,79.99,0.00,71.16,201.07,0.96
2022-08-07T00:37:01.993800,59.00,10.17,658.60,79.99,0.00,70.99,202.01,0.96
2022-08-07T00:38:01.582287,60.00,10.17,658.60,79.99,0.00,70.96,203.23,0.96
2022-08-07T00:39:02.165926,59.00,10.17,658.60,79.99,0.00,70.93,204.88,0.96
2022-08-07T00:40:01.769088,61.00,10.17,658.60,79.99,0.00,70.80,205.02,0.96
2022-08-07T00:41:01.355337,58.00,10.17,658.60,79.99,0.00,70.72,205.09,0.96
2022-08-07T00:42:01.959107,54.00,10.17,658.60,79.99,0.00,70.62,206.27,0.96
2022-08-07T00:43:01.548640,62.00,10.17,658.60,79.99,0.00,70.67,207.88,0.96
2022-08-07T00:44:02.137912,62.00,10.17,658.60,79.99,0.00,70.59,207.18,0.96
2022-08-07T00:45:01.727402,63.00,10.17,658.60,79.99,0.00,69.92,204.33,0.96
2022-08-07T00:46:01.316849,58.00,10.17,658.60,79.99,0.00,70.26,205.99,0.96
2022-08-07T00:47:01.900653,58.00,10.17,658.60,79.99,0.00,70.33,205.92,0.96
2022-08-07T00:48:01.494477,63.00,10.17,658.60,79.99,0.00,70.16,206.76,0.96
2022-08-07T00:49:02.069370,63.00,10.17,658.60,79.99,0.00,70.16,207.67,0.96
2022-08-07T00:50:01.658291,61.00,10.17,658.60,79.99,0.00,70.07,208.66,0.96
2022-08-07T00:51:01.247610,59.00,10.22,658.60,79.99,0.00,69.68,208.95,0.96
2022-08-07T00:52:01.830244,62.00,10.17,658.60,79.99,0.00,69.86,210.09,0.96
2022-08-07T00:53:01.415130,57.00,10.17,658.60,79.99,0.00,69.73,211.54,0.96
2022-08-07T00:54:02.012133,60.00,10.17,658.60,79.99,0.00,69.71,211.83,0.96
2022-08-07T00:55:01.594710,58.00,10.17,658.60,79.99,0.00,69.68,211.10,0.96
2022-08-07T00:56:02.182062,58.00,10.17,658.60,79.99,0.00,69.54,211.54,0.96
2022-08-07T00:57:01.783733,62.00,10.22,658.60,79.99,0.00,69.46,212.48,0.96
2022-08-07T00:58:01.377016,63.00,10.17,658.60,79.99,0.00,69.25,212.92,0.96
2022-08-07T00:59:01.968101,65.00,10.17,658.60,79.99,0.00,69.20,212.92,0.96
2022-08-07T01:00:01.560081,60.00,10.17,658.60,79.99,0.00,69.30,215.07,0.96
2022-08-07T01:01:02.149344,63.00,10.61,658.60,79.99,0.00,69.14,214.55,0.96
2022-08-07T01:02:01.743997,63.00,10.39,658.60,79.99,0.00,68.97,213.88,0.96
2022-08-07T01:03:01.333246,54.00,10.17,658.60,79.99,0.00,68.98,214.10,0.96
2022-08-07T01:04:01.933997,56.00,10.35,658.60,79.99,0.00,68.84,213.58,0.95
2022-08-07T01:05:01.527432,59.00,10.17,658.60,79.99,0.00,68.82,214.10,0.96
2022-08-07T01:06:02.125888,63.00,10.17,658.60,79.99,0.00,68.70,213.73,0.95
2022-08-07T01:07:01.716794,65.00,10.17,658.60,79.99,0.00,68.66,215.74,0.96
2022-08-07T01:08:01.317384,60.00,10.35,658.60,79.99,0.00,68.46,216.64,0.95
2022-08-07T01:09:01.906956,58.00,10.22,658.60,79.99,0.00,68.57,217.93,0.95
2022-08-07T01:10:01.493513,56.00,10.56,658.60,79.99,0.00,68.41,218.77,0.95
2022-08-07T01:11:02.075415,57.00,10.22,658.60,79.99,0.00,68.35,219.69,0.95
2022-08-07T01:12:01.675107,59.00,10.17,658.60,79.99,0.00,68.29,221.01,0.96
2022-08-07T01:13:01.256971,55.00,10.35,658.60,79.99,0.00,68.18,219.77,0.95
2022-08-07T01:14:01.838269,57.00,10.22,658.60,79.99,0.00,68.19,220.16,0.95
2022-08-07T01:15:01.428429,61.00,10.17,658.60,79.99,0.00,68.08,221.79,0.95
2022-08-07T01:16:02.019700,57.00,10.35,658.60,79.99,0.00,68.10,222.42,0.96
2022-08-07T01:17:01.608611,59.00,10.22,658.60,79.99,0.00,68.04,223.84,0.96
2022-08-07T01:18:02.205903,67.00,10.56,658.60,79.99,0.00,67.90,223.68,0.96
2022-08-07T01:19:01.791170,62.00,10.17,658.60,79.99,0.00,67.82,223.44,0.95
2022-08-07T01:20:01.379460,58.00,10.39,658.60,79.99,0.00,67.66,221.87,0.95
2022-08-07T01:21:01.981830,57.00,10.56,658.60,79.99,0.00,67.68,223.29,0.95
2022-08-07T01:22:01.570421,58.00,10.35,658.60,79.99,0.00,67.48,223.29,0.95
2022-08-07T01:23:02.155518,55.00,10.17,658.60,79.99,0.00,67.57,224.08,0.96
2022-08-07T01:24:01.742919,64.00,10.35,658.60,79.99,0.00,67.46,225.28,0.96
2022-08-07T01:25:01.330379,56.00,10.56,658.60,79.99,0.00,67.32,224.48,0.95
2022-08-07T01:26:01.914146,60.00,10.27,658.60,79.99,0.00,67.26,225.60,0.95
2022-08-07T01:27:01.499659,65.00,10.17,658.60,79.99,0.00,67.20,226.49,0.96
2022-08-07T01:28:02.079186,60.00,10.45,658.60,79.99,0.00,67.26,228.53,0.96
2022-08-07T01:29:01.659412,59.00,10.27,658.60,79.99,0.00,67.09,228.36,0.96
2022-08-07T01:30:01.243451,61.00,10.66,658.60,79.99,0.00,67.03,227.79,0.96
2022-08-07T01:31:01.829617,60.00,10.56,658.60,79.99,0.00,66.95,224.48,0.95
2022-08-07T01:32:01.428317,57.00,10.22,658.60,79.99,0.00,66.80,224.00,0.96
2022-08-07T01:33:02.018083,61.00,10.35,658.60,79.99,0.00,66.77,224.64,0.96
2022-08-07T01:34:01.617352,64.00,10.35,658.60,79.99,0.00,66.79,224.96,0.96
2022-08-07T01:35:01.213565,60.00,10.17,658.60,79.99,0.00,66.57,225.28,0.96
2022-08-07T01:36:01.800040,56.00,10.45,658.60,79.99,0.00,66.63,227.06,0.96
2022-08-07T01:37:01.388061,56.00,10.35,658.60,79.99,0.00,66.60,227.22,0.95
2022-08-07T01:38:01.973372,64.00,10.35,658.60,79.99,0.00,66.48,228.12,0.96
2022-08-07T01:39:01.560459,60.00,10.17,658.60,79.99,0.00,66.37,227.54,0.95
2022-08-07T01:40:02.150500,57.00,10.66,658.60,79.99,0.00,66.33,227.79,0.95
2022-08-07T01:41:01.738928,59.00,10.39,658.60,79.99,0.00,66.24,227.95,0.95
2022-08-07T01:42:01.327697,57.00,10.61,658.60,79.99,0.00,66.12,228.03,0.95
2022-08-07T01:43:01.923046,61.00,10.66,658.60,79.99,0.00,66.12,229.60,0.96
2022-08-07T01:44:01.509967,57.00,10.35,658.60,79.99,0.00,66.12,232.44,0.96
2022-08-07T01:45:02.106227,61.00,10.61,658.60,79.99,0.00,65.93,231.68,0.96
2022-08-07T01:46:01.702893,62.00,10.17,658.60,79.99,0.00,65.83,229.93,0.95
2022-08-07T01:47:01.281366,67.00,10.22,658.60,79.99,0.00,65.80,228.94,0.95
2022-08-07T01:48:01.864921,58.00,10.39,658.60,79.99,0.00,65.72,229.10,0.95
2022-08-07T01:49:01.465117,54.00,10.61,658.60,79.99,0.00,65.63,229.10,0.95
2022-08-07T01:50:02.056122,63.00,10.39,658.60,79.99,0.00,65.68,231.60,0.95
2022-08-07T01:51:01.642559,56.00,10.17,658.60,79.99,0.00,65.57,232.52,0.96
2022-08-07T01:52:01.230188,55.00,10.66,658.60,79.99,0.00,65.45,233.63,0.95
2022-08-07T01:53:01.832619,55.00,10.27,658.60,79.99,0.00,65.44,234.05,0.95
2022-08-07T01:54:01.416231,59.00,10.56,658.60,79.99,0.00,65.36,236.12,0.96
2022-08-07T01:55:02.006501,52.00,10.22,658.60,79.99,0.00,65.30,235.77,0.96
2022-08-07T01:56:01.602336,55.00,10.35,658.60,79.99,0.00,65.13,234.57,0.95
2022-08-07T01:57:02.208193,61.00,10.66,658.60,79.99,0.00,65.17,236.12,0.95
2022-08-07T01:58:01.798203,62.00,10.35,658.60,79.99,0.00,65.13,238.12,0.96
2022-08-07T01:59:01.388422,64.00,10.66,658.60,79.99,0.00,65.14,239.18,0.96
2022-08-07T02:00:01.983611,60.00,10.39,658.60,79.99,0.00,65.01,239.62,0.96
2022-08-07T02:01:01.579966,57.00,10.61,658.60,79.99,0.00,65.02,239.44,0.96
2022-08-07T02:02:02.159892,62.00,10.22,658.60,79.99,0.00,64.89,237.16,0.96
2022-08-07T02:03:01.743764,57.00,10.45,658.60,79.99,0.00,64.86,234.65,0.96
2022-08-07T02:04:01.330889,62.00,10.61,658.60,79.99,0.00,64.75,234.99,0.96
2022-08-07T02:05:01.915476,64.00,10.27,658.60,79.99,0.00,64.71,236.12,0.96
2022-08-07T02:06:01.507029,54.00,10.39,658.60,79.99,0.00,64.65,235.43,0.95
2022-08-07T02:07:02.097103,55.00,10.35,658.60,79.99,0.00,64.56,236.12,0.96
2022-08-07T02:08:01.694961,64.00,10.61,658.60,79.99,0.00,64.53,236.29,0.96
2022-08-07T02:09:01.285724,60.00,10.45,658.60,79.99,0.00,64.42,236.03,0.96
2022-08-07T02:10:01.873117,60.00,10.66,658.60,79.99,0.00,64.47,237.68,0.96
2022-08-07T02:11:01.469728,60.00,10.66,658.60,79.99,0.00,64.33,239.00,0.96
2022-08-07T02:12:02.059382,61.00,10.66,658.60,79.99,0.00,64.40,239.71,0.96
2022-08-07T02:13:01.648639,60.00,10.66,658.60,79.99,0.00,64.24,241.14,0.96
2022-08-07T02:14:01.240523,55.00,10.66,658.60,79.99,0.00,64.14,240.96,0.96
2022-08-07T02:15:01.828753,62.00,10.61,658.60,79.99,0.00,64.09,242.67,0.96
2022-08-07T02:16:01.412760,64.00,10.61,658.60,79.99,0.00,64.09,241.94,0.96
2022-08-07T02:17:02.000206,59.00,10.61,658.60,79.99,0.00,64.06,243.67,0.96
2022-08-07T02:18:01.602611,52.00,10.61,658.60,79.99,0.00,64.08,245.22,0.96
2022-08-07T02:19:02.189737,61.00,10.39,658.60,79.99,0.00,63.98,245.13,0.96
2022-08-07T02:20:01.784961,61.00,10.45,658.60,79.99,0.00,63.93,244.76,0.96
2022-08-07T02:21:01.370906,61.00,10.66,658.60,79.99,0.00,63.74,244.85,0.96
2022-08-07T02:22:01.973860,59.00,10.66,658.60,79.99,0.00,63.80,246.61,0.96
2022-08-07T02:23:01.559858,55.00,10.66,658.60,79.99,0.00,63.70,246.61,0.96
2022-08-07T02:24:02.140819,60.00,10.45,658.60,79.99,0.00,63.64,247.54,0.96
2022-08-07T02:25:01.733450,57.00,10.45,658.60,79.99,0.00,63.67,248.01,0.96
2022-08-07T02:26:01.339561,60.00,10.66,658.60,79.99,0.00,63.58,245.96,0.96
2022-08-07T02:27:01.920534,64.00,10.45,658.60,79.99,0.00,63.47,245.78,0.96
2022-08-07T02:28:01.508104,59.00,10.45,658.60,79.99,0.00,63.41,245.50,0.96
2022-08-07T02:29:02.090660,65.00,10.66,658.60,79.99,0.00,63.42,244.95,0.96
2022-08-07T02:30:01.670562,63.00,10.66,658.60,79.99,0.00,63.26,244.40,0.96
2022-08-07T02:31:01.258324,57.00,10.61,658.60,79.99,0.00,63.25,245.87,0.96
2022-08-07T02:32:01.847672,57.00,10.56,658.60,79.99,0.00,63.01,244.40,0.96
2022-08-07T02:33:01.446728,57.00,10.45,658.60,79.99,0.00,63.11,245.31,0.96
2022-08-07T02:34:02.027608,58.00,10.45,658.60,79.99,0.00,63.13,246.80,0.96
2022-08-07T02:35:01.621368,64.00,10.66,658.60,79.99,0.00,63.09,248.76,0.96
2022-08-07T02:36:01.213687,51.00,10.66,658.60,79.99,0.00,63.09,250.18,0.96
2022-08-07T02:37:01.807297,64.00,10.61,658.60,79.99,0.00,62.92,250.37,0.96
2022-08-07T02:38:01.396498,61.00,10.35,658.60,79.99,0.00,63.03,250.85,0.96
2022-08-07T02:39:01.986408,56.00,10.61,658.60,79.99,0.00,62.85,249.61,0.96
2022-08-07T02:40:01.576197,54.00,10.45,658.60,79.99,0.00,62.79,249.61,0.96
2022-08-07T02:41:02.165989,60.00,10.66,658.60,79.99,0.00,62.73,247.92,0.96
2022-08-07T02:42:01.755388,62.00,10.45,658.60,79.99,0.00,62.70,248.39,0.96
2022-08-07T02:43:01.346681,60.00,10.66,658.60,79.99,0.00,62.62,247.54,0.96
2022-08-07T02:44:01.936460,63.00,10.66,658.60,79.99,0.00,62.59,247.82,0.96
2022-08-07T02:45:01.517073,59.00,10.66,658.60,79.99,0.00,62.63,249.23,0.96
2022-08-07T02:46:02.106633,64.00,10.66,658.60,79.99,0.00,62.58,250.56,0.96
2022-08-07T02:47:01.702386,58.00,10.61,658.60,79.99,0.00,62.50,251.81,0.96
2022-08-07T02:48:01.297235,60.00,10.39,658.60,79.99,0.00,62.46,251.81,0.96
2022-08-07T02:49:01.886111,64.00,10.45,658.60,79.99,0.00,62.45,252.00,0.96
2022-08-07T02:50:01.484918,56.00,10.66,658.60,79.99,0.00,62.45,256.10,0.97
2022-08-07T02:51:02.071057,65.00,10.45,658.60,79.99,0.00,62.53,255.90,0.96
2022-08-07T02:52:01.658662,59.00,10.45,658.60,79.99,0.00,62.36,259.59,0.96
2022-08-07T02:53:01.243160,58.00,10.70,658.60,79.99,0.00,62.25,261.53,0.96
2022-08-07T02:54:01.830215,54.00,10.66,658.60,79.99,0.00,62.40,261.22,0.96
2022-08-07T02:55:01.424634,54.00,10.66,658.60,79.99,0.00,62.28,262.04,0.96
2022-08-07T02:56:02.015305,66.00,10.61,658.60,79.99,0.00,62.36,262.86,0.96
2022-08-07T02:57:01.606034,57.00,10.66,658.60,79.99,0.00,62.15,264.10,0.97
2022-08-07T02:58:02.187781,61.00,10.45,658.60,79.99,0.00,62.13,263.38,0.96
2022-08-07T02:59:01.785444,61.00,10.84,658.60,79.99,0.00,62.09,263.27,0.97
2022-08-07T03:00:01.375932,61.00,10.66,658.60,79.99,0.00,62.02,264.73,0.97
2022-08-07T03:01:01.979407,60.00,10.45,658.60,79.99,0.00,61.98,263.27,0.97
2022-08-07T03:02:01.567828,58.00,10.66,658.60,79.99,0.00,61.92,264.00,0.97
2022-08-07T03:03:02.156619,63.00,10.66,658.60,79.99,0.00,61.77,261.83,0.96
2022-08-07T03:04:01.748379,57.00,10.70,658.60,79.99,0.00,61.77,264.31,0.97
2022-08-07T03:05:01.344004,65.00,10.66,658.60,79.99,0.00,61.85,264.83,0.97
2022-08-07T03:06:01.935511,65.00,10.66,658.60,79.99,0.00,61.74,265.25,0.97
2022-08-07T03:07:01.520822,62.00,10.66,658.60,79.99,0.00,61.80,265.57,0.97
2022-08-07T03:08:02.109190,55.00,10.84,658.60,79.99,0.00,61.67,267.04,0.97
2022-08-07T03:09:01.708239,64.00,10.61,658.60,79.99,0.00,61.63,269.07,0.97
2022-08-07T03:10:01.305159,55.00,10.66,658.60,79.99,0.00,61.56,264.42,0.96
2022-08-07T03:11:01.895918,58.00,10.66,658.60,79.99,0.00,61.78,268.96,0.97
2022-08-07T03:12:01.486547,55.00,10.66,658.60,79.99,0.00,61.56,269.28,0.97
2022-08-07T03:13:02.071756,61.00,10.66,658.60,79.99,0.00,61.59,270.36,0.97
2022-08-07T03:14:01.658914,58.00,10.66,658.60,79.99,0.00,61.57,271.66,0.97
2022-08-07T03:15:01.254254,56.00,10.66,658.60,79.99,0.00,61.47,270.36,0.97
2022-08-07T03:16:01.840750,60.00,10.70,658.60,79.99,0.00,61.39,272.97,0.97
2022-08-07T03:17:01.423422,58.00,10.66,658.60,79.99,0.00,61.28,272.10,0.97
2022-08-07T03:18:02.009722,60.00,10.84,658.60,79.99,0.00,61.35,273.74,0.97
2022-08-07T03:19:01.593391,57.00,10.70,658.60,79.99,0.00,61.31,274.63,0.97
2022-08-07T03:20:02.184684,61.00,10.84,658.60,79.99,0.00,61.22,274.52,0.97
2022-08-07T03:21:01.784808,57.00,10.66,658.60,79.99,0.00,61.12,275.52,0.97
2022-08-07T03:22:01.370955,58.00,10.84,658.60,79.99,0.00,61.19,274.63,0.97
2022-08-07T03:23:01.958552,64.00,10.84,658.60,79.99,0.00,61.11,274.85,0.97
2022-08-07T03:24:01.555622,59.00,10.70,658.60,79.99,0.00,60.99,276.64,0.97
2022-08-07T03:25:02.144940,58.00,10.66,658.60,79.99,0.00,61.21,278.90,0.98
2022-08-07T03:26:01.749408,59.00,10.84,658.60,79.99,0.00,60.99,278.21,0.97
2022-08-07T03:27:01.343667,59.00,10.66,658.60,79.99,0.00,60.87,276.30,0.97
2022-08-07T03:28:01.929711,58.00,10.70,658.60,79.99,0.00,60.83,275.52,0.97
2022-08-07T03:29:01.518709,62.00,10.70,658.60,79.99,0.00,60.86,274.96,0.97
2022-08-07T03:30:02.120852,51.00,10.70,658.60,79.99,0.00,60.94,275.07,0.97
2022-08-07T03:31:01.708190,63.00,10.84,658.60,79.99,0.00,60.76,276.08,0.97
2022-08-07T03:32:01.304460,62.00,10.66,658.60,79.99,0.00,60.57,276.19,0.97
2022-08-07T03:33:01.900808,58.00,10.66,658.60,79.99,0.00,60.57,274.41,0.97
2022-08-07T03:34:01.489591,51.00,10.84,658.60,79.99,0.00,60.35,274.07,0.97
2022-08-07T03:35:02.089132,63.00,10.88,658.60,79.99,0.00,60.42,272.86,0.97
2022-08-07T03:36:01.669121,57.00,10.66,658.60,79.99,0.00,60.34,271.99,0.97
2022-08-07T03:37:01.256085,61.00,10.88,658.60,79.99,0.00,60.39,270.79,0.97
2022-08-07T03:38:01.846161,56.00,10.70,658.60,79.99,0.00,60.38,271.55,0.97
2022-08-07T03:39:01.446872,57.00,10.66,658.60,79.99,0.00,60.17,272.21,0.97
2022-08-07T03:40:02.036787,59.00,10.70,658.60,79.99,0.00,60.23,271.99,0.97
2022-08-07T03:41:01.640716,55.00,10.84,658.60,79.99,0.00,60.20,273.96,0.98
2022-08-07T03:42:01.234105,55.00,10.66,658.60,79.99,0.00,60.13,270.79,0.97
2022-08-07T03:43:01.820956,62.00,11.05,658.60,79.99,0.00,60.14,273.63,0.97
2022-08-07T03:44:01.408426,60.00,10.70,658.60,79.99,0.00,59.91,274.52,0.98
2022-08-07T03:45:01.987842,55.00,10.66,658.60,79.99,0.00,60.12,275.18,0.98
2022-08-07T03:46:01.577201,60.00,10.76,658.60,79.99,0.00,60.01,276.19,0.98
2022-08-07T03:47:02.167244,57.00,10.88,658.60,79.99,0.00,60.03,275.96,0.97
2022-08-07T03:48:01.757109,58.00,10.84,658.60,79.99,0.00,58.83,272.75,0.97
2022-08-07T03:49:01.346654,57.00,11.05,658.60,79.99,0.00,59.98,277.09,0.98
2022-08-07T03:50:01.937090,62.00,10.84,658.60,79.99,0.00,59.88,277.76,0.97
2022-08-07T03:51:01.527049,62.00,10.66,658.60,79.99,0.00,59.78,276.41,0.98
2022-08-07T03:52:02.126576,59.00,10.88,658.60,79.99,0.00,59.90,276.97,0.98
2022-08-07T03:53:01.729092,60.00,10.84,658.60,79.99,0.00,59.86,279.35,0.98
2022-08-07T03:54:01.317748,62.00,10.88,658.60,79.99,0.00,59.75,279.58,0.98
2022-08-07T03:55:01.906668,56.00,10.70,658.60,79.99,0.00,59.95,281.30,0.98
2022-08-07T03:56:01.492420,62.00,10.84,658.60,79.99,0.00,59.95,282.69,0.98
2022-08-07T03:57:02.074802,57.00,10.84,658.60,79.99,0.00,59.94,283.51,0.98
2022-08-07T03:58:01.664417,58.00,10.84,658.60,79.99,0.00,59.75,284.57,0.98
2022-08-07T03:59:01.246525,58.00,10.88,658.60,79.99,0.00,59.68,283.51,0.98
2022-08-07T04:00:01.836864,65.00,10.70,658.60,79.99,0.00,59.63,284.45,0.98
2022-08-07T04:01:01.434679,59.00,10.70,658.60,79.99,0.00,59.53,282.93,0.98
2022-08-07T04:02:02.038909,63.00,10.94,658.60,79.99,0.00,59.67,284.33,0.98
2022-08-07T04:03:01.627797,58.00,10.88,658.60,79.99,0.00,59.56,281.88,0.98
2022-08-07T04:04:01.229458,58.00,11.05,658.60,79.99,0.00,59.44,286.10,0.98
2022-08-07T04:05:01.817824,63.00,10.88,658.60,79.99,0.00,59.45,286.10,0.98
2022-08-07T04:06:01.407384,56.00,10.88,658.60,79.99,0.00,59.41,285.98,0.98
2022-08-07T04:07:01.993097,60.00,10.66,658.60,79.99,0.00,59.48,286.34,0.98
2022-08-07T04:08:01.594136,61.00,10.88,658.60,79.99,0.00,59.46,289.46,0.98
2022-08-07T04:09:02.190888,58.00,10.84,658.60,79.99,0.00,59.41,290.19,0.98
2022-08-07T04:10:01.769561,57.00,10.88,658.60,79.99,0.00,59.46,287.89,0.98
2022-08-07T04:11:01.358504,58.00,10.84,658.60,79.99,0.00,59.36,291.04,0.98
2022-08-07T04:12:01.962517,60.00,10.94,658.60,79.99,0.00,59.23,291.53,0.98
2022-08-07T04:13:01.544750,62.00,10.84,658.60,79.99,0.00,59.33,292.02,0.98
2022-08-07T04:14:02.130093,60.00,10.88,658.60,79.99,0.00,59.32,292.27,0.98
2022-08-07T04:15:01.732323,57.00,11.10,658.60,79.99,0.00,59.14,292.27,0.98
2022-08-07T04:16:01.314991,64.00,10.88,658.60,79.99,0.00,59.27,295.62,0.98
2022-08-07T04:17:01.904335,59.00,10.88,658.60,79.99,0.00,59.26,296.25,0.98
2022-08-07T04:18:01.491391,62.00,10.70,658.60,79.99,0.00,59.13,295.25,0.98
2022-08-07T04:19:02.074154,57.00,10.88,658.60,79.99,0.00,59.11,297.90,0.99
2022-08-07T04:20:01.656680,54.00,10.84,658.60,79.99,0.00,59.02,297.52,0.99
2022-08-07T04:21:01.242077,63.00,11.10,658.60,79.99,0.00,58.94,296.76,0.99
2022-08-07T04:22:01.828165,57.00,10.84,658.60,79.99,0.00,58.86,295.12,0.98
2022-08-07T04:23:01.412015,62.00,10.94,658.60,79.99,0.00,58.72,293.26,0.98
2022-08-07T04:24:01.999453,63.00,10.88,658.60,79.99,0.00,58.80,293.13,0.98
2022-08-07T04:25:01.594271,58.00,11.10,658.60,79.99,0.00,58.79,292.76,0.98
2022-08-07T04:26:02.175470,64.00,11.15,658.60,79.99,0.00,58.82,293.63,0.98
2022-08-07T04:27:01.765768,60.00,11.10,658.60,79.99,0.00,58.79,293.88,0.98
2022-08-07T04:28:01.349352,60.00,10.88,658.60,79.99,0.00,58.63,293.88,0.98
2022-08-07T04:29:01.945780,61.00,11.10,658.60,79.99,0.00,58.51,292.51,0.98
2022-08-07T04:30:01.537299,60.00,11.05,658.60,79.99,0.00,58.39,293.38,0.99
2022-08-07T04:31:02.136796,61.00,10.88,658.60,79.99,0.00,58.46,294.50,0.99
2022-08-07T04:32:01.731865,62.00,10.94,658.60,79.99,0.00,58.33,291.41,0.98
2022-08-07T04:33:01.318840,57.00,11.10,658.60,79.99,0.00,58.37,291.53,0.99
2022-08-07T04:34:01.915640,57.00,11.10,658.60,79.99,0.00,58.41,291.41,0.98
2022-08-07T04:35:01.498198,66.00,10.88,658.60,79.99,0.00,58.34,293.88,0.98
2022-08-07T04:36:02.099616,59.00,11.10,658.60,79.99,0.89,58.33,293.01,0.99
2022-08-07T04:37:01.681394,56.00,10.88,658.60,79.99,0.00,58.42,294.75,0.99
2022-08-07T04:38:01.268137,62.00,10.94,658.60,79.99,0.89,58.30,295.25,0.99
2022-08-07T04:39:01.853207,61.00,11.15,658.60,79.99,0.89,58.42,295.37,0.99
2022-08-07T04:40:01.457384,59.00,11.15,658.60,79.99,0.89,58.42,296.76,0.99
2022-08-07T04:41:02.047283,61.00,11.15,658.60,79.99,0.89,57.97,294.00,0.98
2022-08-07T04:42:01.629243,52.00,10.94,658.60,79.99,0.89,58.35,296.63,0.99
2022-08-07T04:43:01.217514,61.00,10.94,658.60,79.99,0.89,58.39,300.84,0.99
2022-08-07T04:44:01.807673,61.00,10.88,658.60,79.99,0.89,58.42,303.71,0.99
2022-08-07T04:45:01.389602,56.00,10.88,658.60,79.99,0.89,58.26,303.84,0.99
2022-08-07T04:46:01.986875,56.00,10.94,658.60,79.99,0.89,58.19,303.97,0.99
2022-08-07T04:47:01.578013,62.00,11.15,658.60,79.99,0.89,58.09,304.63,0.99
2022-08-07T04:48:02.159729,61.00,11.15,658.60,79.99,0.89,58.14,305.56,0.99
2022-08-07T04:49:01.749818,59.00,10.94,658.60,79.99,0.89,58.07,304.89,0.99
2022-08-07T04:50:01.338735,57.00,11.10,658.60,79.99,0.89,58.09,304.37,0.99
2022-08-07T04:51:01.941774,58.00,11.10,658.60,79.99,0.89,58.17,305.69,0.99
2022-08-07T04:52:01.528866,61.00,11.10,658.60,79.99,0.00,58.06,305.16,0.99
2022-08-07T04:53:02.113466,63.00,11.10,658.60,79.99,0.00,57.98,303.71,0.99
2022-08-07T04:54:01.711376,65.00,11.10,658.60,79.99,0.00,58.13,304.50,0.99
2022-08-07T04:55:01.299479,61.00,10.94,658.60,79.99,0.00,58.09,305.42,0.99
2022-08-07T04:56:01.888467,64.00,10.94,658.60,79.99,0.00,58.10,306.89,1.00
2022-08-07T04:57:01.481349,58.00,11.10,658.60,79.99,0.00,57.94,306.89,0.99
2022-08-07T04:58:02.073811,64.00,11.15,658.60,79.99,0.00,58.02,307.96,1.00
2022-08-07T04:59:01.665759,58.00,10.88,658.60,79.99,0.00,57.85,306.75,1.00
2022-08-07T05:00:01.252606,64.00,11.15,658.60,79.99,0.00,57.81,306.75,1.00
2022-08-07T05:01:01.840723,65.00,11.15,658.60,79.99,0.00,57.85,306.89,1.00
2022-08-07T05:02:01.438038,62.00,11.15,658.60,79.99,0.00,57.67,306.75,1.00
2022-08-07T05:03:02.034447,55.00,10.88,658.60,79.99,0.00,57.80,306.62,1.00
2022-08-07T05:04:01.619780,56.00,11.10,658.60,79.99,0.00,57.73,306.09,1.00
2022-08-07T05:05:01.210154,59.00,11.15,658.60,79.99,0.00,57.65,304.89,0.99
2022-08-07T05:06:01.797800,63.00,11.15,658.60,79.99,0.00,57.65,306.35,1.00
2022-08-07T05:07:01.386654,62.00,11.15,658.60,79.99,0.00,57.57,306.09,1.00
2022-08-07T05:08:01.982053,51.00,11.15,658.60,79.99,0.00,57.59,307.69,1.00
2022-08-07T05:09:01.575684,55.00,11.15,658.60,79.99,0.00,57.69,307.56,1.00
2022-08-07T05:10:02.159128,57.00,11.15,658.60,79.99,0.00,57.57,309.58,1.00
2022-08-07T05:11:01.743627,62.00,11.15,658.60,79.99,0.00,57.61,311.49,1.00
2022-08-07T05:12:01.330273,61.00,11.15,658.60,79.99,0.00,57.60,311.76,1.00
2022-08-07T05:13:01.929571,58.00,11.15,658.60,79.99,0.00,57.44,311.35,1.00
2022-08-07T05:14:01.518659,55.00,11.15,658.60,79.99,0.00,57.47,311.62,1.00
2022-08-07T05:15:02.107502,57.00,11.15,658.60,79.99,0.00,57.35,311.62,1.00
2022-08-07T05:16:01.697269,67.00,10.94,658.60,79.99,0.00,57.26,311.76,1.00
2022-08-07T05:17:01.287350,62.00,11.33,658.60,79.99,0.00,57.38,312.45,1.00
2022-08-07T05:18:01.876668,59.00,11.15,658.60,79.99,0.00,57.29,313.00,1.00
2022-08-07T05:19:01.466661,55.00,10.94,658.60,79.99,0.00,57.08,312.45,1.00
2022-08-07T05:20:02.071076,59.00,10.94,658.60,79.99,0.00,57.33,313.14,1.00
2022-08-07T05:21:01.658264,60.00,11.15,658.60,79.99,0.00,57.27,314.94,1.00
2022-08-07T05:22:01.243925,59.00,11.15,658.60,79.99,0.00,57.34,316.06,1.00
2022-08-07T05:23:01.846141,61.00,11.15,658.60,79.99,0.00,57.33,314.25,1.00
2022-08-07T05:24:01.446203,60.00,11.10,658.60,79.99,0.00,57.27,313.28,1.00
2022-08-07T05:25:02.040614,60.00,10.94,658.60,79.99,0.00,57.17,315.78,1.00
2022-08-07T05:26:01.609989,61.00,11.15,658.60,79.99,1.16,57.01,314.25,1.00
2022-08-07T05:27:02.198421,60.00,11.15,658.60,79.99,1.16,56.95,309.58,1.00
2022-08-07T05:28:01.795320,63.00,11.10,658.60,79.99,1.16,57.03,304.50,1.00
2022-08-07T05:29:01.381431,58.00,10.94,658.60,79.99,1.16,56.86,301.75,0.99
2022-08-07T05:30:01.970308,62.00,11.15,658.60,79.99,0.41,56.89,310.94,1.00
2022-08-07T05:31:01.566514,55.00,11.19,658.60,79.99,0.47,56.83,313.28,1.00
2022-08-07T05:32:02.156562,62.00,11.15,658.60,79.99,0.47,57.04,312.86,1.00
2022-08-07T05:33:01.745685,59.00,10.88,658.60,79.99,2.32,56.94,314.11,1.00
2022-08-07T05:34:01.342013,55.00,11.15,658.60,79.99,0.47,56.99,314.53,1.00
2022-08-07T05:35:01.919782,63.00,11.15,658.60,79.99,0.47,56.99,315.36,1.01
2022-08-07T05:36:01.500733,61.00,11.15,658.60,79.99,0.47,56.98,312.86,1.00
2022-08-07T05:37:02.079654,63.00,11.15,658.60,79.99,0.47,56.99,314.81,1.01
2022-08-07T05:38:01.662965,60.00,11.33,658.60,79.99,0.47,56.89,315.50,1.01
2022-08-07T05:39:01.246433,56.00,11.50,658.60,79.99,1.35,56.87,317.19,1.01
2022-08-07T05:40:01.836310,59.00,11.15,658.60,79.99,0.53,56.81,314.25,1.00
2022-08-07T05:41:01.417443,62.00,11.15,658.60,79.99,1.35,56.74,316.21,1.01
2022-08-07T05:42:02.006421,60.00,11.15,658.60,79.99,1.35,56.74,317.90,1.01
2022-08-07T05:43:01.596561,58.00,11.33,658.60,79.99,0.53,56.41,318.04,1.01
2022-08-07T05:44:02.186652,53.00,11.15,658.60,79.99,0.53,56.79,319.90,1.01
2022-08-07T05:45:01.775858,64.00,11.19,658.60,79.99,0.53,56.73,321.91,1.01
2022-08-07T05:46:01.366038,58.00,11.15,658.60,79.99,0.53,56.67,321.62,1.01
2022-08-07T05:47:01.952414,51.00,11.15,658.60,79.99,0.53,56.64,321.34,1.01
2022-08-07T05:48:01.533321,58.00,11.15,658.60,79.99,1.35,56.68,320.33,1.01
2022-08-07T05:49:02.120043,57.00,11.15,658.60,79.99,1.35,56.61,322.35,1.01
2022-08-07T05:50:01.722160,60.00,11.15,658.60,79.99,1.35,56.51,320.76,1.01
2022-08-07T05:51:01.304664,59.00,11.24,658.60,79.99,0.53,56.64,321.91,1.01
2022-08-07T05:52:01.895435,63.00,11.15,658.60,79.99,0.83,56.65,321.19,1.01
2022-08-07T05:53:01.491451,63.00,11.33,658.60,79.99,0.83,56.72,320.76,1.01
2022-08-07T05:54:02.076960,60.00,11.15,658.60,79.99,0.89,56.59,319.61,1.01
2022-08-07T05:55:01.662876,62.00,11.15,658.60,79.99,0.89,56.61,319.47,1.01
2022-08-07T05:56:01.245852,64.00,11.33,658.60,79.99,0.83,56.72,322.79,1.01
2022-08-07T05:57:01.835785,59.00,11.15,658.60,79.99,0.83,56.72,320.33,1.01
2022-08-07T05:58:01.417405,61.00,11.15,658.60,79.99,0.89,56.54,325.72,1.01
2022-08-07T05:59:01.998221,56.00,11.10,658.60,79.99,0.89,56.28,322.93,1.01
2022-08-07T06:00:01.586283,59.00,11.33,658.60,79.99,0.89,56.56,325.42,1.01
2022-08-07T06:01:02.176636,57.00,10.94,658.60,79.99,0.89,56.50,326.02,1.02
2022-08-07T06:02:01.763132,66.00,11.19,658.60,79.99,0.83,56.46,326.02,1.01
2022-08-07T06:03:01.349394,60.00,11.50,658.60,79.99,0.89,56.55,327.35,1.02
2022-08-07T06:04:01.951049,58.00,11.15,658.60,79.99,2.69,55.90,323.08,1.01
2022-08-07T06:05:01.542924,67.00,11.33,658.60,79.99,2.69,56.32,326.91,1.01
2022-08-07T06:06:02.129865,59.00,11.15,658.60,79.99,1.30,56.28,323.95,1.01
2022-08-07T06:07:01.717878,58.00,11.15,658.60,79.99,1.30,56.24,320.90,1.01
2022-08-07T06:08:01.301406,62.00,11.19,658.60,79.99,2.69,56.31,322.93,1.01
2022-08-07T06:09:01.881342,65.00,11.37,658.60,79.99,0.89,56.20,321.05,1.01
2022-08-07T06:10:01.478726,61.00,11.24,658.60,79.99,0.53,56.26,321.05,1.01
2022-08-07T06:11:02.067827,64.00,11.15,658.60,79.99,0.47,56.38,324.10,1.01
2022-08-07T06:12:01.657527,63.00,11.15,658.60,79.99,0.47,56.34,325.72,1.02
2022-08-07T06:13:01.246988,60.00,11.33,658.60,79.99,0.47,56.31,325.72,1.02
2022-08-07T06:14:01.836199,60.00,11.15,658.60,79.99,1.35,56.26,325.72,1.01
2022-08-07T06:15:01.417097,63.00,11.15,658.60,79.99,0.47,56.23,327.65,1.02
2022-08-07T06:16:02.002683,56.00,11.19,658.60,79.99,0.47,56.18,328.55,1.02
2022-08-07T06:17:01.590706,61.00,11.15,658.60,79.99,0.47,56.08,327.80,1.02
2022-08-07T06:18:02.178312,54.00,11.15,658.60,79.99,0.47,56.14,328.40,1.01
2022-08-07T06:19:01.762658,60.00,11.15,658.60,79.99,0.47,56.09,325.57,1.01
2022-08-07T06:20:01.352149,64.00,11.15,658.60,79.99,0.47,56.09,327.35,1.02
2022-08-07T06:21:01.941050,62.00,11.15,658.60,79.99,0.47,56.15,326.31,1.02
2022-08-07T06:22:01.528853,54.00,11.50,658.60,79.99,0.47,56.05,328.40,1.02
2022-08-07T06:23:02.118338,57.00,11.42,658.60,79.99,2.32,55.91,326.02,1.02
2022-08-07T06:24:01.713278,65.00,11.33,658.60,79.99,2.32,55.95,327.05,1.02
2022-08-07T06:25:01.299790,62.00,11.50,658.60,79.99,0.41,55.89,328.55,1.01
2022-08-07T06:26:01.893104,62.00,11.19,658.60,79.99,2.32,55.89,329.15,1.02
2022-08-07T06:27:01.486186,62.00,11.24,658.60,79.99,2.32,55.78,330.81,1.02
2022-08-07T06:28:02.071087,61.00,11.37,658.60,79.99,2.32,55.72,329.60,1.02
2022-08-07T06:29:01.659598,57.00,11.55,658.60,79.99,2.32,55.71,330.21,1.02
2022-08-07T06:30:01.248353,60.00,11.24,658.60,79.99,0.47,55.75,331.27,1.02
2022-08-07T06:31:01.838111,60.00,11.50,658.60,79.99,0.47,55.78,328.70,1.01
2022-08-07T06:32:01.418296,59.00,11.50,658.60,79.99,1.35,55.67,329.45,1.02
2022-08-07T06:33:02.007573,61.00,11.37,658.60,79.99,0.53,55.67,330.66,1.02
2022-08-07T06:34:01.610518,61.00,11.37,658.60,79.99,0.83,55.67,331.27,1.02
2022-08-07T06:35:02.197564,60.00,11.19,658.60,79.99,0.89,55.73,331.73,1.02
2022-08-07T06:36:01.786012,62.00,11.15,658.60,79.99,2.69,55.61,328.70,1.02
2022-08-07T06:37:01.369026,55.00,11.33,658.60,79.99,1.36,55.66,330.66,1.02
2022-08-07T06:38:01.957602,56.00,11.42,658.60,79.99,1.48,55.64,332.03,1.02
2022-08-07T06:39:01.546112,57.00,11.42,658.60,79.99,1.48,55.70,333.72,1.02
2022-08-07T06:40:02.144439,60.00,11.50,658.60,79.99,1.48,55.70,332.34,1.02
2022-08-07T06:41:01.735996,62.00,11.24,658.60,79.99,2.13,55.61,331.27,1.02
2022-08-07T06:42:01.324864,60.00,11.33,658.60,79.99,2.90,55.54,333.57,1.02
2022-08-07T06:43:01.920988,54.00,11.33,658.60,79.99,3.44,55.38,330.36,1.02
2022-08-07T06:44:01.501666,63.00,11.19,658.60,79.99,3.91,55.28,329.75,1.02
2022-08-07T06:45:02.079944,59.00,11.24,658.60,79.99,4.56,55.30,329.90,1.02
2022-08-07T06:46:01.669302,53.00,11.50,658.60,79.99,4.68,55.28,329.15,1.02
2022-08-07T06:47:01.250964,58.00,11.33,658.60,79.99,4.74,55.28,329.00,1.02
2022-08-07T06:48:01.847527,61.00,11.33,658.60,79.99,5.04,55.27,328.55,1.02
2022-08-07T06:49:01.444911,58.00,11.37,658.60,79.99,5.04,55.14,328.40,1.02
2022-08-07T06:50:02.035379,64.00,11.33,658.60,79.99,4.74,55.10,326.61,1.02
2022-08-07T06:51:01.626762,52.00,11.55,658.60,79.99,4.74,55.15,328.70,1.02
2022-08-07T06:52:01.212113,64.00,11.15,658.60,79.99,5.04,55.03,328.55,1.02
2022-08-07T06:53:01.799442,65.00,11.19,658.60,79.99,5.10,54.90,325.87,1.02
2022-08-07T06:54:01.397757,53.00,11.15,658.60,79.99,5.45,54.82,325.87,1.02
2022-08-07T06:55:01.991575,60.00,11.15,658.60,79.99,5.51,54.80,325.57,1.02
2022-08-07T06:56:01.579145,57.00,11.15,658.60,79.99,5.33,54.75,322.79,1.02
2022-08-07T06:57:02.160722,61.00,11.19,658.60,79.99,5.63,54.70,323.08,1.02
2022-08-07T06:58:01.763895,60.00,11.33,658.60,79.99,5.63,54.70,324.54,1.02
2022-08-07T06:59:01.354669,64.00,11.55,658.60,79.99,5.93,54.70,322.79,1.02
2022-08-07T07:00:01.936433,62.00,11.15,658.60,79.99,5.98,54.75,324.69,1.02
2022-08-07T07:01:01.525309,55.00,11.19,658.60,79.99,6.28,54.73,324.39,1.02
2022-08-07T07:02:02.124779,62.00,11.15,658.60,79.99,6.04,54.87,323.66,1.02
2022-08-07T07:03:01.728063,56.00,11.33,658.60,79.99,6.10,54.78,324.83,1.02
2022-08-07T07:04:01.317891,52.00,11.15,658.60,79.99,6.40,54.83,323.81,1.02
2022-08-07T07:05:01.904653,63.00,11.55,658.60,79.99,6.76,54.98,325.57,1.02
2022-08-07T07:06:01.492309,58.00,11.33,658.60,79.99,6.76,54.98,324.10,1.02
2022-08-07T07:07:02.075701,59.00,11.15,658.60,79.99,6.76,54.78,325.42,1.02
2022-08-07T07:08:01.661338,55.00,11.15,658.60,79.99,6.52,54.82,325.72,1.03
2022-08-07T07:09:01.244603,68.00,11.33,658.60,79.99,6.52,54.82,327.35,1.03
2022-08-07T07:10:01.830886,60.00,11.15,658.60,79.99,6.81,54.74,327.50,1.03
2022-08-07T07:11:01.429154,59.00,11.33,658.60,79.99,6.81,54.68,324.98,1.02
2022-08-07T07:12:02.017786,58.00,11.15,658.60,79.99,6.81,54.62,325.28,1.03
2022-08-07T07:13:01.599054,58.00,11.15,658.60,79.99,6.58,54.58,324.39,1.02
2022-08-07T07:14:02.196015,58.00,11.15,658.60,79.99,6.58,54.49,323.66,1.03
2022-08-07T07:15:01.790456,61.00,11.15,658.60,79.99,6.58,54.43,323.95,1.02
2022-08-07T07:16:01.372307,57.00,11.15,658.60,79.99,6.58,54.28,322.06,1.02
2022-08-07T07:17:01.969396,64.00,11.15,658.60,79.99,6.58,54.17,321.62,1.02
2022-08-07T07:18:01.557877,54.00,11.10,658.60,79.99,6.58,54.10,321.19,1.02
2022-08-07T07:19:02.147551,63.00,11.15,658.60,79.99,6.58,54.06,320.47,1.02
2022-08-07T07:20:01.740593,58.00,10.94,658.60,79.99,6.58,54.12,321.34,1.03
2022-08-07T07:21:01.328177,55.00,11.15,658.60,79.99,6.58,54.09,321.19,1.03
2022-08-07T07:22:01.926666,67.00,11.15,658.60,79.99,6.58,54.02,320.33,1.03
2022-08-07T07:23:01.517040,63.00,11.15,658.60,79.99,6.58,54.01,319.90,1.03
2022-08-07T07:24:02.105998,58.00,11.15,658.60,79.99,6.58,54.04,320.61,1.02
2022-08-07T07:25:01.695268,57.00,11.15,658.60,79.99,6.58,53.93,320.33,1.02
2022-08-07T07:26:01.301392,61.00,10.94,658.60,79.99,6.81,53.95,320.18,1.03
2022-08-07T07:27:01.888594,60.00,11.15,658.60,79.99,6.52,53.90,320.76,1.03
2022-08-07T07:28:01.478640,57.00,11.15,658.60,79.99,6.52,53.80,319.18,1.03
2022-08-07T07:29:02.067856,60.00,10.94,658.60,79.99,6.52,53.87,319.75,1.03
2022-08-07T07:30:01.657280,63.00,10.94,658.60,79.99,6.52,53.79,318.61,1.03
2022-08-07T07:31:01.256283,57.00,11.15,658.60,79.99,6.52,53.88,320.18,1.03
2022-08-07T07:32:01.838761,56.00,11.10,658.60,79.99,6.52,53.79,317.47,1.03
2022-08-07T07:33:01.418826,59.00,11.15,658.60,79.99,6.52,53.88,318.75,1.03
2022-08-07T07:34:02.004129,60.00,10.88,658.60,79.99,6.76,53.96,319.04,1.03
2022-08-07T07:35:01.591470,57.00,11.10,658.60,79.99,6.76,53.84,317.19,1.03
2022-08-07T07:36:02.169696,62.00,10.88,658.60,79.99,6.76,53.90,318.90,1.03
2022-08-07T07:37:01.758054,59.00,10.88,658.60,79.99,6.76,53.91,318.04,1.03
2022-08-07T07:38:01.344485,57.00,11.10,658.60,79.99,6.76,53.94,317.76,1.03
2022-08-07T07:39:01.939533,62.00,10.94,658.60,79.99,6.76,53.90,316.06,1.04
2022-08-07T07:40:01.523544,54.00,11.10,658.60,79.99,6.76,53.91,315.22,1.03
2022-08-07T07:41:02.121155,56.00,11.15,658.60,79.99,6.76,53.95,316.06,1.04
2022-08-07T07:42:01.712766,66.00,11.10,658.60,79.99,6.76,53.88,314.25,1.04
2022-08-07T07:43:01.285211,57.00,10.88,658.60,79.99,6.76,53.94,314.81,1.04
2022-08-07T07:44:01.870548,59.00,10.94,658.60,79.99,6.76,53.91,314.25,1.04
2022-08-07T07:45:01.457464,60.00,10.84,658.60,79.99,6.76,53.90,311.76,1.04
2022-08-07T07:46:02.046979,63.00,11.10,658.60,79.99,6.76,53.73,312.17,1.04
2022-08-07T07:47:01.636687,62.00,10.88,658.60,79.99,6.76,53.79,312.04,1.04
2022-08-07T07:48:01.231148,59.00,10.94,658.60,79.99,6.76,53.71,310.67,1.04
2022-08-07T07:49:01.819603,57.00,10.76,658.60,79.99,6.52,53.88,310.39,1.04
2022-08-07T07:50:01.409127,57.00,11.10,658.60,79.99,6.52,53.83,310.67,1.04
2022-08-07T07:51:01.999045,59.00,10.94,658.60,79.99,6.81,53.91,310.67,1.04
2022-08-07T07:52:01.589002,58.00,10.94,658.60,79.99,6.81,53.96,311.35,1.04
2022-08-07T07:53:02.193695,60.00,10.88,658.60,79.99,7.11,54.01,310.39,1.04
2022-08-07T07:54:01.781479,56.00,11.10,658.60,79.99,7.11,53.99,309.58,1.04
2022-08-07T07:55:01.368805,54.00,10.84,658.60,79.99,6.87,53.96,309.58,1.04
2022-08-07T07:56:01.955933,56.00,10.49,658.60,79.99,7.17,54.06,310.80,1.05
2022-08-07T07:57:01.561519,59.00,10.66,658.60,79.99,7.17,54.06,308.36,1.04
2022-08-07T07:58:02.149549,57.00,10.66,658.60,79.99,7.47,54.05,306.62,1.04
2022-08-07T07:59:01.739517,62.00,10.76,658.60,79.99,7.47,54.02,308.09,1.05
2022-08-07T08:00:01.326807,67.00,10.84,658.60,79.99,7.53,54.01,305.42,1.04
2022-08-07T08:01:01.912458,59.00,10.70,658.60,79.99,7.53,54.00,305.29,1.05
2022-08-07T08:02:01.500574,60.00,10.66,658.60,79.99,7.58,54.04,305.03,1.05
2022-08-07T08:03:02.079726,58.00,10.76,658.60,79.99,7.88,54.02,303.84,1.05
2022-08-07T08:04:01.664725,55.00,10.76,658.60,79.99,8.18,53.99,300.97,1.05
2022-08-07T08:05:01.250575,56.00,10.88,658.60,79.99,8.30,54.05,300.07,1.05
2022-08-07T08:06:01.843373,62.00,10.66,658.60,79.99,8.53,54.04,299.81,1.05
2022-08-07T08:07:01.450078,60.00,10.70,658.60,79.99,8.30,54.06,299.30,1.05
2022-08-07T08:08:02.029428,56.00,10.66,658.60,79.99,8.30,54.18,297.14,1.05
2022-08-07T08:09:01.618699,58.00,10.66,658.60,79.99,8.59,54.15,294.37,1.05
2022-08-07T08:10:02.202236,61.00,10.66,658.60,79.99,8.59,54.22,299.81,1.05
2022-08-07T08:11:01.788762,58.00,10.66,658.60,79.99,8.65,54.26,299.56,1.05
2022-08-07T08:12:01.379830,59.00,10.66,658.60,79.99,8.95,54.32,299.30,1.06
2022-08-07T08:13:01.965820,63.00,10.66,658.60,79.99,8.95,54.37,297.52,1.06
2022-08-07T08:14:01.571839,57.00,10.78,658.60,79.99,9.01,54.47,298.40,1.06
2022-08-07T08:15:02.159684,59.00,10.66,658.60,79.99,9.30,54.52,298.02,1.06
2022-08-07T08:16:01.741018,59.00,10.88,658.60,79.99,9.36,54.44,296.25,1.06
2022-08-07T08:17:01.341949,61.00,10.66,658.60,79.99,9.36,54.59,296.38,1.06
2022-08-07T08:18:01.919729,56.00,10.66,658.60,79.99,9.66,54.53,294.12,1.06
2022-08-07T08:19:01.499665,63.00,10.66,658.60,79.99,9.72,54.56,293.50,1.06
2022-08-07T08:20:02.078829,61.00,10.61,658.60,79.99,9.72,54.60,289.95,1.06
2022-08-07T08:21:01.663617,59.00,10.78,658.60,79.99,12.61,54.36,289.46,1.06
2022-08-07T08:22:01.250115,61.00,10.66,658.60,79.99,10.07,54.49,290.68,1.06
2022-08-07T08:23:01.848919,58.00,10.66,658.60,79.99,10.07,54.51,289.82,1.06
2022-08-07T08:24:01.434598,61.00,10.66,658.60,79.99,10.07,54.57,288.74,1.06
2022-08-07T08:25:02.020575,62.00,10.66,658.60,79.99,11.64,54.53,287.65,1.06
2022-08-07T08:26:01.602056,59.00,10.45,658.60,79.99,10.13,54.52,287.30,1.06
2022-08-07T08:27:02.189219,58.00,10.45,658.60,79.99,10.13,54.52,285.27,1.06
2022-08-07T08:28:01.788587,59.00,10.84,658.60,79.99,10.66,54.48,283.16,1.06
2022-08-07T08:29:01.377917,59.00,10.66,658.60,79.99,10.66,54.48,280.84,1.06
2022-08-07T08:30:01.968293,63.00,10.66,658.60,79.99,10.66,54.44,282.00,1.06
2022-08-07T08:31:01.560201,55.00,10.45,658.60,79.99,10.66,54.44,280.73,1.06
2022-08-07T08:32:02.149380,62.00,10.61,658.60,79.99,10.66,54.38,279.01,1.06
2022-08-07T08:33:01.734208,65.00,10.39,658.60,79.99,10.66,54.32,277.31,1.06
2022-08-07T08:34:01.321023,64.00,10.66,658.60,79.99,10.66,54.31,276.19,1.06
2022-08-07T08:35:01.902011,58.00,10.22,658.60,79.99,10.66,54.31,275.85,1.06
2022-08-07T08:36:01.489634,61.00,10.66,658.60,79.99,10.66,54.38,274.52,1.06
2022-08-07T08:37:02.072948,59.00,10.45,658.60,79.99,10.13,54.41,274.52,1.06
2022-08-07T08:38:01.650769,63.00,10.45,658.60,79.99,10.13,54.41,273.08,1.06
2022-08-07T08:39:01.243280,60.00,10.66,658.60,79.99,10.13,54.39,273.08,1.06
2022-08-07T08:40:01.843567,63.00,10.66,658.60,79.99,10.13,54.41,271.22,1.06
2022-08-07T08:41:01.420395,57.00,10.61,658.60,79.99,10.07,54.44,270.68,1.06
2022-08-07T08:42:02.013973,57.00,10.45,658.60,79.99,10.07,54.39,269.71,1.06
2022-08-07T08:43:01.611230,62.00,10.22,658.60,79.99,10.07,54.33,268.74,1.06
2022-08-07T08:44:02.208642,61.00,10.39,658.60,79.99,10.07,54.36,267.04,1.06
2022-08-07T08:45:01.788252,61.00,10.27,658.60,79.99,10.07,54.38,266.20,1.06
2022-08-07T08:46:01.386646,60.00,10.66,658.60,79.99,10.07,54.41,266.62,1.06
2022-08-07T08:47:01.981150,57.00,10.45,658.60,79.99,12.61,54.44,265.67,1.06
2022-08-07T08:48:01.568819,65.00,10.17,658.60,79.99,9.72,54.48,264.83,1.06
2022-08-07T08:49:02.153985,62.00,10.22,658.60,79.99,9.72,54.53,264.21,1.07
2022-08-07T08:50:01.740179,62.00,10.61,658.60,79.99,9.42,54.63,263.58,1.07
2022-08-07T08:51:01.328384,59.00,10.45,658.60,79.99,9.42,54.69,263.48,1.07
2022-08-07T08:52:01.912913,63.00,10.22,658.60,79.99,9.36,54.75,261.94,1.07
2022-08-07T08:53:01.503447,60.00,10.39,658.60,79.99,9.36,54.80,261.73,1.07
2022-08-07T08:54:02.100796,58.00,10.61,658.60,79.99,9.07,54.90,261.83,1.07
2022-08-07T08:55:01.695791,55.00,10.56,658.60,79.99,9.30,54.95,260.61,1.07
2022-08-07T08:56:01.299019,58.00,10.61,658.60,79.99,9.01,54.98,261.12,1.07
2022-08-07T08:57:01.892528,61.00,10.22,658.60,79.99,9.01,55.04,259.39,1.07
2022-08-07T08:58:01.483308,63.00,10.39,658.60,79.99,8.95,55.13,258.99,1.07
2022-08-07T08:59:02.069444,62.00,10.17,658.60,79.99,8.95,55.15,257.49,1.07
2022-08-07T09:00:01.657707,59.00,10.17,658.60,79.99,8.65,55.25,258.29,1.08
2022-08-07T09:01:01.242693,62.00,10.27,658.60,79.99,8.59,55.12,256.10,1.08
2022-08-07T09:02:01.839980,58.00,10.35,658.60,79.99,8.59,55.34,256.20,1.08
2022-08-07T09:03:01.437631,64.00,10.27,658.60,79.99,8.30,55.38,253.16,1.07
2022-08-07T09:04:02.036255,60.00,10.17,658.60,79.99,8.30,55.42,253.84,1.08
2022-08-07T09:05:01.625793,60.00,10.39,658.60,79.99,8.30,55.38,252.19,1.08
2022-08-07T09:06:01.216425,59.00,10.17,658.60,79.99,8.18,55.37,251.71,1.08
2022-08-07T09:07:01.805660,59.00,10.17,658.60,79.99,7.88,55.51,250.66,1.08
2022-08-07T09:08:01.390090,65.00,10.35,658.60,79.99,7.82,55.48,248.95,1.08
2022-08-07T09:09:01.982525,59.00,10.13,658.60,79.99,7.82,55.52,247.35,1.08
2022-08-07T09:10:01.569203,55.00,10.17,658.60,79.99,7.76,55.51,246.80,1.08
2022-08-07T09:11:02.153907,63.00,10.35,658.60,79.99,7.47,55.54,245.87,1.08
2022-08-07T09:12:01.741294,62.00,10.17,658.60,79.99,7.47,55.61,245.04,1.08
2022-08-07T09:13:01.329361,61.00,10.17,658.60,79.99,7.41,55.59,243.85,1.08
2022-08-07T09:14:01.913628,60.00,10.17,658.60,79.99,7.11,55.63,242.85,1.08
2022-08-07T09:15:01.497090,59.00,10.13,658.60,79.99,7.35,55.61,242.12,1.08
2022-08-07T09:16:02.078803,62.00,10.17,658.60,79.99,7.05,55.73,240.15,1.08
2022-08-07T09:17:01.670365,57.00,10.22,658.60,79.99,7.05,55.71,239.18,1.08
2022-08-07T09:18:01.250790,58.00,10.17,658.60,79.99,6.99,55.77,239.80,1.08
2022-08-07T09:19:01.853302,60.00,10.17,658.60,79.99,6.99,55.81,239.27,1.08
2022-08-07T09:20:01.449999,57.00,10.17,658.60,79.99,6.99,55.78,238.56,1.08
2022-08-07T09:21:02.040529,66.00,10.17,658.60,79.99,7.05,55.81,237.25,1.08
2022-08-07T09:22:01.628506,60.00,9.95,658.60,79.99,7.05,55.89,235.51,1.08
2022-08-07T09:23:01.226372,55.00,10.17,658.60,79.99,7.11,55.86,235.17,1.08
2022-08-07T09:24:01.816445,61.00,10.17,658.60,79.99,7.41,56.06,235.34,1.08
2022-08-07T09:25:01.405930,59.00,10.17,658.60,79.99,7.41,56.09,235.08,1.09
2022-08-07T09:26:01.998867,62.00,10.17,658.60,79.99,7.47,56.17,235.34,1.09
2022-08-07T09:27:01.588470,61.00,10.17,658.60,79.99,7.76,56.29,236.55,1.09
2022-08-07T09:28:02.179492,62.00,10.17,658.60,79.99,7.88,56.28,234.65,1.09
2022-08-07T09:29:01.767013,60.00,10.17,658.60,79.99,8.30,56.31,232.95,1.09
2022-08-07T09:30:01.355672,57.00,9.99,658.60,79.99,8.59,56.32,231.10,1.08
2022-08-07T09:31:01.955457,61.00,10.17,658.60,79.99,9.36,56.27,230.93,1.09
2022-08-07T09:32:01.536946,59.00,10.17,658.60,79.99,10.13,56.14,229.02,1.09
2022-08-07T09:33:02.126024,56.00,10.07,658.60,79.99,10.67,56.24,226.89,1.08
2022-08-07T09:34:01.720157,58.00,9.99,658.60,79.99,12.19,56.14,227.06,1.08
2022-08-07T09:35:01.291848,57.00,9.95,658.60,79.99,11.73,56.13,226.57,1.08
2022-08-07T09:36:01.878334,63.00,10.17,658.60,79.99,12.50,56.08,225.28,1.08
2022-08-07T09:37:01.469256,55.00,9.90,658.60,79.99,14.87,56.11,225.60,1.08
2022-08-07T09:38:02.060348,61.00,9.90,658.60,79.99,19.61,56.15,225.84,1.08
2022-08-07T09:39:01.649725,61.00,9.95,658.60,79.99,22.99,56.09,224.32,1.08
2022-08-07T09:40:01.238581,62.00,9.74,658.60,79.99,27.38,56.04,223.60,1.08
2022-08-07T09:41:01.827840,64.00,9.90,658.60,79.99,33.90,56.04,223.13,1.08
2022-08-07T09:42:01.412402,63.00,9.90,658.60,79.99,50.40,55.95,222.26,1.08
2022-08-07T09:43:01.995219,59.00,9.68,658.60,79.99,61.54,55.89,220.78,1.08
2022-08-07T09:44:01.589436,62.00,9.68,658.60,79.99,67.11,55.80,219.54,1.08
2022-08-07T09:45:02.177448,60.00,9.64,658.60,79.99,74.64,55.78,218.62,1.08
2022-08-07T09:46:01.768439,60.00,9.50,658.60,79.99,73.79,55.63,217.40,1.07
2022-08-07T09:47:01.357070,60.00,9.24,658.60,79.99,75.69,55.51,217.25,1.07
2022-08-07T09:48:01.961068,58.00,9.42,658.60,79.99,81.68,55.35,214.47,1.07
2022-08-07T09:49:01.547273,62.00,9.33,658.60,79.99,85.35,55.13,214.77,1.07
2022-08-07T09:50:02.136742,55.00,9.24,658.60,79.99,85.91,55.05,212.78,1.07
2022-08-07T09:51:01.726516,60.00,9.24,658.60,79.99,87.25,54.88,212.12,1.07
2022-08-07T09:52:01.311783,61.00,8.97,658.60,79.99,82.37,54.70,210.67,1.07
2022-08-07T09:53:01.892561,61.00,8.97,658.60,79.99,90.74,54.54,209.95,1.06
2022-08-07T09:54:01.484453,55.00,8.75,658.60,79.99,90.92,54.31,209.59,1.06
2022-08-07T09:55:02.070221,63.00,8.97,658.60,79.99,94.04,54.22,208.38,1.06
2022-08-07T09:56:01.658835,55.00,8.79,658.60,79.99,93.06,54.12,208.88,1.06
2022-08-07T09:57:01.247367,58.00,8.93,658.60,79.99,91.72,53.93,208.09,1.06
2022-08-07T09:58:01.831220,61.00,8.75,658.60,79.99,89.21,53.83,207.18,1.06
2022-08-07T09:59:01.414857,59.00,8.75,658.60,79.99,90.00,53.63,205.50,1.06
2022-08-07T10:00:01.998807,61.00,8.75,658.60,79.99,82.53,53.61,206.48,1.06
2022-08-07T10:01:01.587522,61.00,8.75,658.60,79.99,81.37,53.46,205.43,1.05
2022-08-07T10:02:02.175806,64.00,8.93,658.60,79.99,82.96,53.34,205.02,1.06
2022-08-07T10:03:01.764881,60.00,8.75,658.60,79.99,79.65,53.17,205.22,1.06
2022-08-07T10:04:01.355427,55.00,8.70,658.60,79.99,86.44,53.14,204.67,1.05
2022-08-07T10:05:01.956307,58.00,8.54,658.60,79.99,83.75,53.01,203.23,1.05
2022-08-07T10:06:01.545944,64.00,8.54,658.60,79.99,73.35,52.88,203.44,1.05
2022-08-07T10:07:02.132344,59.00,8.70,658.60,79.99,67.17,52.81,202.62,1.05
2022-08-07T10:08:01.727790,61.00,8.30,658.60,79.99,59.83,52.58,202.89,1.05
2022-08-07T10:09:01.317032,64.00,8.54,658.60,79.99,51.75,52.44,203.30,1.05
2022-08-07T10:10:01.899896,63.00,8.26,658.60,79.99,48.14,52.30,202.48,1.05
2022-08-07T10:11:01.499744,61.00,8.70,658.60,79.99,45.68,52.22,202.01,1.05
2022-08-07T10:12:02.079576,61.00,8.48,658.60,79.99,43.60,52.25,202.28,1.04
2022-08-07T10:13:01.660273,62.00,8.70,658.60,79.99,34.91,51.99,201.54,1.04
2022-08-07T10:14:01.244725,59.00,8.70,658.60,79.99,36.13,52.07,202.28,1.04
2022-08-07T10:15:01.829921,57.00,8.75,658.60,79.99,30.32,52.11,202.69,1.05
2022-08-07T10:16:01.419385,60.00,8.75,658.60,79.99,26.67,52.00,202.01,1.04
2022-08-07T10:17:02.011383,55.00,8.36,658.60,79.99,27.81,51.94,200.53,1.04
2022-08-07T10:18:01.600153,58.00,8.75,658.60,79.99,29.95,51.94,201.20,1.04
2022-08-07T10:19:02.180714,61.00,8.97,658.60,79.99,29.95,51.83,200.67,1.04
2022-08-07T10:20:01.769500,54.00,8.75,658.60,79.99,26.65,51.68,199.40,1.04
2022-08-07T10:21:01.360901,63.00,8.75,658.60,79.99,29.58,51.72,199.80,1.04
2022-08-07T10:22:01.931338,61.00,8.75,658.60,79.99,26.28,51.68,201.00,1.04
2022-08-07T10:23:01.515404,57.00,8.75,658.60,79.99,27.26,51.66,201.20,1.04
2022-08-07T10:24:02.117558,58.00,8.75,658.60,79.99,27.07,51.27,199.54,1.04
2022-08-07T10:25:01.708338,64.00,8.75,658.60,79.99,31.17,51.55,200.73,1.04
2022-08-07T10:26:01.315716,59.00,8.75,658.60,79.99,30.01,51.50,201.00,1.04
2022-08-07T10:27:01.907142,61.00,8.75,658.60,79.99,27.50,51.35,199.34,1.04
2022-08-07T10:28:01.498244,56.00,8.97,658.60,79.99,27.68,51.36,199.87,1.03
2022-08-07T10:29:02.080880,59.00,8.93,658.60,79.99,26.15,51.31,199.60,1.04
2022-08-07T10:30:01.666921,54.00,8.75,658.60,79.99,20.15,51.15,198.81,1.03
2022-08-07T10:31:01.250441,58.00,8.75,658.60,79.99,25.78,51.20,200.60,1.03
2022-08-07T10:32:01.834939,67.00,8.93,658.60,79.99,24.99,51.20,200.53,1.03
2022-08-07T10:33:01.432099,60.00,8.79,658.60,79.99,25.78,51.11,199.73,1.03
2022-08-07T10:34:02.020703,55.00,8.97,658.60,79.99,23.51,51.08,199.01,1.03
2022-08-07T10:35:01.609811,63.00,8.75,658.60,79.99,26.08,51.07,199.80,1.03
2022-08-07T10:36:02.192794,59.00,8.93,658.60,79.99,26.63,51.08,200.47,1.03
2022-08-07T10:37:01.784016,63.00,8.93,658.60,79.99,23.39,50.94,200.67,1.03
2022-08-07T10:38:01.368314,65.00,8.97,658.60,79.99,20.69,50.98,201.40,1.03
2022-08-07T10:39:01.963043,62.00,8.93,658.60,79.99,14.70,50.96,201.20,1.03
2022-08-07T10:40:01.550175,65.00,8.93,658.60,79.99,11.26,50.94,202.15,1.03
2022-08-07T10:41:02.143689,61.00,8.79,658.60,79.99,10.07,51.03,202.15,1.02
2022-08-07T10:42:01.735577,57.00,8.75,658.60,79.99,9.36,50.92,202.28,1.03
2022-08-07T10:43:01.325577,62.00,8.93,658.60,79.99,8.95,51.00,203.92,1.03
2022-08-07T10:44:01.922344,56.00,8.97,658.60,79.99,8.59,51.00,203.30,1.02
2022-08-07T10:45:01.502178,65.00,8.79,658.60,79.99,9.92,50.93,202.62,1.02
2022-08-07T10:46:02.093689,57.00,8.93,658.60,79.99,8.12,50.93,201.61,1.02
2022-08-07T10:47:01.693882,60.00,8.93,658.60,79.99,8.06,50.85,202.08,1.02
2022-08-07T10:48:01.285200,57.00,8.79,658.60,79.99,7.76,50.86,203.23,1.02
2022-08-07T10:49:01.872442,62.00,8.97,658.60,79.99,7.70,50.87,203.98,1.02
2022-08-07T10:50:01.460036,57.00,8.93,658.60,79.99,7.70,50.75,204.33,1.02
2022-08-07T10:51:02.048548,64.00,8.79,658.60,79.99,7.41,50.94,205.29,1.02
2022-08-07T10:52:01.642949,58.00,8.97,658.60,79.99,7.35,50.92,205.29,1.02
2022-08-07T10:53:01.234917,61.00,8.97,658.60,79.99,7.35,50.94,204.19,1.02
2022-08-07T10:54:01.825805,61.00,8.93,658.60,79.99,7.35,51.00,204.53,1.02
2022-08-07T10:55:01.410977,57.00,8.75,658.60,79.99,7.29,50.91,204.60,1.02
2022-08-07T10:56:01.992838,60.00,9.14,658.60,79.99,7.29,51.00,204.88,1.02
2022-08-07T10:57:01.589131,62.00,8.79,658.60,79.99,6.99,51.04,205.02,1.02
2022-08-07T10:58:02.177703,59.00,8.97,658.60,79.99,7.23,50.97,204.88,1.02
2022-08-07T10:59:01.766887,59.00,8.97,658.60,79.99,7.23,51.01,204.26,1.01
2022-08-07T11:00:01.353469,61.00,8.97,658.60,79.99,6.58,51.05,206.69,1.02
2022-08-07T11:01:01.945380,63.00,9.18,658.60,79.99,6.52,51.11,207.53,1.02
2022-08-07T11:02:01.536129,56.00,9.02,658.60,79.99,6.22,51.27,208.88,1.02
2022-08-07T11:03:02.131556,62.00,8.93,658.60,79.99,5.93,51.35,209.23,1.02
2022-08-07T11:04:01.730339,60.00,9.02,658.60,79.99,5.63,51.35,209.45,1.02
2022-08-07T11:05:01.333026,58.00,8.97,658.60,79.99,5.81,51.52,209.37,1.02
2022-08-07T11:06:01.915404,62.00,8.97,658.60,79.99,5.75,51.56,210.09,1.02
2022-08-07T11:07:01.499125,60.00,9.02,658.60,79.99,5.45,51.72,211.03,1.02
2022-08-07T11:08:02.079183,59.00,8.97,658.60,79.99,5.69,51.75,211.03,1.02
2022-08-07T11:09:01.674416,55.00,9.02,658.60,79.99,5.33,51.83,211.03,1.02
2022-08-07T11:10:01.265885,58.00,8.79,658.60,79.99,5.04,51.94,211.90,1.02
2022-08-07T11:11:01.864254,61.00,8.97,658.60,79.99,4.74,51.99,209.88,1.02
2022-08-07T11:12:01.464212,64.00,8.97,658.60,79.99,4.98,51.96,209.73,1.02
2022-08-07T11:13:02.059789,55.00,8.97,658.60,79.99,4.68,52.00,209.88,1.02
2022-08-07T11:14:01.648596,60.00,9.02,658.60,79.99,4.62,52.14,211.61,1.02
2022-08-07T11:15:01.244976,60.00,9.02,658.60,79.99,4.62,52.18,210.59,1.02
2022-08-07T11:16:01.846912,58.00,8.97,658.60,79.99,4.56,52.14,211.75,1.03
2022-08-07T11:17:01.450242,57.00,9.24,658.60,79.99,4.33,52.21,213.29,1.03
2022-08-07T11:18:02.043948,59.00,8.97,658.60,79.99,5.04,52.65,216.79,1.03
2022-08-07T11:19:01.628350,60.00,8.97,658.60,79.99,5.04,53.33,216.57,1.03
2022-08-07T11:20:01.223663,59.00,8.97,658.60,79.99,5.04,53.77,228.44,1.04
2022-08-07T11:21:01.823622,63.00,8.97,658.60,79.99,5.21,54.72,237.86,1.06
2022-08-07T11:22:01.405803,60.00,9.02,658.60,79.99,5.21,55.63,240.51,1.07
2022-08-07T11:23:01.996070,60.00,8.85,658.60,79.99,5.21,56.24,242.94,1.08
2022-08-07T11:24:01.585109,64.00,9.18,658.60,79.99,4.27,56.61,241.14,1.08
2022-08-07T11:25:02.173113,64.00,9.24,658.60,79.99,3.97,57.21,243.85,1.09
2022-08-07T11:26:01.784513,62.00,9.24,658.60,79.99,4.38,57.77,245.04,1.10
2022-08-07T11:27:01.371861,62.00,9.24,658.60,79.99,4.68,58.19,243.03,1.11
2022-08-07T11:28:01.958598,61.00,9.02,658.60,79.99,5.45,58.64,243.03,1.11
2022-08-07T11:29:01.550057,57.00,9.24,658.60,79.99,3.44,59.02,242.12,1.12
2022-08-07T11:30:02.139856,62.00,9.18,658.60,79.99,6.58,59.38,242.40,1.13
2022-08-07T11:31:01.723026,62.00,9.18,658.60,79.99,8.95,59.72,239.53,1.14
2022-08-07T11:32:01.322289,59.00,9.02,658.60,79.99,9.54,60.23,238.65,1.15
2022-08-07T11:33:01.919910,0.00,9.24,658.60,79.99,68.11,61.05,236.20,1.16
2022-08-07T11:34:01.508358,0.00,9.24,658.60,79.99,74.07,62.11,236.81,1.17
