2022-07-18T00:00:01.405675,0.00,9.24,658.60,79.99,0.00,85.61,153.84,1.13
2022-07-18T00:01:02.001252,0.00,9.24,658.60,79.99,0.00,85.63,153.84,1.13
2022-07-18T00:02:01.587969,0.00,9.24,658.60,79.99,0.00,85.69,154.51,1.13
2022-07-18T00:03:02.175276,0.00,9.24,658.60,79.99,0.00,85.67,153.26,1.12
2022-07-18T00:04:01.774856,0.00,9.24,658.60,79.99,0.00,85.89,154.60,1.13
2022-07-18T00:05:01.355203,0.00,9.02,658.60,79.99,0.00,85.69,155.14,1.13
2022-07-18T00:06:01.944849,0.00,9.24,658.60,79.99,0.00,85.55,155.64,1.13
2022-07-18T00:07:01.539170,0.00,9.59,658.60,79.99,0.00,85.41,155.55,1.12
2022-07-18T00:08:02.117097,0.00,9.42,658.60,79.99,0.00,85.41,155.18,1.12
2022-07-18T00:09:01.705553,0.00,9.28,658.60,79.99,0.00,85.35,155.64,1.12
2022-07-18T00:10:01.300229,0.00,9.24,658.60,79.99,0.00,85.00,155.32,1.12
2022-07-18T00:11:01.892540,0.00,9.24,658.60,79.99,0.00,85.08,154.64,1.12
2022-07-18T00:12:01.474612,0.00,9.24,658.60,79.99,0.00,84.88,154.60,1.12
2022-07-18T00:13:02.059971,0.00,9.28,658.60,79.99,0.00,84.80,153.30,1.11
2022-07-18T00:14:01.646924,0.00,9.24,658.60,79.99,0.00,84.88,153.26,1.11
2022-07-18T00:15:01.231740,0.00,9.42,658.60,79.99,0.00,84.66,153.70,1.11
2022-07-18T00:16:01.814513,0.00,9.24,658.60,79.99,0.00,84.64,153.70,1.11
2022-07-18T00:17:01.407910,0.00,9.28,658.60,79.99,0.00,84.44,154.37,1.11
2022-07-18T00:18:02.000377,0.00,9.42,658.60,79.99,0.00,84.22,153.66,1.11
2022-07-18T00:19:01.599379,0.00,9.33,658.60,79.99,0.00,84.10,153.57,1.11
2022-07-18T00:20:02.186502,0.00,9.24,658.60,79.99,0.00,83.90,152.90,1.11
2022-07-18T00:21:01.771232,0.00,9.24,658.60,79.99,0.00,83.50,152.68,1.10
2022-07-18T00:22:01.372123,0.00,9.24,658.60,79.99,0.00,83.43,153.26,1.10
2022-07-18T00:23:01.962849,0.00,9.42,658.60,79.99,0.00,82.76,152.11,1.10
2022-07-18T00:24:01.551528,0.00,9.24,658.60,79.99,0.00,83.19,152.81,1.10
2022-07-18T00:25:02.136144,0.00,9.24,658.60,79.99,0.00,82.78,152.64,1.10
2022-07-18T00:26:01.725904,0.00,9.24,658.60,79.99,0.00,82.76,152.02,1.09
2022-07-18T00:27:01.313501,0.00,9.24,658.60,79.99,0.00,82.54,151.93,1.09
2022-07-18T00:28:01.901961,0.00,9.24,658.60,79.99,0.00,82.37,152.24,1.09
2022-07-18T00:29:01.500745,0.00,9.28,658.60,79.99,0.00,82.31,152.20,1.09
2022-07-18T00:30:02.085349,0.00,9.24,658.60,79.99,0.00,82.14,152.33,1.09
2022-07-18T00:31:01.673264,0.00,9.18,658.60,79.99,0.00,82.04,152.20,1.09
2022-07-18T00:32:01.271668,1.00,9.46,658.60,79.99,0.00,82.25,152.77,1.09
2022-07-18T00:33:01.851714,0.00,9.24,658.60,79.99,0.00,82.17,153.35,1.09
2022-07-18T00:34:01.441496,0.00,9.24,658.60,79.99,0.00,81.83,153.03,1.09
2022-07-18T00:35:02.022994,0.00,9.02,658.60,79.99,0.00,81.39,152.02,1.08
2022-07-18T00:36:01.624774,0.00,9.24,658.60,79.99,0.00,81.67,152.42,1.08
2022-07-18T00:37:01.216371,0.00,9.18,658.60,79.99,0.00,81.35,152.11,1.08
2022-07-18T00:38:01.803008,0.00,9.24,658.60,79.99,0.00,80.98,152.02,1.08
2022-07-18T00:39:01.397025,0.00,9.28,658.60,79.99,0.00,80.91,151.84,1.08
2022-07-18T00:40:01.993700,0.00,9.18,658.60,79.99,0.00,80.77,152.06,1.08
2022-07-18T00:41:01.582381,0.00,9.24,658.60,79.99,0.00,80.79,152.24,1.08
2022-07-18T00:42:02.163342,0.00,9.59,658.60,79.99,0.00,80.95,152.37,1.08
2022-07-18T00:43:01.760501,1.00,9.24,658.60,79.99,0.00,80.81,151.76,1.07
2022-07-18T00:44:01.346444,0.00,9.18,658.60,79.99,0.00,80.53,152.37,1.07
2022-07-18T00:45:01.939718,0.00,9.28,658.60,79.99,0.00,80.43,152.24,1.07
2022-07-18T00:46:01.539417,0.00,9.24,658.60,79.99,0.00,80.26,152.86,1.07
2022-07-18T00:47:02.117000,0.00,9.24,658.60,79.99,0.00,80.19,152.11,1.07
2022-07-18T00:48:01.718906,0.00,9.24,658.60,79.99,0.00,79.93,152.15,1.07
2022-07-18T00:49:01.306340,0.00,9.24,658.60,79.99,0.00,79.68,149.93,1.06
2022-07-18T00:50:01.886619,0.00,9.28,658.60,79.99,0.00,79.40,151.19,1.06
2022-07-18T00:51:01.482553,0.00,9.24,658.60,79.99,0.00,79.37,151.54,1.06
2022-07-18T00:52:02.077975,0.00,9.24,658.60,79.99,0.00,79.07,151.93,1.06
2022-07-18T00:53:01.680181,0.00,9.42,658.60,79.99,0.00,79.00,150.06,1.05
2022-07-18T00:54:01.275567,0.00,9.24,658.60,79.99,0.00,79.03,151.32,1.06
2022-07-18T00:55:01.863374,0.00,9.24,658.60,79.99,0.00,78.79,151.93,1.06
2022-07-18T00:56:01.462751,0.00,9.24,658.60,79.99,0.00,78.68,151.98,1.05
2022-07-18T00:57:02.053742,0.00,9.42,658.60,79.99,0.00,78.41,152.24,1.06
2022-07-18T00:58:01.645656,0.00,9.42,658.60,79.99,0.00,78.13,152.11,1.05
2022-07-18T00:59:01.231878,0.00,9.64,658.60,79.99,0.00,78.17,152.50,1.05
2022-07-18T01:00:01.828576,0.00,9.42,658.60,79.99,0.00,78.22,152.81,1.05
2022-07-18T01:01:01.416073,0.00,9.42,658.60,79.99,0.00,78.02,152.95,1.05
2022-07-18T01:02:02.000474,0.00,9.28,658.60,79.99,0.00,77.91,153.79,1.05
2022-07-18T01:03:01.587217,0.00,9.42,658.60,79.99,0.00,77.82,153.21,1.05
2022-07-18T01:04:02.176748,0.00,9.33,658.60,79.99,0.00,77.48,152.11,1.05
2022-07-18T01:05:01.776377,0.00,9.59,658.60,79.99,0.00,77.39,152.33,1.04
2022-07-18T01:06:01.369535,0.00,9.24,658.60,79.99,0.00,77.03,153.12,1.04
2022-07-18T01:07:01.957481,1.00,9.24,658.60,79.99,0.00,77.05,153.35,1.04
2022-07-18T01:08:01.545920,0.00,9.28,658.60,79.99,0.00,76.97,153.79,1.05
2022-07-18T01:09:02.143522,0.00,9.24,658.60,79.99,0.00,76.88,153.93,1.04
2022-07-18T01:10:01.729238,0.00,9.28,658.60,79.99,0.00,76.81,154.42,1.04
2022-07-18T01:11:01.316971,0.00,9.64,658.60,79.99,0.00,76.69,154.78,1.04
2022-07-18T01:12:01.915642,0.00,9.46,658.60,79.99,0.00,76.70,155.28,1.04
2022-07-18T01:13:01.505005,0.00,9.24,658.60,79.99,0.00,76.38,155.23,1.04
2022-07-18T01:14:02.108179,0.00,9.50,658.60,79.99,0.00,76.31,155.14,1.04
2022-07-18T01:15:01.693566,0.00,9.42,658.60,79.99,0.00,76.24,156.19,1.04
2022-07-18T01:16:01.292248,0.00,9.24,658.60,79.99,0.00,76.30,156.00,1.04
2022-07-18T01:17:01.887446,0.00,9.28,658.60,79.99,0.00,76.06,155.91,1.04
2022-07-18T01:18:01.470603,0.00,9.24,658.60,79.99,0.00,75.96,156.00,1.04
2022-07-18T01:19:02.057205,0.00,9.42,658.60,79.99,0.00,75.68,154.78,1.03
2022-07-18T01:20:01.647100,0.00,9.24,658.60,79.99,0.00,75.66,155.68,1.03
2022-07-18T01:21:01.237070,0.00,9.42,658.60,79.99,0.00,75.40,155.41,1.03
2022-07-18T01:22:01.825833,0.00,9.28,658.60,79.99,0.00,75.38,155.73,1.03
2022-07-18T01:23:01.415648,0.00,9.42,658.60,79.99,0.00,75.15,155.32,1.03
2022-07-18T01:24:02.017404,0.00,9.46,658.60,79.99,0.00,75.24,155.55,1.03
2022-07-18T01:25:01.615818,0.00,9.28,658.60,79.99,0.00,74.87,155.23,1.03
2022-07-18T01:26:02.204491,0.00,9.64,658.60,79.99,0.00,75.05,156.28,1.03
2022-07-18T01:27:01.799395,0.00,9.24,658.60,79.99,0.00,74.92,156.46,1.03
2022-07-18T01:28:01.399027,0.00,9.46,658.60,79.99,0.00,74.70,156.37,1.03
2022-07-18T01:29:01.981844,0.00,9.68,658.60,79.99,0.00,74.51,156.69,1.03
2022-07-18T01:30:01.572519,0.00,9.59,658.60,79.99,0.00,74.47,157.06,1.03
2022-07-18T01:31:02.171637,0.00,9.68,658.60,79.99,0.00,74.30,157.15,1.03
2022-07-18T01:32:01.772817,0.00,9.42,658.60,79.99,0.00,74.16,156.69,1.02
2022-07-18T01:33:01.363454,0.00,9.46,658.60,79.99,0.00,74.08,157.33,1.02
2022-07-18T01:34:01.944532,0.00,9.59,658.60,79.99,0.00,73.97,157.66,1.02
2022-07-18T01:35:01.539173,0.00,9.50,658.60,79.99,0.00,73.96,157.84,1.02
2022-07-18T01:36:02.127196,0.00,9.68,658.60,79.99,0.00,73.75,157.43,1.02
2022-07-18T01:37:01.724357,0.00,9.42,658.60,79.99,0.00,73.63,157.75,1.02
2022-07-18T01:38:01.314470,0.00,9.50,658.60,79.99,0.00,73.51,157.94,1.02
2022-07-18T01:39:01.903797,1.00,9.50,658.60,79.99,0.00,73.53,157.84,1.02
2022-07-18T01:40:01.494488,0.00,9.42,658.60,79.99,0.00,73.39,158.49,1.02
2022-07-18T01:41:02.083675,0.00,9.64,658.60,79.99,0.00,73.24,158.12,1.02
2022-07-18T01:42:01.676524,0.00,9.28,658.60,79.99,0.00,73.21,158.03,1.02
2022-07-18T01:43:01.271453,1.00,9.50,658.60,79.99,0.00,73.04,158.54,1.02
2022-07-18T01:44:01.861571,0.00,9.64,658.60,79.99,0.00,72.95,157.84,1.01
2022-07-18T01:45:01.452680,0.00,9.59,658.60,79.99,0.00,72.69,157.94,1.01
2022-07-18T01:46:02.052166,0.00,9.68,658.60,79.99,0.00,72.80,159.01,1.01
2022-07-18T01:47:01.642289,0.00,9.46,658.60,79.99,0.00,72.58,158.68,1.01
2022-07-18T01:48:01.228407,0.00,9.68,658.60,79.99,0.00,72.53,159.90,1.02
2022-07-18T01:49:01.815836,0.00,9.59,658.60,79.99,0.00,72.32,158.82,1.01
2022-07-18T01:50:01.405129,0.00,9.64,658.60,79.99,0.00,72.22,159.24,1.01
2022-07-18T01:51:01.994073,0.00,9.33,658.60,79.99,0.00,72.18,159.62,1.01
2022-07-18T01:52:01.583651,0.00,9.64,658.60,79.99,0.00,72.23,158.45,1.01
2022-07-18T01:53:02.174344,0.00,9.50,658.60,79.99,0.00,72.00,159.43,1.01
2022-07-18T01:54:01.756343,0.00,9.59,658.60,79.99,0.00,71.95,159.95,1.01
2022-07-18T01:55:01.344099,0.00,9.28,658.60,79.99,0.00,71.90,160.76,1.01
2022-07-18T01:56:01.933901,0.00,9.33,658.60,79.99,0.00,71.83,160.43,1.01
2022-07-18T01:57:01.516477,0.00,9.64,658.60,79.99,0.00,71.72,160.38,1.01
2022-07-18T01:58:02.104814,0.00,9.59,658.60,79.99,0.00,71.64,161.33,1.01
2022-07-18T01:59:01.695960,0.00,9.42,658.60,79.99,0.00,71.55,162.00,1.01
2022-07-18T02:00:01.277695,0.00,9.46,658.60,79.99,0.00,71.42,162.00,1.01
2022-07-18T02:01:01.866522,0.00,9.64,658.60,79.99,0.00,71.52,162.59,1.01
2022-07-18T02:02:01.455791,0.00,9.68,658.60,79.99,0.00,71.44,163.22,1.01
2022-07-18T02:03:02.049500,0.00,9.68,658.60,79.99,0.00,71.22,162.39,1.01
2022-07-18T02:04:01.635732,0.00,9.59,658.60,79.99,0.00,71.12,163.07,1.01
2022-07-18T02:05:01.223958,0.00,9.50,658.60,79.99,0.00,71.03,162.92,1.01
2022-07-18T02:06:01.809424,0.00,9.59,658.60,79.99,0.00,70.75,161.76,1.00
2022-07-18T02:07:01.395943,0.00,9.46,658.60,79.99,0.00,70.75,162.20,1.00
2022-07-18T02:08:01.985470,0.00,9.68,658.60,79.99,0.00,70.67,163.07,1.00
2022-07-18T02:09:01.575047,0.00,9.42,658.60,79.99,0.00,70.59,161.86,1.00
2022-07-18T02:10:02.165300,0.00,9.68,658.60,79.99,0.00,70.60,163.36,1.01
2022-07-18T02:11:01.753599,0.00,9.64,658.60,79.99,0.00,70.59,163.56,1.00
2022-07-18T02:12:01.344175,0.00,9.64,658.60,79.99,0.00,70.42,163.51,1.00
2022-07-18T02:13:01.933969,0.00,9.50,658.60,79.99,0.00,70.41,163.71,1.00
2022-07-18T02:14:01.524065,0.00,9.68,658.60,79.99,0.00,70.20,163.46,1.00
2022-07-18T02:15:02.106118,0.00,9.50,658.60,79.99,0.00,70.20,163.71,1.00
2022-07-18T02:16:01.695033,0.00,9.68,658.60,79.99,0.00,70.04,164.34,1.00
2022-07-18T02:17:01.283236,0.00,9.50,658.60,79.99,0.00,69.97,164.89,1.00
2022-07-18T02:18:01.886662,0.00,9.64,658.60,79.99,0.00,69.99,165.09,1.00
2022-07-18T02:19:01.472303,0.00,9.68,658.60,79.99,0.00,69.94,165.38,1.00
2022-07-18T02:20:02.060759,0.00,9.64,658.60,79.99,0.00,69.78,165.43,1.00
2022-07-18T02:21:01.665200,0.00,9.50,658.60,79.99,0.00,69.73,166.18,1.00
2022-07-18T02:22:01.262250,0.00,9.50,658.60,79.99,0.00,69.67,165.73,1.00
2022-07-18T02:23:01.868979,0.00,9.64,658.60,79.99,0.00,69.46,165.43,1.00
2022-07-18T02:24:01.460678,0.00,9.68,658.60,79.99,0.00,69.60,166.18,1.00
2022-07-18T02:25:02.050099,0.00,9.59,658.60,79.99,0.00,69.59,167.75,1.00
2022-07-18T02:26:01.641869,0.00,9.68,658.60,79.99,0.00,69.59,168.77,1.00
2022-07-18T02:27:01.227560,0.00,9.64,658.60,79.99,0.00,69.49,168.61,1.00
2022-07-18T02:28:01.814039,0.00,9.64,658.60,79.99,0.00,69.51,168.97,1.00
2022-07-18T02:29:01.410681,0.00,9.50,658.60,79.99,0.00,69.39,170.16,1.00
2022-07-18T02:30:02.008348,0.00,9.68,658.60,79.99,0.00,69.60,171.25,1.01
2022-07-18T02:31:01.595586,0.00,9.28,658.60,79.99,0.00,69.46,171.41,1.01
2022-07-18T02:32:02.184130,0.00,9.50,658.60,79.99,0.00,69.49,172.47,1.01
2022-07-18T02:33:01.772630,0.00,9.74,658.60,79.99,0.00,69.70,173.42,1.01
2022-07-18T02:34:01.362890,0.00,9.59,658.60,79.99,0.00,69.33,173.53,1.01
2022-07-18T02:35:01.948186,0.00,9.64,658.60,79.99,0.00,69.47,174.12,1.01
2022-07-18T02:36:01.540280,0.00,9.90,658.60,79.99,0.00,69.44,174.71,1.01
2022-07-18T02:37:02.128524,0.00,9.68,658.60,79.99,0.00,69.57,173.58,1.00
2022-07-18T02:38:01.710672,0.00,9.68,658.60,79.99,0.00,69.38,175.42,1.01
2022-07-18T02:39:01.309573,0.00,9.90,658.60,79.99,0.00,69.24,175.25,1.01
2022-07-18T02:40:01.913659,0.00,9.74,658.60,79.99,0.00,69.24,174.82,1.01
2022-07-18T02:41:01.498034,0.00,9.50,658.60,79.99,0.00,69.31,175.69,1.01
2022-07-18T02:42:02.084033,0.00,9.46,658.60,79.99,0.00,69.28,176.40,1.01
2022-07-18T02:43:01.673507,0.00,9.68,658.60,79.99,0.00,69.16,176.02,1.01
2022-07-18T02:44:01.271916,0.00,9.90,658.60,79.99,0.00,69.27,175.42,1.01
2022-07-18T02:45:01.856963,0.00,9.68,658.60,79.99,0.00,69.14,176.07,1.01
2022-07-18T02:46:01.450786,0.00,9.50,658.60,79.99,0.00,69.11,176.07,1.01
2022-07-18T02:47:02.040046,0.00,9.74,658.60,79.99,0.00,69.06,176.73,1.01
2022-07-18T02:48:01.626199,0.00,9.68,658.60,79.99,0.00,68.92,176.78,1.01
2022-07-18T02:49:01.213571,0.00,9.64,658.60,79.99,0.00,68.78,176.34,1.01
2022-07-18T02:50:01.806607,0.00,9.68,658.60,79.99,0.00,69.01,177.44,1.01
2022-07-18T02:51:01.394965,0.00,9.68,658.60,79.99,0.00,68.84,177.11,1.01
2022-07-18T02:52:01.978114,0.00,9.68,658.60,79.99,0.00,68.89,177.11,1.01
2022-07-18T02:53:01.560197,0.00,9.68,658.60,79.99,0.00,68.81,176.45,1.01
2022-07-18T02:54:02.145822,0.00,9.68,658.60,79.99,0.00,68.82,177.39,1.01
2022-07-18T02:55:01.725191,0.00,9.68,658.60,79.99,0.00,68.90,177.78,1.01
2022-07-18T02:56:01.322432,0.00,9.68,658.60,79.99,0.00,68.71,177.94,1.01
2022-07-18T02:57:01.920373,0.00,9.68,658.60,79.99,0.00,68.76,177.72,1.01
2022-07-18T02:58:01.505388,0.00,9.74,658.60,79.99,0.00,68.66,178.44,1.01
2022-07-18T02:59:02.090239,0.00,9.68,658.60,79.99,0.00,68.60,178.28,1.01
2022-07-18T03:00:01.675564,0.00,9.68,658.60,79.99,0.00,68.49,177.50,1.01
2022-07-18T03:01:01.259488,0.00,9.68,658.60,79.99,0.00,68.49,178.67,1.01
2022-07-18T03:02:01.844635,0.00,9.64,658.60,79.99,0.00,68.38,178.05,1.01
2022-07-18T03:03:01.423311,0.00,9.68,658.60,79.99,0.00,68.35,177.94,1.01
2022-07-18T03:04:02.026038,0.00,10.07,658.60,79.99,0.00,68.24,177.55,1.01
2022-07-18T03:05:01.615032,0.00,9.68,658.60,79.99,0.00,68.22,177.89,1.01
2022-07-18T03:06:02.200788,0.00,9.68,658.60,79.99,0.00,68.13,176.84,1.01
2022-07-18T03:07:01.795887,0.00,9.74,658.60,79.99,0.00,68.16,177.78,1.01
2022-07-18T03:08:01.380729,0.00,9.68,658.60,79.99,0.00,68.05,177.72,1.01
2022-07-18T03:09:01.966709,0.00,9.68,658.60,79.99,0.00,68.12,179.00,1.01
2022-07-18T03:10:01.555411,0.00,9.68,658.60,79.99,0.00,67.85,177.39,1.00
2022-07-18T03:11:02.143704,0.00,9.95,658.60,79.99,0.00,67.79,177.83,1.00
2022-07-18T03:12:01.732925,0.00,9.68,658.60,79.99,0.00,67.87,178.50,1.01
2022-07-18T03:13:01.331961,1.00,10.07,658.60,79.99,0.00,67.83,178.67,1.00
2022-07-18T03:14:01.930764,0.00,9.90,658.60,79.99,0.00,67.66,178.67,1.00
2022-07-18T03:15:01.514164,0.00,9.95,658.60,79.99,0.00,67.65,178.61,1.01
2022-07-18T03:16:02.102877,0.00,9.68,658.60,79.99,0.00,67.48,178.72,1.00
2022-07-18T03:17:01.695934,0.00,9.68,658.60,79.99,0.00,67.42,178.95,1.00
2022-07-18T03:18:01.275623,0.00,9.90,658.60,79.99,0.00,67.34,178.95,1.00
2022-07-18T03:19:01.863572,0.00,9.95,658.60,79.99,0.00,67.25,178.00,1.00
2022-07-18T03:20:01.462125,0.00,9.68,658.60,79.99,0.00,67.12,178.83,1.00
2022-07-18T03:21:02.052923,0.00,9.95,658.60,79.99,0.00,67.11,178.11,1.00
2022-07-18T03:22:01.643634,0.00,9.90,658.60,79.99,0.00,67.03,177.61,1.00
2022-07-18T03:23:01.228606,0.00,9.68,658.60,79.99,0.00,67.05,178.39,1.00
2022-07-18T03:24:01.829330,0.00,9.68,658.60,79.99,0.00,66.98,178.78,1.00
2022-07-18T03:25:01.411498,0.00,9.68,658.60,79.99,0.00,66.82,178.44,1.00
2022-07-18T03:26:02.004738,0.00,9.95,658.60,79.99,0.00,66.85,179.73,1.00
2022-07-18T03:27:01.592736,0.00,9.68,658.60,79.99,0.00,66.74,179.34,1.00
2022-07-18T03:28:02.181205,0.00,9.68,658.60,79.99,0.00,66.66,178.28,1.00
2022-07-18T03:29:01.765944,0.00,9.68,658.60,79.99,0.00,66.60,179.56,1.00
2022-07-18T03:30:01.366908,0.00,9.74,658.60,79.99,0.00,66.47,178.33,1.00
2022-07-18T03:31:01.962574,0.00,9.78,658.60,79.99,0.00,66.57,179.34,1.00
2022-07-18T03:32:01.552636,0.00,9.95,658.60,79.99,0.00,66.07,178.83,1.00
2022-07-18T03:33:02.148977,0.00,9.90,658.60,79.99,0.00,66.31,180.24,1.00
2022-07-18T03:34:01.729781,0.00,9.68,658.60,79.99,0.00,66.27,180.41,1.00
2022-07-18T03:35:01.315641,0.00,10.07,658.60,79.99,0.00,66.15,179.90,1.00
2022-07-18T03:36:01.897996,0.00,9.90,658.60,79.99,0.00,66.10,180.53,1.00
2022-07-18T03:37:01.485309,0.00,9.68,658.60,79.99,0.00,66.00,180.24,1.00
2022-07-18T03:38:02.065410,0.00,9.68,658.60,79.99,0.00,66.01,180.98,1.00
2022-07-18T03:39:01.654378,0.00,9.95,658.60,79.99,0.00,66.00,181.49,1.00
2022-07-18T03:40:01.233259,0.00,9.85,658.60,79.99,0.00,65.92,181.21,1.00
2022-07-18T03:41:01.828726,0.00,9.90,658.60,79.99,0.00,65.86,181.61,1.00
2022-07-18T03:42:01.429049,0.00,9.74,658.60,79.99,0.00,65.87,181.49,1.00
2022-07-18T03:43:02.008571,0.00,9.90,658.60,79.99,0.00,65.72,182.01,1.00
2022-07-18T03:44:01.597504,3.00,10.07,658.60,79.99,0.00,65.75,181.61,1.00
2022-07-18T03:45:02.184841,0.00,9.78,658.60,79.99,0.00,65.72,182.07,1.00
2022-07-18T03:46:01.777991,0.00,9.68,658.60,79.99,0.00,65.65,182.07,1.00
2022-07-18T03:47:01.371105,0.00,9.68,658.60,79.99,0.00,65.63,183.51,1.00
2022-07-18T03:48:01.962291,0.00,9.78,658.60,79.99,0.00,65.56,183.28,1.00
2022-07-18T03:49:01.544823,0.00,10.07,658.60,79.99,0.00,65.60,183.92,1.00
2022-07-18T03:50:02.132045,0.00,9.74,658.60,79.99,0.00,65.68,184.86,1.00
2022-07-18T03:51:01.736026,0.00,9.90,658.60,79.99,0.00,65.63,185.33,1.00
2022-07-18T03:52:01.316084,0.00,10.17,658.60,79.99,0.00,65.75,186.22,1.00
2022-07-18T03:53:01.902826,0.00,9.78,658.60,79.99,0.00,65.77,186.82,1.00
2022-07-18T03:54:01.498790,0.00,9.90,658.60,79.99,0.00,65.77,187.06,1.00
2022-07-18T03:55:02.084513,0.00,9.90,658.60,79.99,0.00,65.65,187.42,1.00
2022-07-18T03:56:01.671657,0.00,9.95,658.60,79.99,0.00,65.51,187.00,1.00
2022-07-18T03:57:01.260553,0.00,9.78,658.60,79.99,0.00,65.51,188.02,1.00
2022-07-18T03:58:01.841552,0.00,10.07,658.60,79.99,0.00,65.56,187.84,1.00
2022-07-18T03:59:01.433525,0.00,10.17,658.60,79.99,0.00,65.48,189.05,1.00
2022-07-18T04:00:02.031519,0.00,10.13,658.60,79.99,0.00,65.44,189.36,1.00
2022-07-18T04:01:01.611433,0.00,9.99,658.60,79.99,0.00,65.32,189.48,1.00
2022-07-18T04:02:02.199888,0.00,9.95,658.60,79.99,0.00,65.35,189.48,1.00
2022-07-18T04:03:01.794347,0.00,9.99,658.60,79.99,0.00,65.36,189.30,1.00
2022-07-18T04:04:01.377500,0.00,10.13,658.60,79.99,0.00,65.32,188.99,1.00
2022-07-18T04:05:01.965737,0.00,9.99,658.60,79.99,0.00,65.29,190.09,1.00
2022-07-18T04:06:01.566731,0.00,9.68,658.60,79.99,0.00,65.13,189.54,1.00
2022-07-18T04:07:02.153080,0.00,9.95,658.60,79.99,0.00,64.92,186.88,1.00
2022-07-18T04:08:01.732012,0.00,9.95,658.60,79.99,0.00,65.04,188.63,1.00
2022-07-18T04:09:01.324153,0.00,9.95,658.60,79.99,0.00,65.01,188.69,1.00
2022-07-18T04:10:01.914715,0.00,9.95,658.60,79.99,0.00,64.95,189.30,1.00
2022-07-18T04:11:01.504117,0.00,9.99,658.60,79.99,0.00,64.98,189.91,1.00
2022-07-18T04:12:02.088437,0.00,10.17,658.60,79.99,0.00,65.07,191.45,1.00
2022-07-18T04:13:01.674439,0.00,9.95,658.60,79.99,0.00,65.01,190.89,1.00
2022-07-18T04:14:01.262160,0.00,10.17,658.60,79.99,0.00,64.90,190.65,1.00
2022-07-18T04:15:01.851489,0.00,9.74,658.60,79.99,0.00,64.84,191.02,1.00
2022-07-18T04:16:01.443185,0.00,10.17,658.60,79.99,0.89,64.87,192.07,1.00
2022-07-18T04:17:02.036396,0.00,10.13,658.60,79.99,0.89,64.86,191.70,1.00
2022-07-18T04:18:01.618211,0.00,10.17,658.60,79.99,0.89,64.81,191.64,1.00
2022-07-18T04:19:02.204684,0.00,9.74,658.60,79.99,0.89,64.81,191.33,1.00
2022-07-18T04:20:01.797466,0.00,9.99,658.60,79.99,0.89,64.65,191.76,1.00
2022-07-18T04:21:01.379234,0.00,9.99,658.60,79.99,0.89,64.68,191.70,1.00
2022-07-18T04:22:01.971450,0.00,9.95,658.60,79.99,0.89,64.56,191.45,1.00
2022-07-18T04:23:01.553781,0.00,9.74,658.60,79.99,0.89,64.59,189.42,1.00
2022-07-18T04:24:02.143252,0.00,9.78,658.60,79.99,0.89,64.64,192.14,1.00
2022-07-18T04:25:01.729037,0.00,9.95,658.60,79.99,0.89,64.49,192.01,1.00
2022-07-18T04:26:01.312187,0.00,9.95,658.60,79.99,0.89,64.40,190.58,1.00
2022-07-18T04:27:01.911271,0.00,10.17,658.60,79.99,0.89,64.42,191.64,1.00
2022-07-18T04:28:01.493341,0.00,9.95,658.60,79.99,0.89,63.90,191.08,1.00
2022-07-18T04:29:02.082502,0.00,9.95,658.60,79.99,0.00,64.30,191.95,1.00
2022-07-18T04:30:01.671300,0.00,10.13,658.60,79.99,0.00,64.24,192.39,1.00
2022-07-18T04:31:01.256153,0.00,9.99,658.60,79.99,0.00,64.22,193.39,1.00
2022-07-18T04:32:01.843452,0.00,9.95,658.60,79.99,0.00,64.28,193.20,1.00
2022-07-18T04:33:01.443481,0.00,9.99,658.60,79.99,0.00,64.28,194.60,1.00
2022-07-18T04:34:02.029097,0.00,10.17,658.60,79.99,0.00,64.30,193.39,1.00
2022-07-18T04:35:01.615551,0.00,9.95,658.60,79.99,0.00,64.21,193.84,1.00
2022-07-18T04:36:01.203472,0.00,9.78,658.60,79.99,0.00,64.22,195.24,1.00
2022-07-18T04:37:01.797883,0.00,9.90,658.60,79.99,1.16,64.14,194.41,1.00
2022-07-18T04:38:01.384562,0.00,10.13,658.60,79.99,1.16,64.05,194.66,1.00
2022-07-18T04:39:01.971798,0.00,10.17,658.60,79.99,1.16,64.05,195.30,1.00
2022-07-18T04:40:01.553352,0.00,9.99,658.60,79.99,1.16,63.98,193.65,1.00
2022-07-18T04:41:02.153203,0.00,10.17,658.60,79.99,1.16,63.96,193.01,1.00
2022-07-18T04:42:01.732943,0.00,10.17,658.60,79.99,1.16,63.90,194.66,1.00
2022-07-18T04:43:01.313985,0.00,10.13,658.60,79.99,1.16,63.89,194.85,1.00
2022-07-18T04:44:01.902597,0.00,10.13,658.60,79.99,1.16,63.86,195.43,1.00
2022-07-18T04:45:01.491026,0.00,10.17,658.60,79.99,1.16,64.02,195.94,1.00
2022-07-18T04:46:02.075812,0.00,9.95,658.60,79.99,1.16,63.83,196.33,1.00
2022-07-18T04:47:01.663313,0.00,10.17,658.60,79.99,1.16,63.74,196.01,1.00
2022-07-18T04:48:01.253371,0.00,9.99,658.60,79.99,1.16,63.82,196.85,1.00
2022-07-18T04:49:01.847554,0.00,10.17,658.60,79.99,0.00,63.71,196.01,1.00
2022-07-18T04:50:01.445493,0.00,9.99,658.60,79.99,0.41,63.79,197.37,1.00
2022-07-18T04:51:02.042030,0.00,9.95,658.60,79.99,0.41,63.79,197.11,1.00
2022-07-18T04:52:01.631463,0.00,9.99,658.60,79.99,0.41,63.90,198.68,1.00
2022-07-18T04:53:01.220833,0.00,10.13,658.60,79.99,0.41,63.93,199.93,1.01
2022-07-18T04:54:01.806209,0.00,10.13,658.60,79.99,0.41,63.93,199.07,1.00
2022-07-18T04:55:01.389140,0.00,9.99,658.60,79.99,0.41,63.77,198.94,1.01
2022-07-18T04:56:01.975772,0.00,9.99,658.60,79.99,0.41,63.79,199.40,1.01
2022-07-18T04:57:01.570763,0.00,10.17,658.60,79.99,0.41,63.71,199.87,1.01
2022-07-18T04:58:02.155512,0.00,9.99,658.60,79.99,0.41,63.67,200.40,1.01
2022-07-18T04:59:01.733650,0.00,9.99,658.60,79.99,0.41,63.79,201.07,1.01
2022-07-18T05:00:01.318248,0.00,10.17,658.60,79.99,2.32,63.84,202.01,1.01
2022-07-18T05:01:01.918219,0.00,10.17,658.60,79.99,2.32,63.79,202.96,1.01
2022-07-18T05:02:01.512752,0.00,10.13,658.60,79.99,2.32,63.84,203.71,1.01
2022-07-18T05:03:02.101348,0.00,10.17,658.60,79.99,2.32,63.73,203.78,1.01
2022-07-18T05:04:01.690954,0.00,10.17,658.60,79.99,2.32,63.74,203.98,1.01
2022-07-18T05:05:01.281301,0.00,10.17,658.60,79.99,2.32,63.76,204.74,1.01
2022-07-18T05:06:01.867122,0.00,10.17,658.60,79.99,0.47,63.87,204.33,1.01
2022-07-18T05:07:01.453980,0.00,10.13,658.60,79.99,0.47,63.86,205.57,1.01
2022-07-18T05:08:02.051367,0.00,10.17,658.60,79.99,0.47,63.92,206.48,1.02
2022-07-18T05:09:01.648317,0.00,10.13,658.60,79.99,1.35,63.87,206.55,1.01
2022-07-18T05:10:01.238813,1.00,10.17,658.60,79.99,1.35,64.11,207.39,1.02
2022-07-18T05:11:01.825202,0.00,10.17,658.60,79.99,0.53,63.87,206.48,1.01
2022-07-18T05:12:01.412874,0.00,10.17,658.60,79.99,0.83,63.77,206.69,1.02
2022-07-18T05:13:02.006911,0.00,10.17,658.60,79.99,0.89,63.77,206.97,1.02
2022-07-18T05:14:01.593394,0.00,9.99,658.60,79.99,0.89,63.80,206.69,1.02
2022-07-18T05:15:02.181151,0.00,10.13,658.60,79.99,0.89,63.83,206.20,1.02
2022-07-18T05:16:01.766222,0.00,10.17,658.60,79.99,1.53,63.73,205.50,1.02
2022-07-18T05:17:01.344168,0.00,10.13,658.60,79.99,1.53,63.80,206.27,1.02
2022-07-18T05:18:01.937454,0.00,10.17,658.60,79.99,1.53,63.74,206.55,1.02
2022-07-18T05:19:01.524002,0.00,10.17,658.60,79.99,0.95,63.70,206.62,1.02
2022-07-18T05:20:02.108769,0.00,10.17,658.60,79.99,2.69,63.68,205.57,1.02
2022-07-18T05:21:01.700611,0.00,10.35,658.60,79.99,2.69,63.70,207.04,1.02
2022-07-18T05:22:01.286144,0.00,10.17,658.60,79.99,2.69,63.74,207.67,1.02
2022-07-18T05:23:01.877221,0.00,9.95,658.60,79.99,2.69,63.64,207.88,1.02
2022-07-18T05:24:01.463192,0.00,10.17,658.60,79.99,2.69,63.55,207.74,1.02
2022-07-18T05:25:02.056083,0.00,10.17,658.60,79.99,1.30,63.67,207.53,1.02
2022-07-18T05:26:01.645090,0.00,10.35,658.60,79.99,1.30,63.74,208.02,1.02
2022-07-18T05:27:01.228455,0.00,10.17,658.60,79.99,1.30,63.61,207.88,1.02
2022-07-18T05:28:01.806093,0.00,10.17,658.60,79.99,1.30,63.68,206.55,1.02
2022-07-18T05:29:01.404723,0.00,10.17,658.60,79.99,1.30,63.61,206.69,1.02
2022-07-18T05:30:01.995162,0.00,10.35,658.60,79.99,1.72,63.60,205.64,1.02
2022-07-18T05:31:01.584586,0.00,10.17,658.60,79.99,1.36,63.45,206.13,1.02
2022-07-18T05:32:02.184841,0.00,10.35,658.60,79.99,1.36,63.48,206.90,1.02
2022-07-18T05:33:01.774260,0.00,10.17,658.60,79.99,1.36,63.60,208.38,1.02
2022-07-18T05:34:01.364557,0.00,10.17,658.60,79.99,1.36,63.48,207.81,1.02
2022-07-18T05:35:01.961637,0.00,10.17,658.60,79.99,1.66,63.52,208.59,1.02
2022-07-18T05:36:01.552141,0.00,10.17,658.60,79.99,1.66,63.42,208.31,1.02
2022-07-18T05:37:02.133450,0.00,10.17,658.60,79.99,1.19,62.04,205.43,1.02
2022-07-18T05:38:01.723024,0.00,10.17,658.60,79.99,1.19,63.52,209.66,1.02
2022-07-18T05:39:01.309235,0.00,10.17,658.60,79.99,1.19,63.21,207.25,1.02
2022-07-18T05:40:01.892493,0.00,10.17,658.60,79.99,1.48,63.38,208.95,1.02
2022-07-18T05:41:01.474195,0.00,10.22,658.60,79.99,1.48,63.32,208.80,1.02
2022-07-18T05:42:02.059890,0.00,10.13,658.60,79.99,1.48,63.28,207.11,1.02
2022-07-18T05:43:01.647168,0.00,10.35,658.60,79.99,1.48,63.25,209.30,1.02
2022-07-18T05:44:01.230022,0.00,10.35,658.60,79.99,1.48,63.25,209.80,1.02
2022-07-18T05:45:01.832017,0.00,10.35,658.60,79.99,1.78,63.24,210.59,1.02
2022-07-18T05:46:01.431121,0.00,10.61,658.60,79.99,1.78,63.19,209.37,1.02
2022-07-18T05:47:02.022408,0.00,10.17,658.60,79.99,1.54,63.28,210.38,1.02
2022-07-18T05:48:01.613770,0.00,10.17,658.60,79.99,1.78,63.38,212.19,1.03
2022-07-18T05:49:02.194868,0.00,10.35,658.60,79.99,1.78,63.32,211.39,1.02
2022-07-18T05:50:01.788980,0.00,10.35,658.60,79.99,1.78,63.21,211.39,1.02
2022-07-18T05:51:01.376837,0.00,10.35,658.60,79.99,2.07,63.21,211.90,1.02
2022-07-18T05:52:01.975203,0.00,10.22,658.60,79.99,2.07,63.31,212.48,1.02
2022-07-18T05:53:01.555118,0.00,10.17,658.60,79.99,1.84,63.29,211.32,1.02
2022-07-18T05:54:02.154891,0.00,10.17,658.60,79.99,2.13,63.29,212.92,1.03
2022-07-18T05:55:01.735727,0.00,10.17,658.60,79.99,2.13,63.29,212.70,1.03
2022-07-18T05:56:01.321510,0.00,10.17,658.60,79.99,2.13,63.31,213.51,1.03
2022-07-18T05:57:01.912445,0.00,10.17,658.60,79.99,2.19,63.21,212.41,1.03
2022-07-18T05:58:01.515635,0.00,10.27,658.60,79.99,2.19,63.25,212.26,1.03
2022-07-18T05:59:02.104050,0.00,10.17,658.60,79.99,2.19,63.25,213.00,1.03
2022-07-18T06:00:01.698323,0.00,10.17,658.60,79.99,2.49,63.31,213.81,1.03
2022-07-18T06:01:01.296400,0.00,10.22,658.60,79.99,2.25,63.15,211.25,1.03
2022-07-18T06:02:01.885416,0.00,10.22,658.60,79.99,2.84,63.21,212.63,1.03
2022-07-18T06:03:01.469402,0.00,10.22,658.60,79.99,2.84,63.22,211.90,1.03
2022-07-18T06:04:02.060507,0.00,10.22,658.60,79.99,2.84,63.16,210.96,1.03
2022-07-18T06:05:01.652339,0.00,10.22,658.60,79.99,2.84,62.88,211.03,1.03
2022-07-18T06:06:01.242771,0.00,10.13,658.60,79.99,2.61,63.18,212.34,1.03
2022-07-18T06:07:01.832956,0.00,10.66,658.60,79.99,2.61,63.19,212.63,1.03
2022-07-18T06:08:01.423510,1.00,10.27,658.60,79.99,2.61,63.09,211.83,1.03
2022-07-18T06:09:02.018258,0.00,10.35,658.60,79.99,2.90,62.95,211.54,1.03
2022-07-18T06:10:01.602346,0.00,10.35,658.60,79.99,2.90,62.05,209.88,1.03
2022-07-18T06:11:02.189399,0.00,10.17,658.60,79.99,2.90,63.12,212.48,1.03
2022-07-18T06:12:01.785144,0.00,10.17,658.60,79.99,2.67,62.89,211.83,1.03
2022-07-18T06:13:01.364873,0.00,10.39,658.60,79.99,2.96,62.99,211.54,1.03
2022-07-18T06:14:01.954622,0.00,10.22,658.60,79.99,2.96,62.85,211.61,1.03
2022-07-18T06:15:01.558012,0.00,10.17,658.60,79.99,3.26,62.70,210.74,1.03
2022-07-18T06:16:02.146408,0.00,10.61,658.60,79.99,3.02,62.76,210.96,1.02
2022-07-18T06:17:01.732562,0.00,10.17,658.60,79.99,3.32,62.66,211.25,1.03
2022-07-18T06:18:01.321510,0.00,10.22,658.60,79.99,3.32,62.66,210.38,1.03
2022-07-18T06:19:01.912643,0.00,10.22,658.60,79.99,3.08,62.32,210.31,1.03
2022-07-18T06:20:01.513785,0.00,10.35,658.60,79.99,3.38,62.48,211.46,1.03
2022-07-18T06:21:02.104590,0.00,10.35,658.60,79.99,3.38,62.62,212.78,1.03
2022-07-18T06:22:01.694043,0.00,10.17,658.60,79.99,3.44,62.46,211.17,1.03
2022-07-18T06:23:01.293621,0.00,10.27,658.60,79.99,3.44,62.52,211.83,1.03
2022-07-18T06:24:01.884007,0.00,10.39,658.60,79.99,3.26,62.46,211.75,1.03
2022-07-18T06:25:01.465703,0.00,10.45,658.60,79.99,3.56,62.29,211.83,1.03
2022-07-18T06:26:02.054990,0.00,10.45,658.60,79.99,3.56,62.22,210.59,1.02
2022-07-18T06:27:01.650141,0.00,10.27,658.60,79.99,4.15,62.15,212.04,1.03
2022-07-18T06:28:01.249708,0.00,10.22,658.60,79.99,4.15,62.13,213.14,1.03
2022-07-18T06:29:01.837072,0.00,10.39,658.60,79.99,3.91,62.09,212.34,1.03
2022-07-18T06:30:01.426111,2.00,10.39,658.60,79.99,4.21,62.05,211.68,1.03
2022-07-18T06:31:02.019786,0.00,10.35,658.60,79.99,3.97,62.02,213.81,1.03
2022-07-18T06:32:01.606782,0.00,10.56,658.60,79.99,4.27,61.99,214.18,1.03
2022-07-18T06:33:02.205377,0.00,10.22,658.60,79.99,4.27,61.87,213.73,1.03
2022-07-18T06:34:01.799937,0.00,10.17,658.60,79.99,4.33,61.80,214.32,1.03
2022-07-18T06:35:01.386528,0.00,10.22,658.60,79.99,4.33,61.82,214.84,1.03
2022-07-18T06:36:01.975095,0.00,10.22,658.60,79.99,4.62,61.84,214.62,1.03
2022-07-18T06:37:01.560405,0.00,10.17,658.60,79.99,4.38,61.70,213.66,1.03
2022-07-18T06:38:02.155671,0.00,10.35,658.60,79.99,4.68,61.61,214.10,1.03
2022-07-18T06:39:01.753287,1.00,10.17,658.60,79.99,4.68,61.75,214.69,1.03
2022-07-18T06:40:01.334206,0.00,10.35,658.60,79.99,4.44,61.77,215.37,1.03
2022-07-18T06:41:01.924335,0.00,10.39,658.60,79.99,4.74,61.88,215.81,1.03
2022-07-18T06:42:01.519305,0.00,10.22,658.60,79.99,4.74,62.09,216.34,1.03
2022-07-18T06:43:02.107831,2.00,10.56,658.60,79.99,5.04,61.89,216.27,1.03
2022-07-18T06:44:01.706581,0.00,10.35,658.60,79.99,4.80,62.09,217.70,1.03
2022-07-18T06:45:01.291383,0.00,10.17,658.60,79.99,4.80,61.97,217.02,1.03
2022-07-18T06:46:01.877139,0.00,10.56,658.60,79.99,5.10,61.78,217.32,1.03
2022-07-18T06:47:01.465193,0.00,10.22,658.60,79.99,5.10,61.56,216.64,1.03
2022-07-18T06:48:02.056140,0.00,10.35,658.60,79.99,5.45,61.82,212.04,1.03
2022-07-18T06:49:01.645251,0.00,10.17,658.60,79.99,5.45,61.68,216.42,1.03
2022-07-18T06:50:01.248910,0.00,10.17,658.60,79.99,5.45,61.82,218.46,1.04
2022-07-18T06:51:01.837108,0.00,10.17,658.60,79.99,5.45,61.87,218.39,1.04
2022-07-18T06:52:01.436045,0.00,10.22,658.60,79.99,5.21,61.74,219.23,1.04
2022-07-18T06:53:02.025046,0.00,10.27,658.60,79.99,5.21,61.85,219.15,1.04
2022-07-18T06:54:01.619228,0.00,10.17,658.60,79.99,5.51,61.73,219.54,1.04
2022-07-18T06:55:02.206999,0.00,10.39,658.60,79.99,5.51,61.85,220.47,1.04
2022-07-18T06:56:01.800063,0.00,10.35,658.60,79.99,5.04,62.02,221.09,1.04
2022-07-18T06:57:01.387019,0.00,10.17,658.60,79.99,5.04,61.97,220.47,1.04
2022-07-18T06:58:01.975419,0.00,10.17,658.60,79.99,5.33,61.98,220.93,1.04
2022-07-18T06:59:01.556021,0.00,10.17,658.60,79.99,5.33,61.81,215.52,1.03
2022-07-18T07:00:02.156025,0.00,10.35,658.60,79.99,5.33,62.11,221.32,1.04
2022-07-18T07:01:01.744572,0.00,10.35,658.60,79.99,5.33,61.95,220.62,1.04
2022-07-18T07:02:01.325762,0.00,10.17,658.60,79.99,5.63,61.97,221.40,1.04
2022-07-18T07:03:01.914950,0.00,10.56,658.60,79.99,5.63,61.89,220.16,1.04
2022-07-18T07:04:01.515303,0.00,10.17,658.60,79.99,5.63,61.63,220.31,1.04
2022-07-18T07:05:02.104947,0.00,10.17,658.60,79.99,5.63,61.56,220.54,1.04
2022-07-18T07:06:01.698997,0.00,10.17,658.60,79.99,5.93,61.60,220.85,1.05
2022-07-18T07:07:01.282679,0.00,10.17,658.60,79.99,5.69,61.68,219.62,1.04
2022-07-18T07:08:01.873376,0.00,10.17,658.60,79.99,5.69,61.64,220.70,1.05
2022-07-18T07:09:01.464695,0.00,10.17,658.60,79.99,5.69,61.64,219.62,1.05
2022-07-18T07:10:02.054440,0.00,10.22,658.60,79.99,5.69,61.77,219.15,1.05
2022-07-18T07:11:01.635736,0.00,10.35,658.60,79.99,5.98,61.39,219.77,1.05
2022-07-18T07:12:01.224309,0.00,10.17,658.60,79.99,5.98,61.61,220.47,1.05
2022-07-18T07:13:01.809321,0.00,10.17,658.60,79.99,5.98,61.68,221.56,1.05
2022-07-18T07:14:01.396342,0.00,10.17,658.60,79.99,5.75,61.66,220.85,1.05
2022-07-18T07:15:01.980259,0.00,10.35,658.60,79.99,6.04,61.59,221.87,1.05
2022-07-18T07:16:01.567205,0.00,10.17,658.60,79.99,6.04,61.50,220.54,1.05
2022-07-18T07:17:02.162128,0.00,10.17,658.60,79.99,6.04,61.63,219.77,1.05
2022-07-18T07:18:01.752889,0.00,10.17,658.60,79.99,6.04,60.54,217.85,1.05
2022-07-18T07:19:01.343232,0.00,10.17,658.60,79.99,6.04,61.64,221.32,1.05
2022-07-18T07:20:01.926383,0.00,10.17,658.60,79.99,6.10,61.74,221.09,1.06
2022-07-18T07:21:01.527448,0.00,9.99,658.60,79.99,6.10,61.75,221.40,1.06
2022-07-18T07:22:02.115214,0.00,10.17,658.60,79.99,6.10,61.64,220.31,1.06
2022-07-18T07:23:01.704896,0.00,10.17,658.60,79.99,6.10,61.67,220.70,1.06
2022-07-18T07:24:01.285426,0.00,10.17,658.60,79.99,6.40,61.49,219.62,1.06
2022-07-18T07:25:01.873984,0.00,10.17,658.60,79.99,6.40,61.47,219.92,1.06
2022-07-18T07:26:01.463713,0.00,10.17,658.60,79.99,6.40,61.74,221.01,1.06
2022-07-18T07:27:02.053274,0.00,10.17,658.60,79.99,6.40,61.50,219.08,1.06
2022-07-18T07:28:01.641266,0.00,10.13,658.60,79.99,6.40,61.54,218.69,1.06
2022-07-18T07:29:01.225747,0.00,10.17,658.60,79.99,6.76,61.74,219.85,1.06
2022-07-18T07:30:01.813916,0.00,10.17,658.60,79.99,6.76,61.57,219.08,1.06
2022-07-18T07:31:01.393284,1.00,10.13,658.60,79.99,6.76,61.50,217.70,1.06
2022-07-18T07:32:01.989000,0.00,9.95,658.60,79.99,6.76,61.46,216.94,1.06
2022-07-18T07:33:01.574609,0.00,10.17,658.60,79.99,6.76,61.42,216.57,1.07
2022-07-18T07:34:02.162397,0.00,9.99,658.60,79.99,6.76,61.53,216.11,1.06
2022-07-18T07:35:01.750340,0.00,9.95,658.60,79.99,6.76,61.61,216.49,1.07
2022-07-18T07:36:01.330851,0.00,9.99,658.60,79.99,6.76,61.60,215.96,1.07
2022-07-18T07:37:01.920449,0.00,10.13,658.60,79.99,6.76,61.53,213.95,1.06
2022-07-18T07:38:01.516295,0.00,9.99,658.60,79.99,6.76,61.49,215.59,1.07
2022-07-18T07:39:02.103644,0.00,9.95,658.60,79.99,6.76,61.46,214.55,1.07
2022-07-18T07:40:01.691880,0.00,10.17,658.60,79.99,6.52,61.57,215.96,1.07
2022-07-18T07:41:01.282356,0.00,9.95,658.60,79.99,6.52,61.57,215.59,1.07
2022-07-18T07:42:01.871542,0.00,10.13,658.60,79.99,6.52,61.54,215.81,1.07
2022-07-18T07:43:01.462368,0.00,9.90,658.60,79.99,6.52,61.56,214.84,1.07
2022-07-18T07:44:02.051580,0.00,9.95,658.60,79.99,6.81,61.63,214.40,1.07
2022-07-18T07:45:01.640702,0.00,9.68,658.60,79.99,6.81,61.75,215.14,1.07
2022-07-18T07:46:01.238676,0.00,9.95,658.60,79.99,6.81,61.84,215.52,1.08
2022-07-18T07:47:01.832251,0.00,9.95,658.60,79.99,6.81,61.67,214.32,1.08
2022-07-18T07:48:01.420700,0.00,9.95,658.60,79.99,6.81,61.87,214.03,1.08
2022-07-18T07:49:02.011800,0.00,9.90,658.60,79.99,6.81,61.89,215.66,1.08
2022-07-18T07:50:01.601045,0.00,9.95,658.60,79.99,6.81,61.85,214.92,1.08
2022-07-18T07:51:02.182253,0.00,9.74,658.60,79.99,7.11,62.06,215.22,1.09
2022-07-18T07:52:01.767519,0.00,10.13,658.60,79.99,6.87,62.13,214.92,1.09
2022-07-18T07:53:01.353719,0.00,9.99,658.60,79.99,6.87,62.13,214.03,1.08
2022-07-18T07:54:01.941830,0.00,9.99,658.60,79.99,6.87,62.26,214.62,1.09
2022-07-18T07:55:01.542238,0.00,9.68,658.60,79.99,6.87,62.18,212.78,1.09
2022-07-18T07:56:02.138952,1.00,10.13,658.60,79.99,6.87,62.31,213.81,1.09
2022-07-18T07:57:01.724339,0.00,9.95,658.60,79.99,6.87,62.38,213.22,1.09
2022-07-18T07:58:01.307769,0.00,9.90,658.60,79.99,7.17,62.58,208.31,1.09
2022-07-18T07:59:01.909068,0.00,9.95,658.60,79.99,7.17,62.52,213.00,1.10
2022-07-18T08:00:01.509166,0.00,9.90,658.60,79.99,7.23,62.62,213.22,1.10
2022-07-18T08:01:02.099387,0.00,9.68,658.60,79.99,7.23,62.79,213.22,1.10
2022-07-18T08:02:01.684868,0.00,9.95,658.60,79.99,7.29,62.83,213.22,1.10
2022-07-18T08:03:01.278180,0.00,9.95,658.60,79.99,7.58,63.05,213.73,1.11
2022-07-18T08:04:01.878803,0.00,9.90,658.60,79.99,7.88,63.12,213.22,1.11
2022-07-18T08:05:01.464624,0.00,9.68,658.60,79.99,7.41,63.19,213.07,1.11
2022-07-18T08:06:02.052951,0.00,9.95,658.60,79.99,7.70,63.34,211.68,1.11
2022-07-18T08:07:01.648981,0.00,9.95,658.60,79.99,8.30,63.25,211.54,1.11
2022-07-18T08:08:01.229501,0.00,9.85,658.60,79.99,8.30,63.31,211.25,1.11
2022-07-18T08:09:01.814842,0.00,9.99,658.60,79.99,8.06,63.37,210.45,1.11
2022-07-18T08:10:01.411370,0.00,9.68,658.60,79.99,8.36,63.39,210.31,1.11
2022-07-18T08:11:02.011248,3.00,10.07,658.60,79.99,8.41,63.55,209.52,1.11
2022-07-18T08:12:01.600376,0.00,9.68,658.60,79.99,8.71,63.61,209.73,1.12
2022-07-18T08:13:02.185492,0.00,9.68,658.60,79.99,8.77,63.76,210.09,1.12
2022-07-18T08:14:01.778697,0.00,9.85,658.60,79.99,9.07,63.70,208.95,1.12
2022-07-18T08:15:01.364696,0.00,9.50,658.60,79.99,9.13,63.82,209.09,1.12
2022-07-18T08:16:01.950299,0.00,9.95,658.60,79.99,9.42,63.93,208.09,1.12
2022-07-18T08:17:01.539308,0.00,9.90,658.60,79.99,9.48,63.82,207.67,1.12
2022-07-18T08:18:02.115584,0.00,9.68,658.60,79.99,10.07,63.92,205.85,1.12
2022-07-18T08:19:01.703017,0.00,9.68,658.60,79.99,9.84,63.89,205.02,1.12
2022-07-18T08:20:01.291568,0.00,9.68,658.60,79.99,10.13,64.02,203.71,1.12
2022-07-18T08:21:01.880816,0.00,9.50,658.60,79.99,9.90,64.02,203.37,1.13
2022-07-18T08:22:01.468455,0.00,9.90,658.60,79.99,9.96,64.09,203.03,1.13
2022-07-18T08:23:02.055730,0.00,9.74,658.60,79.99,10.55,64.05,201.14,1.13
2022-07-18T08:24:01.638369,0.00,9.68,658.60,79.99,10.07,64.00,201.27,1.13
2022-07-18T08:25:01.224167,0.00,9.74,658.60,79.99,10.37,63.98,200.93,1.13
2022-07-18T08:26:01.811846,0.00,9.50,658.60,79.99,10.67,63.96,198.48,1.12
2022-07-18T08:27:01.396310,0.00,9.68,658.60,79.99,11.02,64.06,199.80,1.13
2022-07-18T08:28:01.983778,0.00,9.90,658.60,79.99,12.19,63.96,199.60,1.13
2022-07-18T08:29:01.572726,0.00,9.50,658.60,79.99,11.67,63.98,198.41,1.13
2022-07-18T08:30:02.160839,0.00,9.50,658.60,79.99,11.79,64.00,196.78,1.13
2022-07-18T08:31:01.736686,0.00,9.64,658.60,79.99,12.15,64.03,197.63,1.13
2022-07-18T08:32:01.319633,1.00,9.46,658.60,79.99,12.50,64.09,197.17,1.13
2022-07-18T08:33:01.917000,0.00,9.68,658.60,79.99,12.56,64.21,196.33,1.13
2022-07-18T08:34:01.503696,2.00,9.59,658.60,79.99,12.92,64.21,196.01,1.13
2022-07-18T08:35:02.092726,0.00,9.68,658.60,79.99,13.04,64.24,195.49,1.13
2022-07-18T08:36:01.680551,0.00,9.68,658.60,79.99,13.69,64.30,196.01,1.13
2022-07-18T08:37:01.262769,0.00,9.68,658.60,79.99,14.10,64.42,195.88,1.14
2022-07-18T08:38:01.843329,0.00,9.50,658.60,79.99,14.52,64.47,195.30,1.13
2022-07-18T08:39:01.432141,0.00,9.64,658.60,79.99,16.97,64.44,194.53,1.14
2022-07-18T08:40:02.026500,0.00,9.68,658.60,79.99,18.31,64.61,194.09,1.14
2022-07-18T08:41:01.613406,0.00,9.50,658.60,79.99,21.80,64.68,193.33,1.14
2022-07-18T08:42:01.201828,0.00,9.68,658.60,79.99,22.96,64.80,193.71,1.14
2022-07-18T08:43:01.799714,0.00,9.59,658.60,79.99,21.01,64.83,192.70,1.15
2022-07-18T08:44:01.385416,0.00,9.64,658.60,79.99,19.24,64.84,191.58,1.14
2022-07-18T08:45:01.973388,0.00,9.28,658.60,79.99,24.68,65.04,191.58,1.15
2022-07-18T08:46:01.561630,0.00,9.46,658.60,79.99,27.18,65.07,190.09,1.15
2022-07-18T08:47:02.152045,0.00,9.28,658.60,79.99,34.16,65.14,189.24,1.15
2022-07-18T08:48:01.732273,0.00,9.42,658.60,79.99,33.55,65.13,189.42,1.15
2022-07-18T08:49:01.319334,0.00,9.64,658.60,79.99,36.24,65.27,189.24,1.15
2022-07-18T08:50:01.905324,0.00,9.50,658.60,79.99,45.35,65.32,188.63,1.16
2022-07-18T08:51:01.492413,0.00,9.68,658.60,79.99,48.04,65.30,187.90,1.16
2022-07-18T08:52:02.081308,0.00,9.59,658.60,79.99,50.74,65.48,186.88,1.16
2022-07-18T08:53:01.676061,0.00,9.50,658.60,79.99,51.10,65.51,186.64,1.16
2022-07-18T08:54:01.256088,0.00,9.42,658.60,79.99,48.36,65.44,184.21,1.16
2022-07-18T08:55:01.843692,0.00,9.24,658.60,79.99,50.68,65.54,185.04,1.16
2022-07-18T08:56:01.433014,0.00,9.24,658.60,79.99,53.80,65.44,184.98,1.17
2022-07-18T08:57:02.028192,0.00,9.46,658.60,79.99,55.94,65.54,184.21,1.17
2022-07-18T08:58:01.618614,0.00,9.42,658.60,79.99,50.68,65.60,183.51,1.17
2022-07-18T08:59:02.207175,0.00,9.24,658.60,79.99,54.96,65.68,182.53,1.17
2022-07-18T09:00:01.798770,0.00,9.24,658.60,79.99,56.12,65.65,182.24,1.17
2022-07-18T09:01:01.384578,0.00,9.42,658.60,79.99,56.12,65.81,181.95,1.18
2022-07-18T09:02:01.982416,0.00,9.24,658.60,79.99,56.12,66.07,180.47,1.18
2022-07-18T09:03:01.571453,0.00,9.24,658.60,79.99,58.26,66.07,180.13,1.18
2022-07-18T09:04:02.157374,1.00,9.24,658.60,79.99,53.98,66.03,179.51,1.18
2022-07-18T09:05:01.743765,0.00,9.24,658.60,79.99,52.69,65.98,178.50,1.18
2022-07-18T09:06:01.331454,0.00,9.18,658.60,79.99,53.80,66.19,179.00,1.19
2022-07-18T09:07:01.915894,0.00,9.28,658.60,79.99,51.66,66.36,178.28,1.19
2022-07-18T09:08:01.503231,1.00,9.24,658.60,79.99,56.91,66.13,177.61,1.19
2022-07-18T09:09:02.091029,0.00,9.24,658.60,79.99,53.80,66.74,177.83,1.20
2022-07-18T09:10:01.678746,0.00,9.02,658.60,79.99,54.77,66.83,177.17,1.20
2022-07-18T09:11:01.265212,0.00,9.24,658.60,79.99,54.77,66.97,176.62,1.21
2022-07-18T09:12:01.852581,0.00,9.24,658.60,79.99,56.73,67.06,176.45,1.21
2022-07-18T09:13:01.433758,0.00,9.18,658.60,79.99,56.54,67.17,175.96,1.21
2022-07-18T09:14:02.035423,0.00,8.97,658.60,79.99,55.57,67.34,175.58,1.22
2022-07-18T09:15:01.623734,0.00,9.18,658.60,79.99,58.68,67.42,175.31,1.22
2022-07-18T09:16:01.214015,0.00,9.24,658.60,79.99,55.57,67.48,173.53,1.22
2022-07-18T09:17:01.802074,0.00,9.24,658.60,79.99,57.71,67.65,170.84,1.22
2022-07-18T09:18:01.391741,0.00,9.24,658.60,79.99,57.71,67.73,171.31,1.23
2022-07-18T09:19:01.989191,0.00,9.18,658.60,79.99,57.71,67.94,172.20,1.23
2022-07-18T09:20:01.575047,0.00,9.24,658.60,79.99,56.54,67.99,171.57,1.24
2022-07-18T09:21:02.162881,0.00,9.24,658.60,79.99,56.54,68.15,171.10,1.24
2022-07-18T09:22:01.744430,0.00,9.24,658.60,79.99,56.54,68.32,170.52,1.25
2022-07-18T09:23:01.327543,0.00,9.02,658.60,79.99,59.66,68.48,170.37,1.25
2022-07-18T09:24:01.913490,0.00,9.02,658.60,79.99,58.50,68.12,168.10,1.25
2022-07-18T09:25:01.503994,0.00,9.18,658.60,79.99,59.66,68.76,168.51,1.26
2022-07-18T09:26:02.093711,0.00,9.24,658.60,79.99,59.66,68.89,167.19,1.26
2022-07-18T09:27:01.684936,0.00,9.02,658.60,79.99,58.31,69.00,167.14,1.27
2022-07-18T09:28:01.277291,0.00,8.97,658.60,79.99,51.34,69.22,166.43,1.27
2022-07-18T09:29:01.863342,0.00,9.02,658.60,79.99,56.18,69.46,166.78,1.28
2022-07-18T09:30:01.457625,0.00,9.24,658.60,79.99,57.15,69.59,165.78,1.28
2022-07-18T09:31:02.050122,0.00,9.02,658.60,79.99,56.97,69.65,164.34,1.28
2022-07-18T09:32:01.632594,0.00,8.97,658.60,79.99,57.15,69.68,163.71,1.28
2022-07-18T09:33:01.221421,0.00,8.97,658.60,79.99,55.44,69.71,162.88,1.28
2022-07-18T09:34:01.806536,0.00,8.97,658.60,79.99,53.54,69.87,160.71,1.28
2022-07-18T09:35:01.394077,0.00,8.97,658.60,79.99,61.43,69.87,160.05,1.29
2022-07-18T09:36:01.982253,0.00,8.93,658.60,79.99,56.18,69.99,159.76,1.29
2022-07-18T09:37:01.570712,0.00,8.75,658.60,79.99,61.43,70.10,159.06,1.29
2022-07-18T09:38:02.161016,0.00,8.93,658.60,79.99,63.57,70.12,158.03,1.29
2022-07-18T09:39:01.747162,0.00,9.02,658.60,79.99,59.48,70.16,157.10,1.29
2022-07-18T09:40:01.333518,0.00,8.85,658.60,79.99,61.62,70.18,157.80,1.30
2022-07-18T09:41:01.933007,0.00,8.97,658.60,79.99,65.89,70.38,156.32,1.29
2022-07-18T09:42:01.518548,2.00,8.97,658.60,79.99,65.89,70.39,156.23,1.30
2022-07-18T09:43:02.106383,0.00,8.75,658.60,79.99,65.89,70.41,155.50,1.30
2022-07-18T09:44:01.693661,3.00,8.97,658.60,79.99,68.03,70.39,154.37,1.30
2022-07-18T09:45:01.282174,0.00,8.93,658.60,79.99,67.06,70.49,154.28,1.30
2022-07-18T09:46:01.871000,0.00,8.97,658.60,79.99,68.22,70.57,152.95,1.30
2022-07-18T09:47:01.455810,0.00,8.93,658.60,79.99,64.55,70.52,152.86,1.30
2022-07-18T09:48:02.051735,0.00,8.75,658.60,79.99,74.82,70.50,151.10,1.30
2022-07-18T09:49:01.641257,0.00,8.97,658.60,79.99,75.98,70.41,151.02,1.30
2022-07-18T09:50:01.227308,0.00,8.79,658.60,79.99,77.14,70.38,149.93,1.30
2022-07-18T09:51:01.815175,0.00,8.75,658.60,79.99,77.51,70.28,148.65,1.29
2022-07-18T09:52:01.402249,0.00,8.75,658.60,79.99,86.25,70.18,147.80,1.29
2022-07-18T09:53:01.991589,0.00,8.54,658.60,79.99,89.74,70.41,148.69,1.30
2022-07-18T09:54:01.576420,0.00,8.75,658.60,79.99,84.67,70.46,148.48,1.29
2022-07-18T09:55:02.164095,0.00,8.75,658.60,79.99,89.74,70.23,147.38,1.29
2022-07-18T09:56:01.748603,0.00,8.75,658.60,79.99,96.90,70.31,147.05,1.30
2022-07-18T09:57:01.335723,0.00,8.75,658.60,79.99,99.40,70.31,145.39,1.29
2022-07-18T09:58:01.920001,0.00,8.75,658.60,79.99,106.01,70.38,146.22,1.30
2022-07-18T09:59:01.514794,0.00,8.70,658.60,79.99,111.63,70.41,145.31,1.29
2022-07-18T10:00:02.102627,0.00,8.54,658.60,79.99,112.98,70.36,144.81,1.29
2022-07-18T10:01:01.691264,0.00,8.75,658.60,79.99,118.60,70.38,144.61,1.29
2022-07-18T10:02:01.289560,0.00,8.75,658.60,79.99,119.95,70.42,144.61,1.30
2022-07-18T10:03:01.874987,0.00,8.54,658.60,79.99,124.60,70.39,143.92,1.30
2022-07-18T10:04:01.463301,0.00,8.75,658.60,79.99,127.10,70.26,142.91,1.29
2022-07-18T10:05:02.053326,0.00,8.75,658.60,79.99,133.89,70.25,141.75,1.29
2022-07-18T10:06:01.642243,0.00,8.70,658.60,79.99,140.68,70.28,141.99,1.29
2022-07-18T10:07:01.226358,0.00,8.65,658.60,79.99,145.32,70.12,140.88,1.29
2022-07-18T10:08:01.814129,0.00,8.54,658.60,79.99,157.55,70.12,139.91,1.29
2022-07-18T10:09:01.392815,0.00,8.54,658.60,79.99,163.55,69.96,139.48,1.29
2022-07-18T10:10:01.976279,0.00,8.48,658.60,79.99,178.28,69.78,138.82,1.28
2022-07-18T10:11:01.555789,0.00,8.54,658.60,79.99,197.85,69.73,137.63,1.28
2022-07-18T10:12:02.152080,0.00,8.48,658.60,79.99,229.22,69.57,137.44,1.28
2022-07-18T10:13:01.746927,0.00,8.75,658.60,79.99,283.09,69.33,136.05,1.27
2022-07-18T10:14:01.333728,0.00,8.54,658.60,79.99,319.10,69.22,135.23,1.27
2022-07-18T10:15:01.923381,0.00,8.36,658.60,79.99,287.05,69.04,135.19,1.27
2022-07-18T10:16:01.517229,0.00,8.44,658.60,79.99,363.25,68.98,134.64,1.26
2022-07-18T10:17:02.109429,0.00,8.75,658.60,79.99,371.39,68.82,133.14,1.26
2022-07-18T10:18:01.699677,0.00,8.54,658.60,79.99,376.03,68.59,132.81,1.26
2022-07-18T10:19:01.288555,0.00,8.70,658.60,79.99,379.89,68.41,132.09,1.25
2022-07-18T10:20:01.876975,0.00,8.65,658.60,79.99,384.30,68.12,132.02,1.25
2022-07-18T10:21:01.462770,0.00,8.44,658.60,79.99,448.51,67.85,131.38,1.25
2022-07-18T10:22:02.053507,0.00,8.65,658.60,79.99,1282.24,67.68,130.53,1.24
2022-07-18T10:23:01.645553,0.00,8.48,658.60,79.99,1990.44,67.40,130.56,1.24
2022-07-18T10:24:01.228619,0.00,8.26,658.60,79.99,1992.04,67.20,129.68,1.23
2022-07-18T10:25:01.813423,0.00,8.26,658.60,79.99,1993.76,67.06,128.98,1.23
2022-07-18T10:26:01.416535,0.00,8.30,658.60,79.99,2035.21,66.74,128.67,1.23
2022-07-18T10:27:02.006595,0.00,8.26,658.60,79.99,2044.88,66.50,128.78,1.23
2022-07-18T10:28:01.595261,0.00,7.87,658.60,79.99,2016.51,65.95,127.71,1.22
2022-07-18T10:29:02.186074,0.00,8.22,658.60,79.99,1991.27,65.54,127.30,1.22
2022-07-18T10:30:01.773776,0.00,7.98,658.60,79.99,1995.31,64.44,125.14,1.22
2022-07-18T10:31:01.359300,0.00,7.82,658.60,79.99,1989.81,61.87,118.97,1.21
2022-07-18T10:32:01.957413,0.00,7.77,658.60,79.99,1991.10,59.03,111.22,1.21
2022-07-18T10:33:01.547925,0.00,7.77,658.60,79.99,1995.08,56.69,105.52,1.20
2022-07-18T10:34:02.136403,0.00,7.55,658.60,79.99,2020.11,54.75,101.37,1.19
2022-07-18T10:35:01.728083,0.00,7.73,658.60,79.99,2021.83,53.11,98.80,1.19
2022-07-18T10:36:01.316255,0.00,7.50,658.60,79.99,1971.63,51.66,96.95,1.19
2022-07-18T10:37:01.905760,0.00,7.37,658.60,79.99,1959.46,50.34,94.54,1.18
2022-07-18T10:38:01.510257,0.00,7.33,658.60,79.99,1946.91,49.20,94.73,1.19
2022-07-18T10:39:02.099144,0.00,7.68,658.60,79.99,1938.73,48.23,94.13,1.19
2022-07-18T10:40:01.686724,3.00,7.11,658.60,79.99,1934.21,47.00,92.72,1.18
2022-07-18T10:41:01.273526,0.00,7.27,658.60,79.99,1906.45,46.10,91.97,1.18
2022-07-18T10:42:01.877115,0.00,7.06,658.60,79.99,1847.83,45.18,91.28,1.18
2022-07-18T10:43:01.471330,0.00,7.33,658.60,79.99,1784.42,44.38,90.64,1.18
2022-07-18T10:44:02.063230,0.00,7.02,658.60,79.99,1760.45,43.67,90.30,1.18
2022-07-18T10:45:01.651145,1.00,6.88,658.60,79.99,1721.00,42.92,89.95,1.18
2022-07-18T10:46:01.248800,0.00,7.02,658.60,79.99,1669.47,42.35,90.21,1.18
2022-07-18T10:47:01.835045,0.00,6.84,658.60,79.99,1609.02,41.86,90.25,1.18
2022-07-18T10:48:01.427150,0.00,6.88,658.60,79.99,1525.22,41.44,90.30,1.18
2022-07-18T10:49:01.998373,0.00,7.02,658.60,79.99,1416.23,41.06,90.64,1.18
2022-07-18T10:50:01.588568,0.00,7.06,658.60,79.99,974.62,40.66,90.71,1.18
2022-07-18T10:51:02.175694,0.00,6.96,658.60,79.99,399.07,40.31,91.35,1.19
2022-07-18T10:52:01.775192,0.00,7.02,658.60,79.99,125.39,40.19,92.34,1.19
2022-07-18T10:53:01.366075,0.00,7.06,658.60,79.99,110.89,39.96,92.72,1.19
2022-07-18T10:54:01.958421,0.00,7.33,658.60,79.99,100.25,39.91,93.27,1.19
2022-07-18T10:55:01.547053,0.00,7.27,658.60,79.99,93.10,40.21,95.40,1.20
2022-07-18T10:56:02.135503,0.00,7.11,658.60,79.99,87.10,40.65,98.29,1.20
2022-07-18T10:57:01.735883,0.00,7.33,658.60,79.99,87.71,41.06,101.87,1.21
2022-07-18T10:58:01.325154,0.00,7.33,658.60,79.99,79.95,41.45,103.97,1.20
2022-07-18T10:59:01.917585,0.00,7.33,658.60,79.99,77.62,41.80,106.48,1.21
2022-07-18T11:00:01.508527,0.00,7.33,658.60,79.99,77.44,41.99,108.51,1.21
2022-07-18T11:01:02.101485,0.00,7.33,658.60,79.99,76.28,42.27,109.95,1.22
2022-07-18T11:02:01.693573,0.00,7.42,658.60,79.99,76.09,42.45,110.74,1.22
2022-07-18T11:03:01.277684,0.00,7.42,658.60,79.99,70.65,42.62,111.88,1.22
2022-07-18T11:04:01.866571,1.00,7.37,658.60,79.99,70.47,42.87,112.51,1.22
2022-07-18T11:05:01.455957,0.00,7.73,658.60,79.99,69.31,43.15,113.93,1.22
2022-07-18T11:06:02.042634,0.00,7.59,658.60,79.99,70.28,43.34,114.78,1.22
2022-07-18T11:07:01.633123,0.00,7.77,658.60,79.99,66.98,43.53,115.17,1.22
2022-07-18T11:08:01.226064,0.00,7.77,658.60,79.99,64.84,43.84,116.28,1.23
2022-07-18T11:09:01.816702,0.00,7.77,658.60,79.99,62.70,44.04,116.28,1.23
2022-07-18T11:10:01.406976,0.00,7.98,658.60,79.99,63.68,44.18,116.64,1.23
2022-07-18T11:11:01.995307,0.00,7.77,658.60,79.99,64.66,44.42,115.98,1.23
2022-07-18T11:12:01.585700,0.00,7.77,658.60,79.99,65.64,44.58,117.09,1.23
2022-07-18T11:13:02.175572,0.00,7.77,658.60,79.99,61.36,44.69,117.12,1.23
2022-07-18T11:14:01.763020,0.00,7.77,658.60,79.99,64.47,44.89,117.09,1.23
2022-07-18T11:15:01.354390,0.00,7.77,658.60,79.99,59.03,45.03,117.31,1.24
2022-07-18T11:16:01.944390,0.00,7.77,658.60,79.99,58.85,45.26,117.64,1.24
2022-07-18T11:17:01.529451,0.00,7.77,658.60,79.99,58.66,45.41,117.58,1.24
2022-07-18T11:18:02.116628,0.00,7.77,658.60,79.99,55.36,45.61,116.70,1.23
2022-07-18T11:19:01.709446,0.00,8.04,658.60,79.99,53.04,45.73,117.22,1.24
2022-07-18T11:20:01.288340,0.00,7.77,658.60,79.99,52.86,45.93,117.46,1.24
2022-07-18T11:21:01.875210,0.00,7.59,658.60,79.99,50.53,46.12,117.40,1.24
2022-07-18T11:22:01.482384,0.00,8.16,658.60,79.99,45.09,46.28,117.43,1.24
2022-07-18T11:23:02.071314,0.00,7.77,658.60,79.99,47.05,46.47,117.37,1.24
2022-07-18T11:24:01.652299,0.00,7.77,658.60,79.99,41.61,46.59,117.03,1.24
2022-07-18T11:25:01.237972,0.00,7.98,658.60,79.99,41.42,46.80,117.61,1.24
2022-07-18T11:26:01.824561,0.00,7.98,658.60,79.99,38.12,46.95,117.55,1.25
2022-07-18T11:27:01.413360,0.00,7.94,658.60,79.99,37.94,47.03,116.97,1.24
2022-07-18T11:28:02.004057,4.00,7.77,658.60,79.99,34.63,47.26,116.64,1.24
2022-07-18T11:29:01.593952,0.00,7.77,658.60,79.99,33.47,47.41,116.91,1.24
2022-07-18T11:30:02.183496,0.00,7.77,658.60,79.99,32.31,47.65,116.49,1.24
2022-07-18T11:31:01.769730,0.00,7.82,658.60,79.99,34.27,47.83,117.03,1.25
2022-07-18T11:32:01.356695,0.00,7.77,658.60,79.99,29.99,47.99,117.58,1.25
2022-07-18T11:33:01.947320,0.00,8.04,658.60,79.99,31.94,48.16,117.95,1.25
2022-07-18T11:34:01.531396,0.00,7.98,658.60,79.99,27.66,48.34,117.12,1.25
2022-07-18T11:35:02.122687,1.00,7.98,658.60,79.99,28.64,48.45,117.00,1.25
2022-07-18T11:36:01.712117,0.00,7.77,658.60,79.99,29.62,48.57,117.61,1.25
2022-07-18T11:37:01.302178,0.00,7.77,658.60,79.99,25.34,48.68,116.97,1.25
2022-07-18T11:38:01.893238,0.00,7.98,658.60,79.99,24.18,48.82,117.16,1.25
2022-07-18T11:39:01.489311,0.00,7.98,658.60,79.99,27.29,48.93,116.67,1.25
2022-07-18T11:40:02.077473,0.00,8.04,658.60,79.99,25.16,49.10,116.67,1.25
2022-07-18T11:41:01.662651,0.00,8.08,658.60,79.99,23.99,49.29,116.43,1.25
2022-07-18T11:42:01.260942,0.00,7.98,658.60,79.99,23.02,49.39,117.12,1.25
2022-07-18T11:43:01.851837,0.00,7.77,658.60,79.99,20.88,49.49,116.91,1.25
2022-07-18T11:44:01.435368,0.00,8.04,658.60,79.99,22.46,49.58,116.37,1.25
2022-07-18T11:45:02.016346,0.00,7.82,658.60,79.99,18.37,49.79,117.16,1.25
2022-07-18T11:46:01.605554,0.00,8.04,658.60,79.99,22.65,49.76,116.67,1.25
2022-07-18T11:47:02.190677,0.00,8.22,658.60,79.99,20.51,49.92,116.19,1.25
2022-07-18T11:48:01.792118,0.00,8.22,658.60,79.99,17.63,49.99,116.34,1.25
2022-07-18T11:49:01.382048,0.00,7.77,658.60,79.99,19.59,50.07,115.74,1.25
2022-07-18T11:50:01.972257,0.00,7.98,658.60,79.99,21.12,50.13,115.80,1.25
2022-07-18T11:51:01.553193,0.00,8.04,658.60,79.99,17.63,50.22,113.20,1.24
2022-07-18T11:52:02.137827,0.00,8.08,658.60,79.99,18.18,50.48,116.49,1.25
2022-07-18T11:53:01.723876,0.00,8.08,658.60,79.99,15.79,50.57,116.70,1.25
2022-07-18T11:54:01.308231,0.00,8.04,658.60,79.99,18.00,50.61,115.17,1.25
2022-07-18T11:55:01.896484,0.00,8.26,658.60,79.99,16.23,50.84,116.31,1.25
2022-07-18T11:56:01.498159,0.00,7.77,658.60,79.99,19.95,50.99,115.83,1.25
2022-07-18T11:57:02.086153,0.00,7.82,658.60,79.99,17.02,51.10,116.19,1.25
2022-07-18T11:58:01.665712,0.00,7.82,658.60,79.99,18.00,51.15,115.71,1.25
2022-07-18T11:59:01.261325,0.00,7.82,658.60,79.99,14.70,51.27,116.07,1.25
2022-07-18T12:00:01.851821,0.00,7.98,658.60,79.99,14.51,51.38,116.25,1.25
2022-07-18T12:01:01.433989,0.00,8.08,658.60,79.99,14.70,51.40,115.92,1.25
2022-07-18T12:02:02.019179,0.00,8.16,658.60,79.99,16.84,51.50,115.62,1.25
2022-07-18T12:03:01.606708,1.00,7.77,658.60,79.99,16.84,51.56,115.44,1.25
2022-07-18T12:04:02.194041,0.00,7.77,658.60,79.99,14.70,51.74,115.86,1.25
2022-07-18T12:05:01.782843,0.00,7.82,658.60,79.99,15.68,51.87,116.10,1.25
2022-07-18T12:06:01.381270,0.00,7.82,658.60,79.99,14.51,51.99,115.95,1.24
2022-07-18T12:07:01.972205,3.00,7.77,658.60,79.99,13.35,52.08,115.41,1.25
2022-07-18T12:08:01.563049,0.00,7.82,658.60,79.99,14.33,52.14,115.50,1.25
2022-07-18T12:09:02.157496,0.00,8.04,658.60,79.99,12.19,52.32,115.62,1.25
2022-07-18T12:10:01.740474,0.00,8.04,658.60,79.99,12.19,52.47,116.01,1.25
2022-07-18T12:11:01.327268,0.00,7.77,658.60,79.99,15.31,52.56,115.23,1.25
2022-07-18T12:12:01.924657,0.00,7.77,658.60,79.99,11.26,52.68,115.59,1.25
2022-07-18T12:13:01.517420,0.00,7.73,658.60,79.99,10.96,52.69,115.11,1.25
2022-07-18T12:14:02.096133,0.00,7.82,658.60,79.99,10.90,52.85,115.08,1.25
2022-07-18T12:15:01.694184,0.00,7.82,658.60,79.99,10.67,52.97,114.99,1.25
2022-07-18T12:16:01.287456,0.00,7.77,658.60,79.99,10.84,53.03,114.99,1.25
2022-07-18T12:17:01.878938,0.00,8.04,658.60,79.99,10.84,53.16,114.64,1.25
2022-07-18T12:18:01.476745,0.00,8.04,658.60,79.99,10.84,53.26,114.34,1.24
2022-07-18T12:19:02.065665,0.00,7.77,658.60,79.99,10.55,53.39,114.37,1.25
2022-07-18T12:20:01.653540,0.00,8.16,658.60,79.99,10.55,53.49,114.84,1.25
2022-07-18T12:21:01.254470,0.00,7.77,658.60,79.99,10.55,53.82,115.53,1.25
2022-07-18T12:22:01.844186,0.00,7.77,658.60,79.99,10.49,53.96,114.67,1.25
2022-07-18T12:23:01.434409,0.00,7.98,658.60,79.99,10.49,54.09,114.81,1.25
2022-07-18T12:24:02.031741,0.00,7.77,658.60,79.99,10.49,54.20,114.81,1.25
2022-07-18T12:25:01.631895,0.00,7.77,658.60,79.99,10.19,54.28,114.25,1.25
2022-07-18T12:26:01.223415,0.00,7.77,658.60,79.99,10.13,54.47,114.52,1.26
2022-07-18T12:27:01.809429,0.00,7.77,658.60,79.99,10.13,54.37,113.03,1.25
2022-07-18T12:28:01.391770,0.00,7.77,658.60,79.99,10.13,54.68,113.64,1.26
2022-07-18T12:29:01.982053,0.00,7.77,658.60,79.99,10.13,54.80,113.64,1.25
2022-07-18T12:30:01.578217,0.00,7.77,658.60,79.99,9.84,54.85,113.46,1.25
2022-07-18T12:31:02.176534,0.00,7.98,658.60,79.99,9.84,54.98,113.20,1.25
2022-07-18T12:32:01.764463,0.00,7.77,658.60,79.99,9.84,55.08,113.29,1.26
2022-07-18T12:33:01.353165,0.00,7.98,658.60,79.99,9.84,55.02,113.09,1.25
2022-07-18T12:34:01.943657,0.00,7.82,658.60,79.99,10.07,55.30,112.45,1.25
2022-07-18T12:32:02.243812,0.00,16.35,658.60,79.99,11.26,150.02,18.77,1.78
