2022-08-21T15:19:52.789955,0.00,16.88,658.60,79.99,18.25,66.62,14.62,0.83
2022-08-21T15:20:01.449711,0.00,16.67,658.60,79.99,19.42,64.50,3.12,0.67
2022-08-21T15:21:02.029167,0.00,15.96,658.60,79.99,25.36,60.57,2.25,0.59
2022-08-21T15:22:01.621442,0.00,15.42,658.60,79.99,27.14,58.55,1.85,0.55
2022-08-21T15:23:01.205862,0.00,15.42,658.60,79.99,31.64,57.47,1.66,0.52
2022-08-21T15:24:01.788222,0.00,14.97,658.60,79.99,39.58,56.31,1.54,0.50
2022-08-21T15:25:01.383824,0.00,14.76,658.60,79.99,49.89,55.34,1.48,0.48
2022-08-21T15:26:01.966538,0.00,14.35,658.60,79.99,45.57,54.44,1.44,0.46
2022-08-21T15:27:01.557002,0.00,13.99,658.60,79.99,50.01,53.60,1.43,0.45
2022-08-21T15:28:02.152131,0.00,13.99,658.60,79.99,49.89,52.85,1.43,0.44
2022-08-21T15:29:01.736352,0.00,13.77,658.60,79.99,47.82,52.50,1.45,0.43
2022-08-21T15:30:01.319013,0.00,13.90,658.60,79.99,42.01,52.15,1.48,0.42
2022-08-21T15:31:01.901788,0.00,13.50,658.60,79.99,42.90,51.89,1.53,0.42
2022-08-21T15:32:01.486386,0.00,13.46,658.60,79.99,42.67,51.56,1.57,0.41
2022-08-21T15:33:02.063598,0.00,13.28,658.60,79.99,30.64,51.26,1.63,0.41
2022-08-21T15:34:01.656510,0.00,13.06,658.60,79.99,26.15,51.15,1.70,0.40
2022-08-21T15:35:01.238879,0.00,13.06,658.60,79.99,36.44,50.78,1.78,0.40
2022-08-21T15:36:01.819100,0.00,12.79,658.60,79.99,22.35,50.67,1.87,0.39
2022-08-21T15:37:01.399966,0.00,12.57,658.60,79.99,22.96,50.28,1.95,0.39
2022-08-21T15:38:01.990343,0.00,12.62,658.60,79.99,19.11,50.17,2.06,0.39
2022-08-21T15:39:01.574683,0.00,12.57,658.60,79.99,14.27,49.92,2.16,0.38
2022-08-21T15:40:02.162051,0.00,12.26,658.60,79.99,19.08,49.85,2.27,0.38
2022-08-21T15:41:01.745511,0.00,12.08,658.60,79.99,20.15,49.43,2.38,0.38
2022-08-21T15:42:01.328850,0.00,12.26,658.60,79.99,21.69,49.25,2.50,0.38
2022-08-21T15:43:01.909404,0.00,12.08,658.60,79.99,19.61,48.92,2.62,0.37
2022-08-21T15:44:01.490333,0.00,11.90,658.60,79.99,34.72,48.61,2.76,0.37
2022-08-21T15:45:02.074632,4.00,11.59,658.60,79.99,38.16,48.55,2.91,0.37
2022-08-21T15:46:01.663561,0.00,11.47,658.60,79.99,37.15,48.57,3.07,0.37
2022-08-21T15:47:01.246484,0.00,11.59,658.60,79.99,27.07,48.34,3.22,0.37
2022-08-21T15:48:01.823611,0.00,11.55,658.60,79.99,21.80,48.35,3.39,0.37
2022-08-21T15:49:01.411386,0.00,11.59,658.60,79.99,22.22,48.25,3.56,0.37
2022-08-21T15:50:01.987178,0.00,11.33,658.60,79.99,20.21,48.16,3.75,0.37
2022-08-21T15:51:01.569289,0.00,11.15,658.60,79.99,22.78,48.19,3.93,0.37
2022-08-21T15:52:02.160819,0.00,11.10,658.60,79.99,23.88,48.21,4.13,0.37
2022-08-21T15:53:01.744063,0.00,10.94,658.60,79.99,23.64,48.21,4.33,0.37
2022-08-21T15:54:01.331280,0.00,10.88,658.60,79.99,34.84,48.35,4.56,0.37
2022-08-21T15:55:01.917408,0.00,10.88,658.60,79.99,32.30,48.64,4.80,0.37
2022-08-21T15:56:01.498949,0.00,10.66,658.60,79.99,26.47,48.85,4.99,0.37
2022-08-21T15:57:02.071131,0.00,10.70,658.60,79.99,30.87,48.93,5.23,0.37
2022-08-21T15:58:01.660389,0.00,10.66,658.60,79.99,29.77,49.10,5.52,0.38
2022-08-21T15:59:01.245388,0.00,10.66,658.60,79.99,34.19,49.29,5.79,0.38
2022-08-21T16:00:01.828609,0.00,10.66,658.60,79.99,33.31,49.40,6.03,0.38
2022-08-21T16:01:01.428969,0.00,10.70,658.60,79.99,29.14,49.10,6.23,0.38
2022-08-21T16:02:02.008968,0.00,10.66,658.60,79.99,27.74,49.21,6.49,0.38
2022-08-21T16:03:01.589132,0.00,10.70,658.60,79.99,29.88,49.22,6.76,0.38
2022-08-21T16:04:02.177905,0.00,10.66,658.60,79.99,28.72,49.34,7.01,0.38
2022-08-21T16:05:01.777121,0.00,10.61,658.60,79.99,25.41,49.58,7.29,0.38
2022-08-21T16:06:01.349219,0.00,10.61,658.60,79.99,28.35,49.54,7.60,0.38
2022-08-21T16:07:01.929935,0.00,10.66,658.60,79.99,28.16,49.65,7.90,0.38
2022-08-21T16:08:01.505614,0.00,10.45,658.60,79.99,28.16,50.12,8.21,0.38
2022-08-21T16:09:02.086487,0.00,10.45,658.60,79.99,26.02,50.06,8.54,0.38
2022-08-21T16:10:01.673429,0.00,10.39,658.60,79.99,25.84,50.56,8.91,0.38
2022-08-21T16:11:01.258064,0.00,10.22,658.60,79.99,24.68,50.78,9.27,0.39
2022-08-21T16:12:01.841054,0.00,10.45,658.60,79.99,26.82,50.52,9.55,0.39
2022-08-21T16:13:01.422249,0.00,10.66,658.60,79.99,23.88,50.79,9.91,0.39
2022-08-21T16:14:02.006884,0.00,10.66,658.60,79.99,31.17,51.13,10.29,0.39
2022-08-21T16:15:01.588859,0.00,10.49,658.60,79.99,26.37,51.31,10.67,0.39
2022-08-21T16:16:02.170045,0.00,10.66,658.60,79.99,22.22,51.63,11.09,0.39
2022-08-21T16:17:01.753159,0.00,10.66,658.60,79.99,28.22,51.88,11.26,0.39
2022-08-21T16:18:01.339804,0.00,10.66,658.60,79.99,28.22,51.87,11.85,0.40
2022-08-21T16:19:01.922211,0.00,10.35,658.60,79.99,27.55,52.02,12.26,0.40
2022-08-21T16:20:01.506472,1.00,10.22,658.60,79.99,33.07,52.14,12.60,0.40
2022-08-21T16:21:02.085058,0.00,10.22,658.60,79.99,32.99,52.38,13.05,0.40
2022-08-21T16:22:01.667368,0.00,10.56,658.60,79.99,28.03,52.52,13.48,0.40
2022-08-21T16:23:01.250651,0.00,10.17,658.60,79.99,26.87,52.62,13.85,0.41
2022-08-21T16:24:01.836084,0.00,10.17,658.60,79.99,26.87,52.64,14.28,0.41
2022-08-21T16:25:01.438527,0.00,10.07,658.60,79.99,25.89,51.88,13.83,0.39
2022-08-21T16:26:02.036112,0.00,9.95,658.60,79.99,25.10,52.45,14.49,0.40
2022-08-21T16:27:01.634003,0.00,9.99,658.60,79.99,22.35,52.33,15.08,0.40
2022-08-21T16:28:01.208962,0.00,10.17,658.60,79.99,35.15,52.22,15.54,0.40
2022-08-21T16:29:01.797032,0.00,9.99,658.60,79.99,31.46,52.00,15.91,0.40
2022-08-21T16:30:01.385283,0.00,10.13,658.60,79.99,27.00,51.74,16.28,0.40
2022-08-21T16:31:01.968051,0.00,9.90,658.60,79.99,32.70,51.83,16.71,0.40
2022-08-21T16:32:01.559827,0.00,10.13,658.60,79.99,34.73,51.74,16.96,0.40
2022-08-21T16:33:02.155155,0.00,9.99,658.60,79.99,34.36,51.66,17.30,0.40
2022-08-21T16:34:01.739223,0.00,9.74,658.60,79.99,34.97,51.68,17.63,0.40
2022-08-21T16:35:01.315653,0.00,9.74,658.60,79.99,29.34,51.67,17.96,0.39
2022-08-21T16:36:01.899038,0.00,9.68,658.60,79.99,27.26,51.41,18.33,0.39
2022-08-21T16:37:01.480245,0.00,9.68,658.60,79.99,29.58,51.03,18.49,0.39
2022-08-21T16:38:02.069391,0.00,9.74,658.60,79.99,31.35,51.24,18.94,0.39
2022-08-21T16:39:01.660380,0.00,9.68,658.60,79.99,27.87,51.15,19.31,0.39
2022-08-21T16:40:01.245427,0.00,9.74,658.60,79.99,29.82,51.17,19.73,0.39
2022-08-21T16:41:01.828166,0.00,9.50,658.60,79.99,27.50,51.29,20.28,0.39
2022-08-21T16:42:01.410263,0.00,9.50,658.60,79.99,30.43,51.28,20.72,0.39
2022-08-21T16:43:02.002132,0.00,9.68,658.60,79.99,28.11,51.17,21.18,0.39
2022-08-21T16:44:01.584681,0.00,9.64,658.60,79.99,30.06,51.01,21.47,0.39
2022-08-21T16:45:02.160273,0.00,9.50,658.60,79.99,26.76,50.85,21.82,0.39
2022-08-21T16:46:01.744977,0.00,9.68,658.60,79.99,25.60,50.85,22.11,0.39
2022-08-21T16:47:01.324126,0.00,9.68,658.60,79.99,22.30,50.69,22.57,0.39
2022-08-21T16:48:01.903447,0.00,9.64,658.60,79.99,25.23,50.60,22.92,0.39
2022-08-21T16:49:01.487558,0.00,9.64,658.60,79.99,28.35,50.52,23.27,0.38
2022-08-21T16:50:02.070378,0.00,9.64,658.60,79.99,27.18,50.45,23.62,0.38
2022-08-21T16:51:01.656811,0.00,9.28,658.60,79.99,27.18,50.32,23.90,0.38
2022-08-21T16:52:01.238013,0.00,9.68,658.60,79.99,22.54,50.28,24.23,0.38
2022-08-21T16:53:01.815258,0.00,9.46,658.60,79.99,24.86,50.18,24.66,0.38
2022-08-21T16:54:01.406667,0.00,9.28,658.60,79.99,25.84,50.07,25.01,0.38
2022-08-21T16:55:01.983235,0.00,9.42,658.60,79.99,25.65,50.16,25.54,0.38
2022-08-21T16:56:01.578298,0.00,9.64,658.60,79.99,25.65,50.08,25.85,0.38
2022-08-21T16:57:02.160517,0.00,9.33,658.60,79.99,23.39,50.16,26.30,0.38
2022-08-21T16:58:01.744940,0.00,9.68,658.60,79.99,23.86,50.06,26.83,0.38
2022-08-21T16:59:01.341910,0.00,9.64,658.60,79.99,19.03,50.01,27.23,0.38
2022-08-21T17:00:01.922747,0.00,9.24,658.60,79.99,20.21,49.94,27.64,0.38
2022-08-21T17:01:01.503002,0.00,9.24,658.60,79.99,15.60,49.68,27.07,0.38
2022-08-21T17:02:02.087790,0.00,9.42,658.60,79.99,18.66,49.75,28.00,0.38
2022-08-21T17:03:01.670048,0.00,9.33,658.60,79.99,22.46,49.73,28.48,0.38
2022-08-21T17:04:01.268606,0.00,9.64,658.60,79.99,22.35,49.59,28.80,0.38
2022-08-21T17:05:01.845353,0.00,9.46,658.60,79.99,22.28,49.54,29.19,0.38
2022-08-21T17:06:01.424676,0.00,9.24,658.60,79.99,23.68,49.42,29.39,0.38
2022-08-21T17:07:02.008183,0.00,9.24,658.60,79.99,21.30,49.58,29.05,0.37
2022-08-21T17:08:01.590246,0.00,9.42,658.60,79.99,26.50,49.39,29.99,0.38
2022-08-21T17:09:02.171574,0.00,9.50,658.60,79.99,22.15,49.22,30.41,0.37
2022-08-21T17:10:01.746226,0.00,9.24,658.60,79.99,23.99,49.04,30.57,0.37
2022-08-21T17:11:01.328247,0.00,9.24,658.60,79.99,21.43,49.10,30.83,0.37
2022-08-21T17:12:01.913556,0.00,9.28,658.60,79.99,24.60,49.07,31.15,0.37
2022-08-21T17:13:01.497912,0.00,9.42,658.60,79.99,25.89,48.96,31.36,0.37
2022-08-21T17:14:02.078810,0.00,9.28,658.60,79.99,25.28,48.84,31.73,0.37
2022-08-21T17:15:01.664550,0.00,9.24,658.60,79.99,23.15,48.75,31.98,0.37
2022-08-21T17:16:01.247819,0.00,9.33,658.60,79.99,25.28,48.64,32.19,0.37
2022-08-21T17:17:01.833676,0.00,9.42,658.60,79.99,23.15,48.52,32.29,0.37
2022-08-21T17:18:01.418023,0.00,9.59,658.60,79.99,23.15,48.51,32.71,0.37
2022-08-21T17:19:01.999433,0.00,9.46,658.60,79.99,22.17,48.51,32.58,0.37
2022-08-21T17:20:01.581499,0.00,9.28,658.60,79.99,24.31,48.54,32.59,0.37
2022-08-21T17:21:02.166656,0.00,9.24,658.60,79.99,24.31,48.47,32.66,0.37
2022-08-21T17:22:01.764655,0.00,9.24,658.60,79.99,23.33,48.31,32.55,0.37
2022-08-21T17:23:01.349412,0.00,9.24,658.60,79.99,24.31,48.36,32.75,0.37
2022-08-21T17:24:01.927386,0.00,9.24,658.60,79.99,24.12,48.40,33.04,0.37
2022-08-21T17:25:01.509807,0.00,9.46,658.60,79.99,23.75,48.16,33.23,0.37
2022-08-21T17:26:02.085731,0.00,9.59,658.60,79.99,17.15,48.24,33.80,0.37
2022-08-21T17:27:01.662538,0.00,9.33,658.60,79.99,20.08,48.33,34.29,0.37
2022-08-21T17:28:01.245370,3.00,9.59,658.60,79.99,21.06,48.37,34.83,0.37
2022-08-21T17:29:01.828694,0.00,9.33,658.60,79.99,19.90,48.37,35.20,0.37
2022-08-21T17:30:01.414630,0.00,9.24,658.60,79.99,17.76,48.36,35.69,0.37
2022-08-21T17:31:02.008411,0.00,9.28,658.60,79.99,21.85,48.24,36.09,0.37
2022-08-21T17:32:01.589738,0.00,9.24,658.60,79.99,20.69,48.27,36.36,0.37
2022-08-21T17:33:02.170071,0.00,9.33,658.60,79.99,18.37,48.31,36.79,0.37
2022-08-21T17:34:01.755191,0.00,9.24,658.60,79.99,18.18,48.20,36.94,0.37
2022-08-21T17:35:01.338222,0.00,9.24,658.60,79.99,18.18,48.05,37.36,0.37
2022-08-21T17:36:01.919215,0.00,9.24,658.60,79.99,17.02,48.10,37.48,0.37
2022-08-21T17:37:01.499663,0.00,9.24,658.60,79.99,18.00,48.19,37.64,0.37
2022-08-21T17:38:02.091217,0.00,9.02,658.60,79.99,21.12,48.10,38.15,0.37
2022-08-21T17:39:01.675927,0.00,9.24,658.60,79.99,18.00,47.94,38.41,0.37
2022-08-21T17:40:01.258485,0.00,9.24,658.60,79.99,16.10,48.14,38.90,0.37
2022-08-21T17:41:01.851404,0.00,9.24,658.60,79.99,15.18,48.02,39.50,0.37
2022-08-21T17:42:01.449068,0.00,9.24,658.60,79.99,15.79,47.85,39.83,0.37
2022-08-21T17:43:02.028730,0.00,9.24,658.60,79.99,13.46,47.68,40.13,0.37
2022-08-21T17:44:01.621395,0.00,9.24,658.60,79.99,14.81,47.70,40.69,0.37
2022-08-21T17:45:01.204515,0.00,9.24,658.60,79.99,18.85,47.57,40.97,0.37
2022-08-21T17:46:01.787769,0.00,9.24,658.60,79.99,14.75,47.66,41.42,0.37
2022-08-21T17:47:01.365052,0.00,9.24,658.60,79.99,15.12,47.57,41.98,0.37
2022-08-21T17:48:01.947663,0.00,8.97,658.60,79.99,16.89,47.44,42.33,0.37
2022-08-21T17:49:01.544987,0.00,9.24,658.60,79.99,16.34,47.25,42.74,0.37
2022-08-21T17:50:02.131481,0.00,9.18,658.60,79.99,14.99,47.21,42.80,0.37
2022-08-21T17:51:01.717047,0.00,9.28,658.60,79.99,16.16,47.20,43.04,0.37
2022-08-21T17:52:01.300177,0.00,9.24,658.60,79.99,16.34,47.10,43.12,0.37
2022-08-21T17:53:01.890392,0.00,9.24,658.60,79.99,15.73,47.16,43.23,0.37
2022-08-21T17:54:01.474161,0.00,9.24,658.60,79.99,14.75,47.13,43.87,0.37
2022-08-21T17:55:02.057839,0.00,9.24,658.60,79.99,15.73,46.89,44.12,0.37
2022-08-21T17:56:01.653633,0.00,9.02,658.60,79.99,15.73,46.76,44.37,0.37
2022-08-21T17:57:01.246951,0.00,9.24,658.60,79.99,14.57,46.60,44.64,0.37
2022-08-21T17:58:01.824895,0.00,9.42,658.60,79.99,15.55,46.90,45.22,0.37
2022-08-21T17:59:01.413365,1.00,9.24,658.60,79.99,14.39,46.81,45.69,0.37
2022-08-21T18:00:01.989385,0.00,9.02,658.60,79.99,12.25,46.78,46.20,0.37
2022-08-21T18:01:01.584017,0.00,9.24,658.60,79.99,8.89,46.55,46.82,0.37
2022-08-21T18:02:02.167312,0.00,9.24,658.60,79.99,12.06,46.53,47.18,0.37
2022-08-21T18:03:01.748882,0.00,9.24,658.60,79.99,13.04,46.36,47.41,0.37
2022-08-21T18:04:01.343977,0.00,9.24,658.60,79.99,16.16,46.24,47.53,0.37
2022-08-21T18:05:01.927884,0.00,9.42,658.60,79.99,12.85,46.18,48.00,0.37
2022-08-21T18:06:01.504205,0.00,9.24,658.60,79.99,10.53,46.23,48.09,0.37
2022-08-21T18:07:02.087764,0.00,8.97,658.60,79.99,12.49,46.12,48.61,0.37
2022-08-21T18:08:01.669322,0.00,9.24,658.60,79.99,10.35,45.98,48.65,0.37
2022-08-21T18:09:01.254107,0.00,9.24,658.60,79.99,10.77,45.91,48.85,0.37
2022-08-21T18:10:01.829680,0.00,9.24,658.60,79.99,12.73,45.86,49.18,0.37
2022-08-21T18:11:01.414313,0.00,9.24,658.60,79.99,13.09,45.70,49.29,0.37
2022-08-21T18:12:01.998019,0.00,9.18,658.60,79.99,13.46,45.84,49.33,0.37
2022-08-21T18:13:01.581016,0.00,9.24,658.60,79.99,11.51,45.56,49.29,0.37
2022-08-21T18:14:02.164312,0.00,9.24,658.60,79.99,12.49,45.51,49.54,0.37
2022-08-21T18:15:01.743022,0.00,9.02,658.60,79.99,13.46,45.34,49.62,0.36
2022-08-21T18:16:01.328015,0.00,9.02,658.60,79.99,13.46,45.33,49.67,0.37
2022-08-21T18:17:01.912471,0.00,9.14,658.60,79.99,7.05,45.38,50.38,0.37
2022-08-21T18:18:01.497246,0.00,9.02,658.60,79.99,9.79,45.09,50.54,0.36
2022-08-21T18:19:02.079936,0.00,9.24,658.60,79.99,10.22,44.86,50.81,0.36
2022-08-21T18:20:01.665957,0.00,9.02,658.60,79.99,8.87,44.95,51.33,0.36
2022-08-21T18:21:01.247534,0.00,9.24,658.60,79.99,8.87,44.97,51.61,0.37
2022-08-21T18:22:01.827735,0.00,9.24,658.60,79.99,10.22,44.91,51.80,0.37
2022-08-21T18:23:01.414958,0.00,9.24,658.60,79.99,10.40,44.91,51.62,0.37
2022-08-21T18:24:01.988098,0.00,9.24,658.60,79.99,6.12,44.86,51.53,0.37
2022-08-21T18:25:01.575177,0.00,9.18,658.60,79.99,10.03,44.93,52.07,0.37
2022-08-21T18:26:02.162339,0.00,9.02,658.60,79.99,7.71,44.85,52.24,0.37
2022-08-21T18:27:01.744654,0.00,9.02,658.60,79.99,8.69,44.78,52.37,0.37
2022-08-21T18:28:01.328590,0.00,9.18,658.60,79.99,10.64,44.68,52.56,0.36
2022-08-21T18:29:01.916141,0.00,9.24,658.60,79.99,8.50,44.68,52.89,0.36
2022-08-21T18:30:01.496830,3.00,9.24,658.60,79.99,8.50,44.50,53.28,0.36
2022-08-21T18:31:02.073952,0.00,9.02,658.60,79.99,11.62,44.30,53.52,0.36
2022-08-21T18:32:01.658132,0.00,9.24,658.60,79.99,11.62,44.09,53.60,0.36
2022-08-21T18:33:01.238915,0.00,9.02,658.60,79.99,7.34,44.22,53.71,0.36
2022-08-21T18:34:01.820303,0.00,9.02,658.60,79.99,5.20,44.25,54.33,0.36
2022-08-21T18:35:01.404111,0.00,9.18,658.60,79.99,5.20,44.35,54.59,0.36
2022-08-21T18:36:01.995212,0.00,9.24,658.60,79.99,5.20,44.01,54.75,0.36
2022-08-21T18:37:01.577152,0.00,9.24,658.60,79.99,7.34,43.99,55.09,0.36
2022-08-21T18:38:02.163183,0.00,9.24,658.60,79.99,8.50,44.01,55.71,0.36
2022-08-21T18:39:01.746943,0.00,9.24,658.60,79.99,5.39,43.89,55.94,0.36
2022-08-21T18:40:01.329670,0.00,8.97,658.60,79.99,5.39,43.58,56.14,0.36
2022-08-21T18:41:01.914843,0.00,9.18,658.60,79.99,5.39,43.74,56.73,0.36
2022-08-21T18:42:01.497536,0.00,8.97,658.60,79.99,5.39,43.60,56.81,0.36
2022-08-21T18:43:02.080174,0.00,9.24,658.60,79.99,8.50,43.38,57.24,0.36
2022-08-21T18:44:01.664887,0.00,9.24,658.60,79.99,5.20,43.36,57.78,0.36
2022-08-21T18:45:01.246763,0.00,9.02,658.60,79.99,3.06,43.47,58.19,0.36
2022-08-21T18:46:01.828163,0.00,8.79,658.60,79.99,2.07,43.28,58.35,0.36
2022-08-21T18:47:01.412830,0.00,9.18,658.60,79.99,5.02,43.27,58.58,0.36
2022-08-21T18:48:01.996085,0.00,9.18,658.60,79.99,5.02,43.09,58.98,0.36
2022-08-21T18:49:01.578874,0.00,9.18,658.60,79.99,5.02,43.13,58.97,0.36
2022-08-21T18:50:02.164065,0.00,8.97,658.60,79.99,5.02,43.04,59.34,0.36
2022-08-21T18:51:01.741806,0.00,9.18,658.60,79.99,5.02,43.08,59.72,0.36
2022-08-21T18:52:01.322956,0.00,9.18,658.60,79.99,5.02,43.06,60.16,0.36
2022-08-21T18:53:01.915374,1.00,9.18,658.60,79.99,2.88,43.09,60.54,0.36
2022-08-21T18:54:01.498953,0.00,9.02,658.60,79.99,5.99,43.05,60.64,0.36
2022-08-21T18:55:02.080501,0.00,8.97,658.60,79.99,3.85,43.00,61.15,0.36
2022-08-21T18:56:01.666950,0.00,9.24,658.60,79.99,4.83,42.93,61.63,0.36
2022-08-21T18:57:01.248382,0.00,9.02,658.60,79.99,2.69,42.92,60.74,0.36
2022-08-21T18:58:01.824777,0.00,9.18,658.60,79.99,5.81,42.85,62.46,0.37
2022-08-21T18:59:01.412325,0.00,8.97,658.60,79.99,5.81,42.80,62.78,0.37
2022-08-21T19:00:01.996393,0.00,9.18,658.60,79.99,5.81,42.92,63.39,0.37
2022-08-21T19:01:01.578059,0.00,9.24,658.60,79.99,1.53,42.67,63.44,0.37
2022-08-21T19:02:02.167854,1.00,8.97,658.60,79.99,4.65,42.72,63.92,0.37
2022-08-21T19:03:01.749759,0.00,8.97,658.60,79.99,2.51,42.79,62.62,0.36
2022-08-21T19:04:01.328519,0.00,9.02,658.60,79.99,2.51,42.67,64.42,0.37
2022-08-21T19:05:01.914723,0.00,8.97,658.60,79.99,2.51,42.70,65.32,0.37
2022-08-21T19:06:01.497309,0.00,9.02,658.60,79.99,2.51,42.55,65.63,0.37
2022-08-21T19:07:02.079469,0.00,9.24,658.60,79.99,0.83,42.65,66.21,0.37
2022-08-21T19:08:01.674052,1.00,9.02,658.60,79.99,3.49,42.70,66.45,0.37
2022-08-21T19:09:01.257267,0.00,9.18,658.60,79.99,3.49,42.63,66.45,0.37
2022-08-21T19:10:01.837967,0.00,9.02,658.60,79.99,1.35,42.64,66.76,0.37
2022-08-21T19:11:01.420040,0.00,9.02,658.60,79.99,1.35,42.26,66.68,0.37
2022-08-21T19:12:02.004311,0.00,8.97,658.60,79.99,1.35,42.32,66.88,0.37
2022-08-21T19:13:01.596445,0.00,8.97,658.60,79.99,2.32,42.32,67.31,0.37
2022-08-21T19:14:02.174950,0.00,9.02,658.60,79.99,2.32,42.28,66.95,0.37
2022-08-21T19:15:01.749286,0.00,8.97,658.60,79.99,2.32,41.91,66.85,0.37
2022-08-21T19:16:01.345092,0.00,9.24,658.60,79.99,2.32,41.87,66.56,0.37
2022-08-21T19:17:01.928646,0.00,9.18,658.60,79.99,0.41,41.69,66.31,0.37
2022-08-21T19:18:01.514680,0.00,8.97,658.60,79.99,0.41,41.76,66.06,0.37
2022-08-21T19:19:02.100239,0.00,8.97,658.60,79.99,0.41,41.70,66.18,0.37
2022-08-21T19:20:01.685405,0.00,9.02,658.60,79.99,0.41,41.59,65.92,0.37
2022-08-21T19:21:01.268206,0.00,8.97,658.60,79.99,0.41,41.53,65.62,0.37
2022-08-21T19:22:01.864200,0.00,8.97,658.60,79.99,2.33,41.45,65.81,0.37
2022-08-21T19:23:01.437744,0.00,8.97,658.60,79.99,1.16,41.31,65.39,0.37
2022-08-21T19:24:02.029071,0.00,8.97,658.60,79.99,1.16,41.23,65.45,0.37
2022-08-21T19:25:01.619171,0.00,9.18,658.60,79.99,1.16,41.12,65.02,0.37
2022-08-21T19:26:02.199848,0.00,9.02,658.60,79.99,1.16,41.08,65.10,0.37
2022-08-21T19:27:01.783910,0.00,8.97,658.60,79.99,1.16,41.16,65.07,0.37
2022-08-21T19:28:01.376167,0.00,8.79,658.60,79.99,1.16,41.06,65.05,0.37
2022-08-21T19:29:01.954214,0.00,9.18,658.60,79.99,0.00,41.10,65.10,0.37
2022-08-21T19:30:01.536384,0.00,9.14,658.60,79.99,0.00,40.95,65.02,0.37
2022-08-21T19:31:02.133472,0.00,8.97,658.60,79.99,0.00,40.86,65.26,0.37
2022-08-21T19:32:01.715352,0.00,9.18,658.60,79.99,0.00,40.82,65.13,0.37
2022-08-21T19:33:01.297571,0.00,8.97,658.60,79.99,0.00,40.66,65.05,0.37
2022-08-21T19:34:01.879964,1.00,9.18,658.60,79.99,0.00,40.64,65.32,0.37
2022-08-21T19:35:01.464754,0.00,9.02,658.60,79.99,0.00,40.53,65.11,0.37
2022-08-21T19:36:02.048507,0.00,8.97,658.60,79.99,0.89,40.31,64.30,0.37
2022-08-21T19:37:01.640071,0.00,8.97,658.60,79.99,0.89,40.35,64.61,0.37
2022-08-21T19:38:01.223841,0.00,9.18,658.60,79.99,0.89,40.29,64.84,0.37
2022-08-21T19:39:01.805748,0.00,8.93,658.60,79.99,0.89,40.16,65.13,0.37
2022-08-21T19:40:01.394165,0.00,9.18,658.60,79.99,0.00,40.16,65.24,0.37
2022-08-21T19:41:01.977190,0.00,9.18,658.60,79.99,0.00,40.11,65.66,0.37
2022-08-21T19:42:01.559168,0.00,8.79,658.60,79.99,0.00,39.98,65.32,0.37
2022-08-21T19:43:02.154208,0.00,8.97,658.60,79.99,0.00,39.97,65.71,0.37
2022-08-21T19:44:01.737623,1.00,8.97,658.60,79.99,0.00,39.98,65.95,0.37
2022-08-21T19:45:01.318995,0.00,9.18,658.60,79.99,0.00,40.20,66.47,0.37
2022-08-21T19:46:01.909139,0.00,9.02,658.60,79.99,0.00,39.92,66.80,0.37
2022-08-21T19:47:01.488645,0.00,8.79,658.60,79.99,0.00,39.93,66.66,0.37
2022-08-21T19:48:02.069005,0.00,8.93,658.60,79.99,0.00,39.88,67.03,0.37
2022-08-21T19:49:01.650878,0.00,8.79,658.60,79.99,0.00,39.81,67.05,0.37
2022-08-21T19:50:01.236121,0.00,8.97,658.60,79.99,0.00,39.70,67.12,0.37
2022-08-21T19:51:01.821050,0.00,8.97,658.60,79.99,0.00,39.74,67.45,0.37
2022-08-21T19:52:01.409924,0.00,9.18,658.60,79.99,0.00,39.62,67.56,0.37
2022-08-21T19:53:01.989275,0.00,9.18,658.60,79.99,0.00,39.84,67.74,0.37
2022-08-21T19:54:01.569841,2.00,8.93,658.60,79.99,0.00,39.49,67.91,0.37
2022-08-21T19:55:02.154397,0.00,9.18,658.60,79.99,0.00,39.59,68.22,0.37
2022-08-21T19:56:01.736347,0.00,9.02,658.60,79.99,0.00,39.48,68.60,0.37
2022-08-21T19:57:01.319640,0.00,9.18,658.60,79.99,0.00,39.24,68.62,0.37
2022-08-21T19:58:01.909915,0.00,9.18,658.60,79.99,0.00,39.34,69.09,0.37
2022-08-21T19:59:01.495291,0.00,9.24,658.60,79.99,0.00,39.28,68.63,0.37
2022-08-21T20:00:02.079747,0.00,9.02,658.60,79.99,0.00,39.09,68.82,0.37
2022-08-21T20:01:01.665629,0.00,8.97,658.60,79.99,0.00,39.14,69.08,0.37
2022-08-21T20:02:01.259814,0.00,8.97,658.60,79.99,0.00,39.12,69.22,0.37
2022-08-21T20:03:01.853773,0.00,8.97,658.60,79.99,0.00,38.95,69.28,0.37
2022-08-21T20:04:01.438285,0.00,9.02,658.60,79.99,0.00,38.97,69.09,0.37
2022-08-21T20:05:02.020676,0.00,9.18,658.60,79.99,0.00,38.84,69.19,0.37
2022-08-21T20:06:01.597079,0.00,9.18,658.60,79.99,0.00,38.80,69.28,0.37
2022-08-21T20:07:02.175866,0.00,9.24,658.60,79.99,0.00,38.70,69.12,0.37
2022-08-21T20:08:01.758906,0.00,8.97,658.60,79.99,0.00,38.60,68.54,0.37
2022-08-21T20:09:01.341335,0.00,9.18,658.60,79.99,0.00,38.66,68.54,0.37
2022-08-21T20:10:01.922544,0.00,9.24,658.60,79.99,0.00,38.69,68.59,0.37
2022-08-21T20:11:01.505535,0.00,9.02,658.60,79.99,0.00,38.61,68.44,0.37
2022-08-21T20:12:02.089460,0.00,9.02,658.60,79.99,0.00,38.56,68.48,0.37
2022-08-21T20:13:01.676746,0.00,8.93,658.60,79.99,0.00,38.51,68.27,0.37
2022-08-21T20:14:01.259377,0.00,8.93,658.60,79.99,0.00,38.43,68.22,0.37
2022-08-21T20:15:01.841560,1.00,9.02,658.60,79.99,0.00,38.47,68.44,0.37
2022-08-21T20:16:01.423237,0.00,8.97,658.60,79.99,0.00,38.38,68.63,0.37
2022-08-21T20:17:02.012630,0.00,9.02,658.60,79.99,0.00,38.37,68.66,0.37
2022-08-21T20:18:01.605532,0.00,9.02,658.60,79.99,0.00,38.39,69.08,0.37
2022-08-21T20:19:02.187087,0.00,8.93,658.60,79.99,0.00,38.33,69.30,0.37
2022-08-21T20:20:01.784977,0.00,8.97,658.60,79.99,0.00,38.26,69.46,0.37
2022-08-21T20:21:01.384025,0.00,9.18,658.60,79.99,0.00,38.19,69.35,0.37
2022-08-21T20:22:01.966857,1.00,9.18,658.60,79.99,0.00,38.14,69.65,0.37
2022-08-21T20:23:01.549139,0.00,8.93,658.60,79.99,0.00,38.17,69.25,0.37
2022-08-21T20:24:02.149718,0.00,9.18,658.60,79.99,0.00,38.20,69.57,0.37
2022-08-21T20:25:01.735638,0.00,9.14,658.60,79.99,0.00,38.08,69.24,0.37
2022-08-21T20:26:01.318845,0.00,8.97,658.60,79.99,0.00,38.10,69.76,0.37
2022-08-21T20:27:01.902097,0.00,8.85,658.60,79.99,0.00,38.08,70.00,0.37
2022-08-21T20:28:01.487563,1.00,8.97,658.60,79.99,0.00,38.06,70.52,0.37
2022-08-21T20:29:02.084024,0.00,9.24,658.60,79.99,0.00,38.00,70.54,0.37
2022-08-21T20:30:01.671375,0.00,9.24,658.60,79.99,0.00,37.98,70.80,0.37
2022-08-21T20:31:01.255500,0.00,9.02,658.60,79.99,0.00,37.92,70.39,0.37
2022-08-21T20:32:01.837834,0.00,9.24,658.60,79.99,0.00,37.85,70.68,0.37
2022-08-21T20:33:01.423494,0.00,8.79,658.60,79.99,0.00,37.75,70.39,0.37
2022-08-21T20:34:02.001499,0.00,9.18,658.60,79.99,0.00,37.63,69.92,0.37
2022-08-21T20:35:01.580765,0.00,9.24,658.60,79.99,0.00,37.62,70.68,0.37
2022-08-21T20:36:02.165269,0.00,9.02,658.60,79.99,0.00,37.61,71.06,0.37
2022-08-21T20:37:01.746557,1.00,9.02,658.60,79.99,0.00,37.59,71.42,0.37
2022-08-21T20:38:01.332993,0.00,9.18,658.60,79.99,0.00,37.67,71.82,0.37
2022-08-21T20:39:01.916715,0.00,9.02,658.60,79.99,0.00,37.58,72.03,0.37
2022-08-21T20:40:01.510311,0.00,8.97,658.60,79.99,0.00,37.48,71.67,0.37
2022-08-21T20:41:02.090234,0.00,9.18,658.60,79.99,0.00,37.55,72.40,0.37
2022-08-21T20:42:01.675085,0.00,8.97,658.60,79.99,0.00,37.57,72.63,0.37
2022-08-21T20:43:01.267242,0.00,8.97,658.60,79.99,0.00,37.46,72.82,0.37
2022-08-21T20:44:01.844763,0.00,8.93,658.60,79.99,0.00,37.34,72.79,0.37
2022-08-21T20:45:01.424682,0.00,9.24,658.60,79.99,0.00,37.46,73.14,0.37
2022-08-21T20:46:02.008501,0.00,9.24,658.60,79.99,0.00,37.32,72.72,0.37
2022-08-21T20:47:01.590050,1.00,9.24,658.60,79.99,0.00,37.21,73.01,0.37
2022-08-21T20:48:02.171596,0.00,9.02,658.60,79.99,0.00,37.25,73.51,0.37
2022-08-21T20:49:01.754986,0.00,8.93,658.60,79.99,0.00,37.25,73.72,0.37
2022-08-21T20:50:01.334826,0.00,9.18,658.60,79.99,0.00,37.17,73.75,0.38
2022-08-21T20:51:01.918675,0.00,8.97,658.60,79.99,0.00,37.22,74.59,0.37
2022-08-21T20:52:01.499969,0.00,9.02,658.60,79.99,0.00,37.17,72.97,0.37
2022-08-21T20:53:02.084541,0.00,9.02,658.60,79.99,0.00,37.05,74.65,0.38
2022-08-21T20:54:01.667922,0.00,8.97,658.60,79.99,0.00,37.09,75.26,0.38
2022-08-21T20:55:01.248874,0.00,8.97,658.60,79.99,0.00,37.07,74.92,0.38
2022-08-21T20:56:01.845014,0.00,9.02,658.60,79.99,0.00,36.98,76.22,0.38
2022-08-21T20:57:01.423724,0.00,8.97,658.60,79.99,0.00,36.99,76.67,0.38
2022-08-21T20:58:02.007556,0.00,9.18,658.60,79.99,0.00,36.88,76.15,0.38
2022-08-21T20:59:01.589592,0.00,9.18,658.60,79.99,0.00,36.81,76.76,0.38
2022-08-21T21:00:02.170245,0.00,8.97,658.60,79.99,0.00,36.66,76.88,0.38
2022-08-21T21:01:01.761653,0.00,9.02,658.60,79.99,0.00,36.73,76.88,0.38
2022-08-21T21:02:01.340990,0.00,9.02,658.60,79.99,0.00,36.92,77.55,0.38
2022-08-21T21:03:01.921904,0.00,9.02,658.60,79.99,0.00,36.60,77.53,0.38
2022-08-21T21:04:01.505600,4.00,9.18,658.60,79.99,0.00,36.66,77.46,0.38
2022-08-21T21:05:02.090352,0.00,8.85,658.60,79.99,0.00,36.58,77.53,0.38
2022-08-21T21:06:01.674344,0.00,8.97,658.60,79.99,0.00,36.60,77.46,0.38
2022-08-21T21:07:01.257899,0.00,9.24,658.60,79.99,0.00,36.74,76.38,0.38
2022-08-21T21:08:01.830369,0.00,9.24,658.60,79.99,0.00,36.54,77.62,0.38
2022-08-21T21:09:01.415173,0.00,8.97,658.60,79.99,0.00,36.43,77.50,0.38
2022-08-21T21:10:01.997524,0.00,8.97,658.60,79.99,0.00,36.42,77.15,0.38
2022-08-21T21:11:01.580136,0.00,9.24,658.60,79.99,0.00,36.21,77.64,0.38
2022-08-21T21:12:02.166142,0.00,8.97,658.60,79.99,0.00,36.28,77.75,0.38
2022-08-21T21:13:01.743717,0.00,9.18,658.60,79.99,0.00,36.35,78.41,0.38
2022-08-21T21:14:01.327172,0.00,9.24,658.60,79.99,0.00,36.23,78.08,0.38
2022-08-21T21:15:01.916831,0.00,9.24,658.60,79.99,0.00,36.25,78.19,0.38
2022-08-21T21:16:01.498449,0.00,9.24,658.60,79.99,0.00,36.16,75.64,0.38
2022-08-21T21:17:02.079034,0.00,9.18,658.60,79.99,0.00,36.22,78.11,0.38
2022-08-21T21:18:01.661225,0.00,9.18,658.60,79.99,0.00,36.22,78.74,0.38
2022-08-21T21:19:01.245483,0.00,9.24,658.60,79.99,0.00,36.27,79.29,0.38
2022-08-21T21:20:01.827987,0.00,9.18,658.60,79.99,0.00,36.05,79.50,0.38
2022-08-21T21:21:01.410364,3.00,9.02,658.60,79.99,0.00,36.07,79.57,0.38
2022-08-21T21:22:01.977216,0.00,9.02,658.60,79.99,0.00,36.03,79.20,0.38
2022-08-21T21:23:01.559255,0.00,9.18,658.60,79.99,0.00,36.04,79.57,0.38
2022-08-21T21:24:02.154720,0.00,9.18,658.60,79.99,0.00,36.03,79.50,0.38
2022-08-21T21:25:01.737739,0.00,9.02,658.60,79.99,0.00,35.97,79.81,0.38
2022-08-21T21:26:01.318155,0.00,9.24,658.60,79.99,0.00,36.02,79.91,0.38
2022-08-21T21:27:01.915969,0.00,9.24,658.60,79.99,0.00,35.81,80.15,0.38
2022-08-21T21:28:01.498216,0.00,9.24,658.60,79.99,0.00,35.85,79.94,0.38
2022-08-21T21:29:02.071376,0.00,9.24,658.60,79.99,0.00,35.74,79.76,0.38
2022-08-21T21:30:01.661391,0.00,9.24,658.60,79.99,0.00,35.70,79.89,0.38
2022-08-21T21:31:01.245814,0.00,9.18,658.60,79.99,0.00,35.64,79.72,0.38
2022-08-21T21:32:01.825333,0.00,9.24,658.60,79.99,0.00,35.63,80.23,0.38
2022-08-21T21:33:01.414039,0.00,9.02,658.60,79.99,0.00,35.52,79.96,0.38
2022-08-21T21:34:01.997397,0.00,9.02,658.60,79.99,0.00,35.48,79.78,0.38
2022-08-21T21:35:01.577755,0.00,9.24,658.60,79.99,0.00,35.43,79.18,0.38
2022-08-21T21:36:02.164116,0.00,9.18,658.60,79.99,0.00,35.40,79.33,0.38
2022-08-21T21:37:01.747414,0.00,9.24,658.60,79.99,0.00,35.39,79.87,0.38
2022-08-21T21:38:01.346672,0.00,9.24,658.60,79.99,0.00,35.38,80.59,0.38
2022-08-21T21:39:01.936020,0.00,9.24,658.60,79.99,0.00,35.27,80.83,0.38
2022-08-21T21:40:01.509178,0.00,9.18,658.60,79.99,0.00,33.65,78.06,0.38
2022-08-21T21:41:02.090332,0.00,9.02,658.60,79.99,0.00,35.14,80.38,0.38
2022-08-21T21:42:01.674641,0.00,9.24,658.60,79.99,0.00,35.20,81.02,0.38
2022-08-21T21:43:01.266135,0.00,9.02,658.60,79.99,0.00,35.17,81.46,0.38
2022-08-21T21:44:01.843430,0.00,9.24,658.60,79.99,0.00,35.15,81.39,0.38
2022-08-21T21:45:01.422678,0.00,9.24,658.60,79.99,0.00,35.15,81.77,0.38
2022-08-21T21:46:02.007586,0.00,9.28,658.60,79.99,0.00,35.07,81.33,0.38
2022-08-21T21:47:01.586573,0.00,9.24,658.60,79.99,0.00,34.98,81.37,0.38
2022-08-21T21:48:02.169772,0.00,9.24,658.60,79.99,0.00,34.79,81.25,0.38
2022-08-21T21:49:01.754460,0.00,9.24,658.60,79.99,0.00,34.81,78.52,0.38
2022-08-21T21:50:01.337963,0.00,9.24,658.60,79.99,0.00,34.81,80.42,0.38
2022-08-21T21:51:01.920526,0.00,9.18,658.60,79.99,0.00,34.79,80.55,0.38
2022-08-21T21:52:01.505303,0.00,9.24,658.60,79.99,0.00,34.70,80.34,0.38
2022-08-21T21:53:02.088134,0.00,9.24,658.60,79.99,0.00,34.70,80.42,0.38
2022-08-21T21:54:01.670767,0.00,9.18,658.60,79.99,0.00,34.81,81.08,0.38
2022-08-21T21:55:01.254904,0.00,9.24,658.60,79.99,0.00,34.58,81.29,0.38
2022-08-21T21:56:01.836476,0.00,9.24,658.60,79.99,0.00,34.58,81.79,0.38
2022-08-21T21:57:01.418920,0.00,9.18,658.60,79.99,0.00,34.46,81.25,0.38
2022-08-21T21:58:01.999090,0.00,9.42,658.60,79.99,0.00,34.39,80.96,0.38
2022-08-21T21:59:01.581950,0.00,9.18,658.60,79.99,0.00,34.38,80.95,0.38
2022-08-21T22:00:02.167045,0.00,9.24,658.60,79.99,0.00,34.38,80.70,0.38
2022-08-21T22:01:01.743629,0.00,9.24,658.60,79.99,0.00,34.28,80.76,0.38
2022-08-21T22:02:01.327841,0.00,9.24,658.60,79.99,0.00,34.26,80.68,0.38
2022-08-21T22:03:01.908289,0.00,9.24,658.60,79.99,0.00,34.25,80.93,0.38
2022-08-21T22:04:01.490181,0.00,9.24,658.60,79.99,0.00,34.15,80.62,0.38
2022-08-21T22:05:02.088868,0.00,9.24,658.60,79.99,0.00,34.16,80.74,0.38
2022-08-21T22:06:01.671181,0.00,9.24,658.60,79.99,0.00,34.05,80.15,0.38
2022-08-21T22:07:01.256260,0.00,9.42,658.60,79.99,0.00,33.94,79.65,0.38
2022-08-21T22:08:01.841032,0.00,9.24,658.60,79.99,0.00,33.87,79.14,0.38
2022-08-21T22:09:01.426028,0.00,9.24,658.60,79.99,0.00,33.80,79.16,0.38
2022-08-21T22:10:02.019220,0.00,9.24,658.60,79.99,0.00,33.78,79.03,0.38
2022-08-21T22:11:01.601940,0.00,9.24,658.60,79.99,0.00,33.76,78.90,0.38
2022-08-21T22:12:02.186418,0.00,9.24,658.60,79.99,0.00,33.74,79.25,0.38
2022-08-21T22:13:01.767905,0.00,9.24,658.60,79.99,0.00,33.72,78.59,0.38
2022-08-21T22:14:01.346943,0.00,9.24,658.60,79.99,0.00,33.67,78.66,0.38
2022-08-21T22:15:01.926188,0.00,9.42,658.60,79.99,0.00,33.56,78.59,0.38
2022-08-21T22:16:01.508335,0.00,9.02,658.60,79.99,0.00,33.64,76.88,0.38
2022-08-21T22:17:02.093188,0.00,9.59,658.60,79.99,0.00,33.50,78.88,0.38
2022-08-21T22:18:01.672554,0.00,9.24,658.60,79.99,0.00,33.45,78.74,0.38
2022-08-21T22:19:01.258312,0.00,9.24,658.60,79.99,0.00,33.43,78.85,0.38
2022-08-21T22:20:01.838476,0.00,9.24,658.60,79.99,0.00,33.40,79.33,0.38
2022-08-21T22:21:01.423211,0.00,9.24,658.60,79.99,0.00,33.40,79.93,0.38
2022-08-21T22:22:02.007050,0.00,9.24,658.60,79.99,0.00,33.30,79.55,0.38
2022-08-21T22:23:01.583790,0.00,9.24,658.60,79.99,0.00,33.22,79.78,0.38
2022-08-21T22:24:02.159696,0.00,9.24,658.60,79.99,0.00,33.22,79.55,0.38
2022-08-21T22:25:01.741353,2.00,9.24,658.60,79.99,0.00,33.14,78.94,0.38
2022-08-21T22:26:01.328565,0.00,9.24,658.60,79.99,0.00,33.19,78.44,0.38
2022-08-21T22:27:01.916219,0.00,9.24,658.60,79.99,0.00,33.13,78.77,0.38
2022-08-21T22:28:01.498433,0.00,9.24,658.60,79.99,0.00,33.08,79.22,0.38
2022-08-21T22:29:02.079545,0.00,9.24,658.60,79.99,0.00,32.99,78.90,0.38
2022-08-21T22:30:01.660692,0.00,9.24,658.60,79.99,0.00,32.95,79.16,0.38
2022-08-21T22:31:01.251457,0.00,9.42,658.60,79.99,0.00,32.95,78.30,0.38
2022-08-21T22:32:01.836189,0.00,9.28,658.60,79.99,0.00,32.92,78.70,0.38
2022-08-21T22:33:01.418582,0.00,9.24,658.60,79.99,0.00,32.83,78.77,0.38
2022-08-21T22:34:01.990918,0.00,9.24,658.60,79.99,0.00,32.85,79.12,0.38
2022-08-21T22:35:01.575340,0.00,9.42,658.60,79.99,0.00,32.75,79.03,0.38
2022-08-21T22:36:02.163498,0.00,9.42,658.60,79.99,0.00,32.65,78.63,0.38
2022-08-21T22:37:01.747295,0.00,9.24,658.60,79.99,0.00,32.75,78.94,0.38
2022-08-21T22:38:01.329760,0.00,9.42,658.60,79.99,0.00,32.60,78.57,0.38
2022-08-21T22:39:01.908860,0.00,9.46,658.60,79.99,0.00,32.67,79.01,0.38
2022-08-21T22:40:01.503444,0.00,9.24,658.60,79.99,0.00,32.61,78.98,0.38
2022-08-21T22:41:02.083663,0.00,9.59,658.60,79.99,0.00,32.56,78.64,0.38
2022-08-21T22:42:01.663741,1.00,9.24,658.60,79.99,0.00,32.59,79.27,0.38
2022-08-21T22:43:01.247430,0.00,9.24,658.60,79.99,0.00,32.49,78.94,0.38
2022-08-21T22:44:01.824921,0.00,9.42,658.60,79.99,0.00,32.51,79.81,0.38
2022-08-21T22:45:01.414256,0.00,9.24,658.60,79.99,0.00,32.43,79.83,0.38
2022-08-21T22:46:01.988414,0.00,9.24,658.60,79.99,0.00,32.38,79.79,0.38
2022-08-21T22:47:01.560610,0.00,9.28,658.60,79.99,0.00,32.22,79.24,0.38
2022-08-21T22:48:02.154738,0.00,9.24,658.60,79.99,0.00,30.57,71.12,0.37
2022-08-21T22:49:01.748145,0.00,9.42,658.60,79.99,0.00,32.24,77.59,0.38
2022-08-21T22:50:01.330565,0.00,9.24,658.60,79.99,0.00,32.18,79.27,0.38
2022-08-21T22:51:01.916292,2.00,9.24,658.60,79.99,0.00,32.16,80.15,0.38
2022-08-21T22:52:01.499421,0.00,9.24,658.60,79.99,0.00,32.17,78.44,0.38
2022-08-21T22:53:02.085385,0.00,9.46,658.60,79.99,0.00,32.08,80.79,0.38
2022-08-21T22:54:01.669393,0.00,9.02,658.60,79.99,0.00,32.20,81.58,0.38
2022-08-21T22:55:01.256029,0.00,9.28,658.60,79.99,0.00,32.13,82.14,0.39
2022-08-21T22:56:01.830587,0.00,9.24,658.60,79.99,0.00,32.09,82.50,0.39
2022-08-21T22:57:01.408627,0.00,9.64,658.60,79.99,0.00,32.11,82.84,0.39
2022-08-21T22:58:01.990854,0.00,9.46,658.60,79.99,0.00,31.99,83.45,0.39
2022-08-21T22:59:01.576292,0.00,9.46,658.60,79.99,0.00,32.07,83.39,0.39
2022-08-21T23:00:02.163960,0.00,9.50,658.60,79.99,0.00,32.03,83.19,0.39
2022-08-21T23:01:01.747663,0.00,9.59,658.60,79.99,0.00,31.96,82.41,0.39
2022-08-21T23:02:01.329436,0.00,9.28,658.60,79.99,0.00,32.03,82.08,0.39
2022-08-21T23:03:01.915967,0.00,9.42,658.60,79.99,0.00,32.01,81.71,0.39
2022-08-21T23:04:01.498118,0.00,9.42,658.60,79.99,0.00,31.92,82.14,0.39
2022-08-21T23:05:02.080328,0.00,9.59,658.60,79.99,0.00,31.86,82.14,0.39
2022-08-21T23:06:01.670325,0.00,9.59,658.60,79.99,0.00,31.80,82.35,0.39
2022-08-21T23:07:01.253972,0.00,9.50,658.60,79.99,0.00,31.75,82.60,0.39
2022-08-21T23:08:01.829744,0.00,9.59,658.60,79.99,0.00,31.69,82.82,0.39
2022-08-21T23:09:01.419574,0.00,9.24,658.60,79.99,0.00,31.67,83.01,0.39
2022-08-21T23:10:02.005661,0.00,9.28,658.60,79.99,0.00,31.59,82.99,0.39
2022-08-21T23:11:01.584925,0.00,9.64,658.60,79.99,0.00,31.54,82.74,0.39
2022-08-21T23:12:02.168208,0.00,9.33,658.60,79.99,0.00,31.48,83.17,0.39
2022-08-21T23:13:01.749191,0.00,9.64,658.60,79.99,0.00,31.45,82.74,0.39
2022-08-21T23:14:01.336138,0.00,9.46,658.60,79.99,0.00,31.52,83.23,0.39
2022-08-21T23:15:01.919029,0.00,9.28,658.60,79.99,0.00,31.59,83.39,0.39
2022-08-21T23:16:01.500385,1.00,9.28,658.60,79.99,0.00,31.58,82.86,0.39
2022-08-21T23:17:02.089807,0.00,9.28,658.60,79.99,0.00,31.52,83.19,0.39
2022-08-21T23:18:01.666437,0.00,9.33,658.60,79.99,0.00,31.45,83.19,0.39
2022-08-21T23:19:01.240413,0.00,9.42,658.60,79.99,0.00,31.58,83.74,0.39
2022-08-21T23:20:01.825184,0.00,9.64,658.60,79.99,0.00,31.45,83.72,0.39
2022-08-21T23:21:01.413136,0.00,9.46,658.60,79.99,0.00,31.44,83.86,0.39
2022-08-21T23:22:01.997135,0.00,9.46,658.60,79.99,0.00,31.51,84.10,0.39
2022-08-21T23:23:01.579628,0.00,9.68,658.60,79.99,0.00,31.50,83.72,0.39
2022-08-21T23:24:02.165500,0.00,9.64,658.60,79.99,0.00,31.62,83.64,0.39
2022-08-21T23:25:01.749094,0.00,9.68,658.60,79.99,0.00,31.58,83.62,0.39
2022-08-21T23:26:01.335839,0.00,9.64,658.60,79.99,0.00,31.46,84.18,0.39
2022-08-21T23:27:01.925450,0.00,9.33,658.60,79.99,0.00,31.52,84.82,0.39
2022-08-21T23:28:01.508262,0.00,9.68,658.60,79.99,0.00,31.46,83.15,0.39
2022-08-21T23:29:02.098979,0.00,9.46,658.60,79.99,0.00,31.34,85.00,0.39
2022-08-21T23:30:01.680395,0.00,9.64,658.60,79.99,0.00,31.28,85.18,0.39
2022-08-21T23:31:01.266068,0.00,9.50,658.60,79.99,0.00,31.24,85.83,0.40
2022-08-21T23:32:01.856014,0.00,9.50,658.60,79.99,0.00,31.13,85.94,0.39
2022-08-21T23:33:01.431021,0.00,9.24,658.60,79.99,0.00,31.20,86.41,0.39
2022-08-21T23:34:02.015849,0.00,9.46,658.60,79.99,0.00,31.12,86.20,0.39
2022-08-21T23:35:01.596875,0.00,9.68,658.60,79.99,0.00,31.18,86.30,0.39
2022-08-21T23:36:02.178556,0.00,9.33,658.60,79.99,0.00,31.19,86.70,0.40
2022-08-21T23:37:01.759280,0.00,9.28,658.60,79.99,0.00,29.76,84.22,0.39
2022-08-21T23:38:01.343851,0.00,9.28,658.60,79.99,0.00,31.15,86.47,0.40
2022-08-21T23:39:01.929268,0.00,9.64,658.60,79.99,0.00,31.13,87.11,0.40
2022-08-21T23:40:01.508092,1.00,9.50,658.60,79.99,0.00,31.14,86.12,0.40
2022-08-21T23:41:02.089183,0.00,9.50,658.60,79.99,0.00,30.98,88.03,0.39
2022-08-21T23:42:01.671671,0.00,9.68,658.60,79.99,0.00,31.01,88.26,0.40
2022-08-21T23:43:01.256130,0.00,9.50,658.60,79.99,0.00,30.97,88.60,0.40
2022-08-21T23:44:01.828282,2.00,9.64,658.60,79.99,0.00,31.01,89.30,0.40
2022-08-21T23:45:01.414876,0.00,9.68,658.60,79.99,0.00,30.97,89.18,0.40
2022-08-21T23:46:01.997630,0.00,9.68,658.60,79.99,0.00,30.95,89.22,0.40
2022-08-21T23:47:01.579659,0.00,9.50,658.60,79.99,0.00,30.65,88.88,0.40
2022-08-21T23:48:02.165632,0.00,9.50,658.60,79.99,0.00,30.96,89.39,0.40
2022-08-21T23:49:01.747894,0.00,9.68,658.60,79.99,0.00,30.97,89.67,0.40
2022-08-21T23:50:01.322761,0.00,9.46,658.60,79.99,0.00,30.82,90.58,0.40
2022-08-21T23:51:01.903679,0.00,9.46,658.60,79.99,0.00,30.72,90.84,0.40
2022-08-21T23:52:01.486679,0.00,9.64,658.60,79.99,0.00,30.62,91.30,0.40
2022-08-21T23:53:02.068887,0.00,9.68,658.60,79.99,0.00,30.59,91.46,0.40
2022-08-21T23:54:01.659277,0.00,9.68,658.60,79.99,0.00,30.65,91.41,0.40
2022-08-21T23:55:01.243801,0.00,9.59,658.60,79.99,0.00,30.59,91.32,0.40
2022-08-21T23:56:01.817510,0.00,9.50,658.60,79.99,0.00,30.54,91.28,0.40
2022-08-21T23:57:01.411570,0.00,9.64,658.60,79.99,0.00,30.43,91.24,0.40
2022-08-21T23:58:01.987571,0.00,9.50,658.60,79.99,0.00,30.50,91.04,0.40
2022-08-21T23:59:01.568833,0.00,9.50,658.60,79.99,0.00,30.50,91.32,0.40
