2022-09-03T00:00:01.686393,0.00,10.66,658.60,79.99,0.00,61.64,231.10,0.98
2022-09-03T00:01:01.269086,0.00,10.94,658.60,79.99,0.00,61.40,230.10,0.98
2022-09-03T00:02:01.866571,0.00,10.70,658.60,79.99,0.00,61.46,231.01,0.98
2022-09-03T00:03:01.449788,0.00,10.88,658.60,79.99,0.00,61.08,229.27,0.98
2022-09-03T00:04:02.036507,0.00,10.88,658.60,79.99,0.00,61.29,230.43,0.98
2022-09-03T00:05:01.626191,0.00,10.88,658.60,79.99,0.00,61.03,230.18,0.98
2022-09-03T00:06:01.223424,0.00,10.70,658.60,79.99,0.00,61.24,230.51,0.98
2022-09-03T00:07:01.808352,0.00,10.70,658.60,79.99,0.00,61.14,230.35,0.98
2022-09-03T00:08:01.403938,0.00,10.88,658.60,79.99,0.00,61.17,229.52,0.97
2022-09-03T00:09:01.997845,0.00,10.84,658.60,79.99,0.00,61.04,230.26,0.98
2022-09-03T00:10:01.579606,0.00,10.88,658.60,79.99,0.00,60.94,229.27,0.97
2022-09-03T00:11:02.169007,0.00,11.05,658.60,79.99,0.00,60.85,229.27,0.98
2022-09-03T00:12:01.750532,0.00,10.88,658.60,79.99,0.00,60.74,229.27,0.97
2022-09-03T00:13:01.335302,0.00,10.70,658.60,79.99,0.00,60.72,230.85,0.98
2022-09-03T00:14:01.918892,0.00,10.66,658.60,79.99,0.00,60.57,229.85,0.97
2022-09-03T00:15:01.504953,0.00,10.66,658.60,79.99,0.00,60.69,229.35,0.97
2022-09-03T00:16:02.096083,0.00,10.66,658.60,79.99,0.00,60.46,231.01,0.97
2022-09-03T00:17:01.683558,0.00,10.84,658.60,79.99,0.00,60.47,229.85,0.97
2022-09-03T00:18:01.258449,0.00,10.66,658.60,79.99,0.00,60.23,231.77,0.97
2022-09-03T00:19:01.839713,0.00,10.88,658.60,79.99,0.00,60.12,231.77,0.97
2022-09-03T00:20:01.435979,0.00,10.88,658.60,79.99,0.00,60.12,232.10,0.97
2022-09-03T00:21:02.014722,0.00,10.66,658.60,79.99,0.00,60.13,231.85,0.97
2022-09-03T00:22:01.593344,1.00,10.66,658.60,79.99,0.00,60.16,233.37,0.98
2022-09-03T00:23:02.178197,0.00,10.84,658.60,79.99,0.00,60.13,234.14,0.98
2022-09-03T00:24:01.772275,0.00,10.66,658.60,79.99,0.00,60.08,233.54,0.97
2022-09-03T00:25:01.346693,0.00,10.84,658.60,79.99,0.00,59.82,234.05,0.97
2022-09-03T00:26:01.921266,0.00,10.66,658.60,79.99,0.00,59.74,235.25,0.97
2022-09-03T00:27:01.497667,0.00,10.66,658.60,79.99,0.00,59.69,234.91,0.97
2022-09-03T00:28:02.072901,0.00,10.70,658.60,79.99,0.00,59.71,235.86,0.97
2022-09-03T00:29:01.663346,0.00,10.66,658.60,79.99,0.00,59.74,236.12,0.97
2022-09-03T00:30:01.246407,0.00,10.70,658.60,79.99,0.00,59.57,235.94,0.97
2022-09-03T00:31:01.829145,0.00,11.10,658.60,79.99,0.00,59.40,234.14,0.97
2022-09-03T00:32:01.416486,0.00,10.70,658.60,79.99,0.00,59.30,234.82,0.97
2022-09-03T00:33:01.998836,0.00,10.88,658.60,79.99,0.00,59.38,235.86,0.97
2022-09-03T00:34:01.579736,0.00,10.94,658.60,79.99,0.00,58.89,234.39,0.97
2022-09-03T00:35:02.166035,0.00,10.88,658.60,79.99,0.00,59.38,236.03,0.97
2022-09-03T00:36:01.748598,0.00,11.05,658.60,79.99,0.00,59.18,234.22,0.97
2022-09-03T00:37:01.338350,0.00,10.84,658.60,79.99,0.00,59.15,234.91,0.97
2022-09-03T00:38:01.920218,0.00,11.05,658.60,79.99,0.00,59.10,234.65,0.97
2022-09-03T00:39:01.505880,0.00,10.84,658.60,79.99,0.00,58.78,235.34,0.97
2022-09-03T00:40:02.089184,0.00,10.84,658.60,79.99,0.00,58.67,234.57,0.97
2022-09-03T00:41:01.672074,0.00,10.84,658.60,79.99,0.00,58.75,235.25,0.97
2022-09-03T00:42:01.255524,0.00,10.66,658.60,79.99,0.00,58.89,228.61,0.96
2022-09-03T00:43:01.837780,0.00,10.70,658.60,79.99,0.00,58.76,235.08,0.97
2022-09-03T00:44:01.420321,0.00,10.94,658.60,79.99,0.00,58.62,235.17,0.97
2022-09-03T00:45:02.006017,0.00,10.88,658.60,79.99,0.00,58.54,235.43,0.97
2022-09-03T00:46:01.584590,0.00,10.88,658.60,79.99,0.00,58.55,235.25,0.97
2022-09-03T00:47:02.167010,0.00,10.94,658.60,79.99,0.00,58.51,235.60,0.97
2022-09-03T00:48:01.762780,0.00,11.05,658.60,79.99,0.00,58.37,234.99,0.97
2022-09-03T00:49:01.342291,0.00,10.84,658.60,79.99,0.00,58.43,234.57,0.97
2022-09-03T00:50:01.921283,0.00,10.94,658.60,79.99,0.00,58.37,234.48,0.97
2022-09-03T00:51:01.506431,0.00,11.10,658.60,79.99,0.00,58.18,234.65,0.97
2022-09-03T00:52:02.088683,0.00,10.88,658.60,79.99,0.00,58.02,234.74,0.97
2022-09-03T00:53:01.674158,0.00,10.84,658.60,79.99,0.00,57.86,234.31,0.96
2022-09-03T00:54:01.257801,0.00,10.88,658.60,79.99,0.00,57.82,230.59,0.96
2022-09-03T00:55:01.838808,0.00,10.88,658.60,79.99,0.00,57.48,234.57,0.97
2022-09-03T00:56:01.421876,0.00,11.10,658.60,79.99,0.00,57.46,235.34,0.96
2022-09-03T00:57:02.005616,0.00,11.15,658.60,79.99,0.00,57.55,236.12,0.97
2022-09-03T00:58:01.586786,0.00,10.88,658.60,79.99,0.00,57.48,236.03,0.97
2022-09-03T00:59:02.168537,0.00,10.84,658.60,79.99,0.00,57.65,234.57,0.96
2022-09-03T01:00:01.754423,0.00,10.88,658.60,79.99,0.00,57.56,234.14,0.96
2022-09-03T01:01:01.338740,0.00,11.10,658.60,79.99,0.00,57.51,234.74,0.97
2022-09-03T01:02:01.921898,0.00,11.15,658.60,79.99,0.00,57.42,234.57,0.97
2022-09-03T01:03:01.504983,0.00,10.94,658.60,79.99,0.00,57.38,233.63,0.97
2022-09-03T01:04:02.086827,0.00,11.10,658.60,79.99,0.00,57.29,233.03,0.97
2022-09-03T01:05:01.668312,0.00,10.94,658.60,79.99,0.00,57.18,232.78,0.96
2022-09-03T01:06:01.248300,0.00,11.05,658.60,79.99,0.00,57.05,232.52,0.96
2022-09-03T01:07:01.825884,0.00,10.94,658.60,79.99,0.00,57.24,233.20,0.96
2022-09-03T01:08:01.408628,0.00,10.88,658.60,79.99,0.00,57.07,232.10,0.96
2022-09-03T01:09:02.004289,0.00,10.94,658.60,79.99,0.00,57.17,232.36,0.96
2022-09-03T01:10:01.588035,0.00,10.70,658.60,79.99,0.00,56.83,232.86,0.96
2022-09-03T01:11:02.169838,0.00,10.88,658.60,79.99,0.00,56.82,232.86,0.96
2022-09-03T01:12:01.755387,0.00,10.88,658.60,79.99,0.00,56.91,233.29,0.96
2022-09-03T01:13:01.338792,0.00,10.94,658.60,79.99,0.00,56.81,233.20,0.96
2022-09-03T01:14:01.921380,0.00,11.15,658.60,79.99,0.00,56.90,234.65,0.97
2022-09-03T01:15:01.503068,0.00,11.15,658.60,79.99,0.00,56.81,233.97,0.96
2022-09-03T01:16:02.086712,0.00,11.10,658.60,79.99,0.00,56.81,233.29,0.96
2022-09-03T01:17:01.674861,0.00,10.88,658.60,79.99,0.00,56.61,233.71,0.96
2022-09-03T01:18:01.258766,0.00,10.94,658.60,79.99,0.00,56.43,232.36,0.96
2022-09-03T01:19:01.839563,0.00,10.88,658.60,79.99,0.00,56.38,232.95,0.96
2022-09-03T01:20:01.424496,0.00,10.88,658.60,79.99,0.00,55.87,223.60,0.96
2022-09-03T01:21:02.008367,0.00,11.15,658.60,79.99,0.00,56.18,224.72,0.95
2022-09-03T01:22:01.585547,0.00,10.88,658.60,79.99,0.00,56.10,234.14,0.96
2022-09-03T01:23:02.169284,0.00,10.88,658.60,79.99,0.00,56.18,237.60,0.96
2022-09-03T01:24:01.750697,0.00,11.10,658.60,79.99,0.00,56.00,237.07,0.96
2022-09-03T01:25:01.345453,0.00,10.94,658.60,79.99,0.00,55.95,238.03,0.96
2022-09-03T01:26:01.927519,0.00,10.88,658.60,79.99,0.00,56.06,239.36,0.96
2022-09-03T01:27:01.508491,0.00,10.88,658.60,79.99,0.00,55.91,238.12,0.96
2022-09-03T01:28:02.091955,0.00,10.94,658.60,79.99,0.00,55.77,239.62,0.96
2022-09-03T01:29:01.673344,0.00,10.88,658.60,79.99,0.00,55.80,239.36,0.96
2022-09-03T01:30:01.253370,0.00,10.94,658.60,79.99,0.00,55.72,239.89,0.96
2022-09-03T01:31:01.837074,0.00,11.10,658.60,79.99,0.00,55.62,239.44,0.96
2022-09-03T01:32:01.419006,0.00,11.15,658.60,79.99,0.00,55.56,239.89,0.96
2022-09-03T01:33:01.991300,0.00,10.88,658.60,79.99,0.00,55.53,241.05,0.96
2022-09-03T01:34:01.574692,0.00,11.15,658.60,79.99,0.00,55.44,240.60,0.96
2022-09-03T01:35:02.158177,0.00,11.15,658.60,79.99,0.00,55.47,240.51,0.96
2022-09-03T01:36:01.743307,0.00,11.15,658.60,79.99,0.00,55.47,240.33,0.96
2022-09-03T01:37:01.327816,0.00,11.15,658.60,79.99,0.00,55.37,239.27,0.96
2022-09-03T01:38:01.905238,0.00,11.15,658.60,79.99,0.00,55.40,238.83,0.96
2022-09-03T01:39:01.488159,0.00,11.10,658.60,79.99,0.00,55.35,238.47,0.96
2022-09-03T01:40:02.070275,0.00,11.15,658.60,79.99,0.00,54.87,236.72,0.96
2022-09-03T01:41:01.650781,0.00,11.15,658.60,79.99,0.00,55.20,238.03,0.96
2022-09-03T01:42:01.238805,0.00,11.15,658.60,79.99,0.00,55.07,236.81,0.96
2022-09-03T01:43:01.819065,0.00,11.10,658.60,79.99,0.00,55.08,237.16,0.96
2022-09-03T01:44:01.400591,0.00,10.94,658.60,79.99,0.00,54.90,237.16,0.96
2022-09-03T01:45:01.981482,0.00,11.10,658.60,79.99,0.00,54.97,237.07,0.96
2022-09-03T01:46:01.575129,0.00,11.15,658.60,79.99,0.00,54.89,237.77,0.96
2022-09-03T01:47:02.163338,0.00,11.15,658.60,79.99,0.00,54.94,237.86,0.96
2022-09-03T01:48:01.740050,0.00,11.15,658.60,79.99,0.00,54.94,237.33,0.96
2022-09-03T01:49:01.325526,0.00,11.15,658.60,79.99,0.00,54.98,237.07,0.96
2022-09-03T01:50:01.906590,0.00,11.15,658.60,79.99,0.00,54.97,237.86,0.96
2022-09-03T01:51:01.487502,0.00,11.10,658.60,79.99,0.00,54.90,238.38,0.96
2022-09-03T01:52:02.082995,0.00,11.15,658.60,79.99,0.00,54.70,237.60,0.96
2022-09-03T01:53:01.671797,0.00,11.15,658.60,79.99,0.00,54.75,237.51,0.96
2022-09-03T01:54:01.252556,0.00,11.15,658.60,79.99,0.00,54.68,230.35,0.95
2022-09-03T01:55:01.837825,0.00,10.94,658.60,79.99,0.00,54.54,237.33,0.96
2022-09-03T01:56:01.421738,0.00,11.15,658.60,79.99,0.00,54.47,238.21,0.96
2022-09-03T01:57:02.016862,0.00,11.15,658.60,79.99,0.00,54.44,237.60,0.95
2022-09-03T01:58:01.595256,0.00,11.15,658.60,79.99,0.00,54.23,237.42,0.95
2022-09-03T01:59:02.173846,0.00,11.15,658.60,79.99,0.00,54.16,238.12,0.95
2022-09-03T02:00:01.757861,0.00,11.15,658.60,79.99,0.00,54.22,233.54,0.95
2022-09-03T02:01:01.340084,0.00,11.15,658.60,79.99,0.00,54.12,238.83,0.96
2022-09-03T02:02:01.922101,0.00,11.15,658.60,79.99,0.00,54.14,238.38,0.96
2022-09-03T02:03:01.507296,0.00,10.94,658.60,79.99,0.00,54.23,238.30,0.95
2022-09-03T02:04:02.088634,0.00,11.15,658.60,79.99,0.00,54.14,238.65,0.96
2022-09-03T02:05:01.669943,0.00,11.15,658.60,79.99,0.00,53.77,237.95,0.95
2022-09-03T02:06:01.253752,0.00,11.15,658.60,79.99,0.00,53.94,238.65,0.96
2022-09-03T02:07:01.828897,0.00,11.10,658.60,79.99,0.00,53.93,238.65,0.95
2022-09-03T02:08:01.414199,0.00,11.15,658.60,79.99,0.00,53.93,238.83,0.96
2022-09-03T02:09:01.997319,0.00,11.15,658.60,79.99,0.00,53.88,237.07,0.95
2022-09-03T02:10:01.580709,0.00,10.94,658.60,79.99,0.00,53.80,238.30,0.95
2022-09-03T02:11:02.164841,0.00,11.15,658.60,79.99,0.00,53.68,238.91,0.96
2022-09-03T02:12:01.743005,0.00,10.94,658.60,79.99,0.00,53.55,238.65,0.95
2022-09-03T02:13:01.333123,0.00,11.15,658.60,79.99,0.00,53.61,238.56,0.95
2022-09-03T02:14:01.921435,0.00,11.15,658.60,79.99,0.00,53.73,239.89,0.96
2022-09-03T02:15:01.504582,0.00,11.15,658.60,79.99,0.00,53.60,237.77,0.95
2022-09-03T02:16:02.087477,0.00,11.15,658.60,79.99,0.00,53.56,239.18,0.95
2022-09-03T02:17:01.674491,0.00,10.94,658.60,79.99,0.00,53.44,239.00,0.95
2022-09-03T02:18:01.257355,0.00,11.15,658.60,79.99,0.00,53.47,239.36,0.95
2022-09-03T02:19:01.838406,0.00,10.94,658.60,79.99,0.00,53.37,239.27,0.95
2022-09-03T02:20:01.422581,0.00,10.94,658.60,79.99,0.00,53.23,240.87,0.95
2022-09-03T02:21:02.007105,0.00,11.15,658.60,79.99,0.00,53.29,240.96,0.95
2022-09-03T02:22:01.587902,0.00,10.94,658.60,79.99,0.00,53.20,239.89,0.95
2022-09-03T02:23:02.162119,0.00,11.15,658.60,79.99,0.00,53.07,242.03,0.95
2022-09-03T02:24:01.742183,0.00,11.15,658.60,79.99,0.00,52.98,241.58,0.95
2022-09-03T02:25:01.326249,0.00,11.15,658.60,79.99,0.00,52.97,242.85,0.95
2022-09-03T02:26:01.913531,2.00,11.15,658.60,79.99,0.00,52.94,243.30,0.95
2022-09-03T02:27:01.497913,0.00,11.15,658.60,79.99,0.00,52.93,244.95,0.95
2022-09-03T02:28:02.080009,0.00,11.15,658.60,79.99,0.00,52.82,243.85,0.95
2022-09-03T02:29:01.679193,0.00,11.10,658.60,79.99,0.00,52.85,244.03,0.95
2022-09-03T02:30:01.260229,0.00,11.15,658.60,79.99,0.00,52.79,243.76,0.95
2022-09-03T02:31:01.853041,0.00,11.19,658.60,79.99,0.00,52.81,243.39,0.95
2022-09-03T02:32:01.437088,0.00,11.15,658.60,79.99,0.00,53.00,244.21,0.96
2022-09-03T02:33:02.018915,0.00,11.15,658.60,79.99,0.00,52.83,242.12,0.95
2022-09-03T02:34:01.599209,0.00,11.15,658.60,79.99,0.00,52.73,242.21,0.95
2022-09-03T02:35:02.179781,0.00,11.19,658.60,79.99,0.00,52.71,242.49,0.95
2022-09-03T02:36:01.764573,0.00,10.94,658.60,79.99,0.00,52.52,242.58,0.95
2022-09-03T02:37:01.342840,0.00,10.94,658.60,79.99,0.00,52.52,242.58,0.95
2022-09-03T02:38:01.923739,1.00,11.33,658.60,79.99,0.00,52.59,243.48,0.95
2022-09-03T02:39:01.500200,0.00,11.15,658.60,79.99,0.00,52.45,243.21,0.95
2022-09-03T02:40:02.084190,0.00,11.24,658.60,79.99,0.00,52.50,243.76,0.95
2022-09-03T02:41:01.667375,0.00,11.19,658.60,79.99,0.00,52.49,243.85,0.95
2022-09-03T02:42:01.248770,0.00,11.50,658.60,79.99,0.00,52.39,236.03,0.94
2022-09-03T02:43:01.826076,0.00,11.19,658.60,79.99,0.00,52.26,242.94,0.95
2022-09-03T02:44:01.408570,0.00,11.15,658.60,79.99,0.00,52.44,245.13,0.95
2022-09-03T02:45:01.989869,0.00,11.15,658.60,79.99,0.00,52.36,243.76,0.95
2022-09-03T02:46:01.574283,0.00,11.15,658.60,79.99,0.00,52.21,243.30,0.95
2022-09-03T02:47:02.153951,0.00,11.33,658.60,79.99,0.00,52.21,243.39,0.95
2022-09-03T02:48:01.737685,0.00,11.15,658.60,79.99,0.00,52.20,244.40,0.95
2022-09-03T02:49:01.319581,0.00,11.19,658.60,79.99,0.00,52.09,243.76,0.95
2022-09-03T02:50:01.912233,0.00,11.15,658.60,79.99,0.00,52.11,243.67,0.95
2022-09-03T02:51:01.495589,0.00,11.15,658.60,79.99,0.00,52.02,243.48,0.95
2022-09-03T02:52:02.068323,0.00,11.33,658.60,79.99,0.00,51.92,244.49,0.95
2022-09-03T02:53:01.654414,0.00,11.15,658.60,79.99,0.00,51.86,243.67,0.95
2022-09-03T02:54:01.237255,0.00,11.15,658.60,79.99,0.00,51.62,243.48,0.95
2022-09-03T02:55:01.829919,0.00,11.15,658.60,79.99,0.00,51.65,244.95,0.95
2022-09-03T02:56:01.415526,0.00,11.15,658.60,79.99,0.00,51.55,246.33,0.95
2022-09-03T02:57:01.998296,0.00,11.15,658.60,79.99,0.00,51.52,247.08,0.95
2022-09-03T02:58:01.580024,0.00,11.24,658.60,79.99,0.00,51.49,247.35,0.95
2022-09-03T02:59:02.169114,0.00,11.15,658.60,79.99,0.00,51.50,247.17,0.95
2022-09-03T03:00:01.747491,0.00,11.24,658.60,79.99,0.00,51.54,248.01,0.95
2022-09-03T03:01:01.329405,0.00,11.15,658.60,79.99,0.00,51.46,246.24,0.95
2022-09-03T03:02:01.918599,0.00,11.15,658.60,79.99,0.00,51.33,246.42,0.95
2022-09-03T03:03:01.500430,0.00,11.24,658.60,79.99,0.00,51.50,247.26,0.95
2022-09-03T03:04:02.085805,0.00,11.24,658.60,79.99,0.00,51.32,246.05,0.95
2022-09-03T03:05:01.668361,0.00,11.55,658.60,79.99,0.00,51.34,247.92,0.95
2022-09-03T03:06:01.264729,0.00,11.37,658.60,79.99,0.00,51.31,248.20,0.95
2022-09-03T03:07:01.843581,0.00,11.55,658.60,79.99,0.00,51.32,249.04,0.95
2022-09-03T03:08:01.423702,0.00,11.50,658.60,79.99,0.00,51.19,248.10,0.95
2022-09-03T03:09:02.007679,0.00,11.15,658.60,79.99,0.00,51.26,241.76,0.94
2022-09-03T03:10:01.601874,0.00,11.15,658.60,79.99,0.00,51.15,248.29,0.95
2022-09-03T03:11:02.178952,0.00,11.15,658.60,79.99,0.00,51.08,248.67,0.95
2022-09-03T03:12:01.759955,0.00,11.33,658.60,79.99,0.00,50.93,248.29,0.95
2022-09-03T03:13:01.340167,0.00,11.24,658.60,79.99,0.00,51.03,249.33,0.95
2022-09-03T03:14:01.925061,0.00,11.33,658.60,79.99,0.00,51.03,248.57,0.95
2022-09-03T03:15:01.508077,0.00,11.15,658.60,79.99,0.00,50.93,247.54,0.95
2022-09-03T03:16:02.089169,0.00,11.33,658.60,79.99,0.00,50.86,249.23,0.95
2022-09-03T03:17:01.676187,0.00,11.37,658.60,79.99,0.00,50.85,249.99,0.95
2022-09-03T03:18:01.257921,0.00,11.55,658.60,79.99,0.00,50.84,247.08,0.95
2022-09-03T03:19:01.838931,0.00,11.15,658.60,79.99,0.00,50.78,249.04,0.95
2022-09-03T03:20:01.421755,2.00,11.37,658.60,79.99,0.00,50.83,247.64,0.95
2022-09-03T03:21:02.013063,0.00,11.55,658.60,79.99,0.00,50.69,247.45,0.95
2022-09-03T03:22:01.589570,0.00,11.37,658.60,79.99,0.00,50.72,249.04,0.95
2022-09-03T03:23:02.169888,1.00,11.19,658.60,79.99,0.00,50.69,247.92,0.95
2022-09-03T03:24:01.750302,0.00,11.37,658.60,79.99,0.00,50.70,248.57,0.95
2022-09-03T03:25:01.335421,0.00,11.24,658.60,79.99,0.00,50.49,247.92,0.95
2022-09-03T03:26:01.918303,0.00,11.55,658.60,79.99,0.00,50.57,248.20,0.95
2022-09-03T03:27:01.509906,0.00,11.15,658.60,79.99,0.00,50.31,247.92,0.95
2022-09-03T03:28:02.092707,0.00,11.19,658.60,79.99,0.00,50.32,247.45,0.95
2022-09-03T03:29:01.674906,0.00,11.33,658.60,79.99,0.00,50.31,248.67,0.95
2022-09-03T03:30:01.257509,0.00,11.42,658.60,79.99,0.00,50.28,242.31,0.94
2022-09-03T03:31:01.839255,0.00,11.50,658.60,79.99,0.00,50.17,249.23,0.95
2022-09-03T03:32:01.421405,0.00,11.19,658.60,79.99,0.00,50.15,249.14,0.95
2022-09-03T03:33:02.005602,0.00,11.19,658.60,79.99,0.00,50.32,249.52,0.95
2022-09-03T03:34:01.584643,0.00,11.19,658.60,79.99,0.00,50.13,249.80,0.95
2022-09-03T03:35:02.168934,0.00,11.33,658.60,79.99,0.00,50.05,250.09,0.95
2022-09-03T03:36:01.751032,0.00,11.42,658.60,79.99,0.00,50.02,250.28,0.95
2022-09-03T03:37:01.335880,0.00,11.19,658.60,79.99,0.00,49.94,250.47,0.95
2022-09-03T03:38:01.918655,0.00,11.55,658.60,79.99,0.00,49.96,251.42,0.95
2022-09-03T03:39:01.499350,0.00,11.24,658.60,79.99,0.00,49.90,242.40,0.94
2022-09-03T03:40:02.092766,0.00,11.42,658.60,79.99,0.00,49.79,250.18,0.95
2022-09-03T03:41:01.673042,0.00,11.42,658.60,79.99,0.00,49.81,250.75,0.95
2022-09-03T03:42:01.256815,0.00,11.37,658.60,79.99,0.00,49.85,244.12,0.94
2022-09-03T03:43:01.832252,0.00,11.37,658.60,79.99,0.00,49.77,252.19,0.95
2022-09-03T03:44:01.415324,0.00,11.42,658.60,79.99,0.00,49.67,252.68,0.95
2022-09-03T03:45:01.997456,0.00,11.33,658.60,79.99,0.00,49.75,252.48,0.95
2022-09-03T03:46:01.579275,0.00,11.42,658.60,79.99,0.00,49.72,252.77,0.95
2022-09-03T03:47:02.164797,0.00,11.15,658.60,79.99,0.00,49.66,251.71,0.95
2022-09-03T03:48:01.753181,0.00,11.55,658.60,79.99,0.00,49.49,251.42,0.95
2022-09-03T03:49:01.337321,0.00,11.37,658.60,79.99,0.00,49.52,251.33,0.95
2022-09-03T03:50:01.922452,0.00,11.42,658.60,79.99,0.00,49.58,252.00,0.95
2022-09-03T03:51:01.506852,0.00,11.15,658.60,79.99,0.00,49.55,244.12,0.94
2022-09-03T03:52:02.089066,0.00,11.59,658.60,79.99,0.00,49.38,252.00,0.95
2022-09-03T03:53:01.670388,0.00,11.33,658.60,79.99,0.00,49.47,253.55,0.95
2022-09-03T03:54:01.247325,0.00,11.15,658.60,79.99,0.00,49.33,254.23,0.95
2022-09-03T03:55:01.828088,0.00,11.42,658.60,79.99,0.00,49.34,254.72,0.94
2022-09-03T03:56:01.417263,0.00,11.37,658.60,79.99,0.00,49.31,255.90,0.95
2022-09-03T03:57:01.997985,0.00,11.59,658.60,79.99,0.00,49.30,254.23,0.94
2022-09-03T03:58:01.578943,0.00,11.42,658.60,79.99,0.00,49.23,254.72,0.95
2022-09-03T03:59:02.164576,0.00,11.42,658.60,79.99,0.00,49.20,255.70,0.95
2022-09-03T04:00:01.747478,0.00,11.55,658.60,79.99,0.00,49.15,255.50,0.95
2022-09-03T04:01:01.333828,0.00,11.59,658.60,79.99,0.00,49.11,255.60,0.95
2022-09-03T04:02:01.910690,0.00,11.76,658.60,79.99,0.00,49.13,256.00,0.95
2022-09-03T04:03:01.495566,0.00,11.59,658.60,79.99,0.00,49.10,256.89,0.95
2022-09-03T04:04:02.091726,0.00,11.59,658.60,79.99,0.00,49.09,258.19,0.95
2022-09-03T04:05:01.676181,0.00,11.59,658.60,79.99,0.00,48.93,257.39,0.95
2022-09-03T04:06:01.258626,1.00,11.81,658.60,79.99,0.00,49.01,252.97,0.94
2022-09-03T04:07:01.838726,0.00,11.33,658.60,79.99,0.00,48.95,256.59,0.95
2022-09-03T04:08:01.420706,0.00,11.55,658.60,79.99,0.00,48.97,256.59,0.95
2022-09-03T04:09:02.013530,0.00,11.42,658.60,79.99,0.00,48.94,257.19,0.95
2022-09-03T04:10:01.592255,0.00,11.59,658.60,79.99,0.00,49.03,257.29,0.95
2022-09-03T04:11:02.175117,0.00,11.59,658.60,79.99,0.00,48.86,257.39,0.95
2022-09-03T04:12:01.758072,0.00,11.59,658.60,79.99,0.00,48.88,255.60,0.94
2022-09-03T04:13:01.339864,0.00,11.59,658.60,79.99,0.00,48.83,257.79,0.95
2022-09-03T04:14:01.924690,0.00,11.42,658.60,79.99,0.00,48.78,257.39,0.95
2022-09-03T04:15:01.514900,0.00,11.59,658.60,79.99,0.00,48.80,258.39,0.95
2022-09-03T04:16:02.092987,0.00,11.59,658.60,79.99,0.00,48.77,258.19,0.95
2022-09-03T04:17:01.677109,0.00,11.59,658.60,79.99,0.00,48.71,257.89,0.94
2022-09-03T04:18:01.258121,0.00,11.42,658.60,79.99,0.00,48.60,256.99,0.95
2022-09-03T04:19:01.830111,0.00,11.55,658.60,79.99,0.00,48.66,258.99,0.95
2022-09-03T04:20:01.467072,0.00,11.59,658.60,79.99,0.00,48.35,250.28,0.95
2022-09-03T04:21:02.053496,0.00,11.59,658.60,79.99,0.00,48.41,257.39,0.95
2022-09-03T04:22:01.642966,0.00,11.24,658.60,79.99,0.00,48.43,262.04,0.95
2022-09-03T04:23:01.227487,0.00,11.50,658.60,79.99,0.00,48.36,263.17,0.95
2022-09-03T04:24:01.809418,0.00,11.55,658.60,79.99,0.00,48.32,264.83,0.95
2022-09-03T04:25:01.404899,0.00,11.65,658.60,79.99,0.00,48.35,265.99,0.95
2022-09-03T04:26:02.001625,4.00,11.55,658.60,79.99,0.00,48.36,266.94,0.95
2022-09-03T04:27:01.582585,0.00,11.55,658.60,79.99,0.00,48.34,265.78,0.95
2022-09-03T04:28:02.181085,0.00,11.59,658.60,79.99,0.00,48.27,264.52,0.95
2022-09-03T04:29:01.764794,0.00,11.33,658.60,79.99,0.00,48.40,264.94,0.95
2022-09-03T04:30:01.353830,0.00,11.55,658.60,79.99,0.00,48.33,265.46,0.95
2022-09-03T04:31:01.930125,0.00,11.42,658.60,79.99,0.00,48.32,264.94,0.95
2022-09-03T04:32:01.525787,0.00,11.59,658.60,79.99,0.00,48.31,263.07,0.95
2022-09-03T04:33:02.102379,0.00,11.50,658.60,79.99,0.00,48.25,263.69,0.95
2022-09-03T04:34:01.687915,0.00,11.19,658.60,79.99,0.00,48.19,263.48,0.95
2022-09-03T04:35:01.269990,0.00,11.42,658.60,79.99,0.00,48.03,263.69,0.95
2022-09-03T04:36:01.865634,0.00,11.76,658.60,79.99,0.00,48.03,263.38,0.95
2022-09-03T04:37:01.448645,0.00,11.42,658.60,79.99,0.00,47.91,264.21,0.95
2022-09-03T04:38:02.038580,0.00,11.59,658.60,79.99,0.00,47.98,264.94,0.95
2022-09-03T04:39:01.620028,0.00,11.37,658.60,79.99,0.00,48.01,264.21,0.95
2022-09-03T04:40:01.205435,0.00,11.59,658.60,79.99,0.00,47.98,264.10,0.95
2022-09-03T04:41:01.788727,0.00,11.59,658.60,79.99,0.00,47.98,264.83,0.95
2022-09-03T04:42:01.370164,0.00,11.59,658.60,79.99,0.00,47.94,266.30,0.95
2022-09-03T04:43:01.946278,0.00,11.59,658.60,79.99,0.00,47.97,262.45,0.95
2022-09-03T04:44:01.536044,1.00,11.59,658.60,79.99,0.00,47.86,266.72,0.95
2022-09-03T04:45:02.128907,0.00,11.42,658.60,79.99,0.00,47.96,269.28,0.95
2022-09-03T04:46:01.710742,0.00,11.59,658.60,79.99,0.00,47.91,268.00,0.95
2022-09-03T04:47:01.296301,0.00,11.86,658.60,79.99,0.00,47.96,269.17,0.95
2022-09-03T04:48:01.889825,0.00,11.59,658.60,79.99,0.00,47.86,267.68,0.95
2022-09-03T04:49:01.475268,0.00,11.59,658.60,79.99,0.00,47.87,267.68,0.95
2022-09-03T04:50:02.057068,0.00,11.59,658.60,79.99,0.00,47.85,267.36,0.95
2022-09-03T04:51:01.653103,0.00,11.59,658.60,79.99,0.00,47.92,266.83,0.95
2022-09-03T04:52:01.237768,0.00,11.59,658.60,79.99,0.00,47.83,265.46,0.95
2022-09-03T04:53:01.819774,0.00,11.42,658.60,79.99,0.00,47.85,266.51,0.96
2022-09-03T04:54:01.409349,0.00,11.81,658.60,79.99,0.00,47.82,265.46,0.95
2022-09-03T04:55:01.990461,0.00,11.42,658.60,79.99,0.00,47.85,267.04,0.96
2022-09-03T04:56:01.575823,0.00,11.59,658.60,79.99,0.00,47.71,267.04,0.96
2022-09-03T04:57:02.163917,0.00,11.59,658.60,79.99,0.00,47.76,266.94,0.95
2022-09-03T04:58:01.748025,0.00,11.81,658.60,79.99,0.00,47.74,267.78,0.96
2022-09-03T04:59:01.334489,0.00,11.59,658.60,79.99,0.00,47.82,268.64,0.96
2022-09-03T05:00:01.918912,0.00,11.42,658.60,79.99,0.00,47.78,267.57,0.95
2022-09-03T05:01:01.500442,5.00,11.59,658.60,79.99,0.00,47.71,261.94,0.95
2022-09-03T05:02:02.092902,0.00,11.55,658.60,79.99,0.00,47.70,269.28,0.96
2022-09-03T05:03:01.676945,0.00,11.59,658.60,79.99,0.00,47.80,270.68,0.96
2022-09-03T05:04:01.258373,0.00,11.59,658.60,79.99,0.00,47.74,270.68,0.96
2022-09-03T05:05:01.839317,0.00,11.59,658.60,79.99,0.00,47.68,270.90,0.96
2022-09-03T05:06:01.425583,0.00,11.59,658.60,79.99,0.00,47.70,270.68,0.96
2022-09-03T05:07:02.008764,0.00,11.59,658.60,79.99,0.00,47.82,263.90,0.96
2022-09-03T05:08:01.589805,0.00,11.42,658.60,79.99,0.00,47.68,270.90,0.96
2022-09-03T05:09:02.175106,0.00,11.81,658.60,79.99,0.00,47.66,270.68,0.96
2022-09-03T05:10:01.748991,0.00,11.81,658.60,79.99,0.00,47.88,267.78,0.96
2022-09-03T05:11:01.329852,0.00,11.59,658.60,79.99,0.89,47.75,269.93,0.97
2022-09-03T05:12:01.919290,0.00,11.59,658.60,79.99,0.89,47.79,268.74,0.96
2022-09-03T05:13:01.502066,0.00,11.59,658.60,79.99,0.89,47.87,267.36,0.96
2022-09-03T05:14:02.086457,0.00,11.59,658.60,79.99,0.00,47.80,266.41,0.96
2022-09-03T05:15:01.669757,3.00,11.59,658.60,79.99,0.00,47.75,266.20,0.96
2022-09-03T05:16:01.255240,0.00,11.59,658.60,79.99,0.00,47.78,258.49,0.96
2022-09-03T05:17:01.844289,0.00,11.55,658.60,79.99,0.00,47.87,265.78,0.97
2022-09-03T05:18:01.429002,0.00,11.81,658.60,79.99,0.00,47.82,265.78,0.97
2022-09-03T05:19:02.015619,0.00,11.59,658.60,79.99,0.00,47.79,266.62,0.97
2022-09-03T05:20:01.589310,0.00,11.59,658.60,79.99,0.00,47.94,267.47,0.97
2022-09-03T05:21:02.171911,0.00,11.59,658.60,79.99,1.16,47.93,267.89,0.97
2022-09-03T05:22:01.758441,0.00,11.59,658.60,79.99,1.16,48.02,267.47,0.97
2022-09-03T05:23:01.341391,0.00,11.59,658.60,79.99,1.16,48.01,269.93,0.97
2022-09-03T05:24:01.922996,0.00,11.59,658.60,79.99,1.16,48.10,268.96,0.97
2022-09-03T05:25:01.510491,0.00,11.42,658.60,79.99,1.16,47.76,268.64,0.98
2022-09-03T05:26:02.089606,2.00,11.59,658.60,79.99,1.16,48.04,270.57,0.98
2022-09-03T05:27:01.671121,0.00,11.59,658.60,79.99,1.16,48.01,269.60,0.98
2022-09-03T05:28:01.255850,0.00,11.59,658.60,79.99,1.16,48.03,268.74,0.98
2022-09-03T05:29:01.838750,0.00,11.42,658.60,79.99,1.16,48.13,269.07,0.98
2022-09-03T05:30:01.419309,0.00,11.59,658.60,79.99,1.16,48.13,270.03,0.98
2022-09-03T05:31:02.015277,0.00,11.55,658.60,79.99,1.16,48.13,269.82,0.98
2022-09-03T05:32:01.591311,0.00,11.59,658.60,79.99,1.16,48.11,270.57,0.98
2022-09-03T05:33:02.185660,1.00,11.59,658.60,79.99,0.41,48.21,270.57,0.99
2022-09-03T05:34:01.768276,0.00,11.59,658.60,79.99,0.41,48.44,269.60,0.98
2022-09-03T05:35:01.346445,0.00,11.59,658.60,79.99,0.41,48.34,271.12,0.99
2022-09-03T05:36:01.925782,0.00,11.59,658.60,79.99,0.41,48.34,271.77,0.99
2022-09-03T05:37:01.508118,1.00,11.59,658.60,79.99,0.41,48.48,272.75,0.99
2022-09-03T05:38:02.091010,0.00,11.42,658.60,79.99,2.32,48.51,272.31,0.99
2022-09-03T05:39:01.673533,0.00,11.59,658.60,79.99,0.47,48.50,273.63,0.99
2022-09-03T05:40:01.256698,0.00,11.81,658.60,79.99,0.47,48.47,264.10,0.98
2022-09-03T05:41:01.838389,0.00,11.59,658.60,79.99,1.35,48.55,274.18,0.99
2022-09-03T05:42:01.421429,0.00,11.55,658.60,79.99,0.53,48.67,275.18,1.00
2022-09-03T05:43:02.006797,0.00,11.59,658.60,79.99,1.35,48.62,273.63,0.99
2022-09-03T05:44:01.588907,0.00,11.42,658.60,79.99,1.35,48.66,274.96,1.00
2022-09-03T05:45:02.169827,0.00,11.55,658.60,79.99,1.35,48.73,275.96,1.00
2022-09-03T05:46:01.754893,0.00,11.59,658.60,79.99,1.35,48.83,275.29,1.00
2022-09-03T05:47:01.347675,0.00,11.59,658.60,79.99,1.35,48.81,274.63,1.00
2022-09-03T05:48:01.925509,0.00,11.37,658.60,79.99,3.49,48.80,274.29,1.00
2022-09-03T05:49:01.503545,0.00,11.59,658.60,79.99,0.83,48.71,272.64,1.00
2022-09-03T05:50:02.093649,0.00,11.59,658.60,79.99,1.35,48.73,275.29,1.00
2022-09-03T05:51:01.672105,0.00,11.59,658.60,79.99,0.83,48.87,276.41,1.00
2022-09-03T05:52:01.256123,0.00,11.81,658.60,79.99,0.83,48.73,275.63,1.00
2022-09-03T05:53:01.838767,0.00,11.59,658.60,79.99,0.83,48.83,275.07,1.00
2022-09-03T05:54:01.439563,0.00,11.59,658.60,79.99,0.83,49.01,276.52,1.00
2022-09-03T05:55:02.024845,0.00,11.59,658.60,79.99,2.51,48.91,275.85,1.00
2022-09-03T05:56:01.602770,0.00,11.55,658.60,79.99,0.89,48.99,275.07,1.00
2022-09-03T05:57:02.203839,0.00,11.42,658.60,79.99,0.89,46.03,241.85,0.96
2022-09-03T05:58:01.816974,0.00,11.59,658.60,79.99,0.89,48.77,274.18,1.00
2022-09-03T05:59:01.409973,0.00,11.51,658.60,79.99,1.53,48.85,275.18,1.00
2022-09-03T06:00:01.994249,0.00,11.59,658.60,79.99,1.53,48.94,278.21,1.01
2022-09-03T06:01:01.577209,0.00,11.59,658.60,79.99,0.89,48.94,279.92,1.01
2022-09-03T06:02:02.164188,0.00,11.59,658.60,79.99,1.53,49.03,279.01,1.01
2022-09-03T06:03:01.748397,0.00,11.59,658.60,79.99,1.53,48.97,276.86,1.00
2022-09-03T06:04:01.345481,0.00,11.59,658.60,79.99,5.81,48.92,277.20,1.01
2022-09-03T06:05:01.923609,0.00,11.59,658.60,79.99,5.81,49.04,279.58,1.01
2022-09-03T06:06:01.508188,0.00,11.81,658.60,79.99,2.69,49.06,279.12,1.01
2022-09-03T06:07:02.104276,0.00,11.65,658.60,79.99,2.69,49.03,280.27,1.01
2022-09-03T06:08:01.687123,0.00,11.59,658.60,79.99,2.69,49.11,281.19,1.01
2022-09-03T06:09:01.269197,0.00,11.86,658.60,79.99,2.69,49.09,280.61,1.01
2022-09-03T06:10:01.845947,0.00,11.59,658.60,79.99,2.69,49.19,280.15,1.01
2022-09-03T06:11:01.428857,0.00,11.81,658.60,79.99,2.69,49.11,279.92,1.01
2022-09-03T06:12:02.015121,0.00,11.86,658.60,79.99,1.72,49.18,279.12,1.01
2022-09-03T06:13:01.593546,0.00,11.59,658.60,79.99,1.72,49.11,279.58,1.01
2022-09-03T06:14:02.176096,0.00,11.81,658.60,79.99,1.72,49.04,277.99,1.01
2022-09-03T06:15:01.749426,0.00,11.65,658.60,79.99,1.72,49.18,279.69,1.01
2022-09-03T06:16:01.335261,0.00,11.65,658.60,79.99,1.72,49.14,278.33,1.01
2022-09-03T06:17:01.922723,0.00,11.81,658.60,79.99,2.69,49.25,279.69,1.01
2022-09-03T06:18:01.502431,0.00,11.81,658.60,79.99,1.72,49.19,276.97,1.01
2022-09-03T06:19:02.086457,2.00,11.65,658.60,79.99,3.85,49.13,275.96,1.01
2022-09-03T06:20:01.669681,0.00,11.59,658.60,79.99,3.85,49.14,276.41,1.01
2022-09-03T06:21:01.255192,0.00,11.69,658.60,79.99,2.88,49.10,275.29,1.01
2022-09-03T06:22:01.839154,0.00,11.59,658.60,79.99,2.88,49.10,275.29,1.01
2022-09-03T06:23:01.423098,0.00,11.59,658.60,79.99,1.78,49.06,274.52,1.01
2022-09-03T06:24:02.006444,0.00,11.98,658.60,79.99,2.07,49.15,276.08,1.01
2022-09-03T06:25:01.592945,0.00,11.59,658.60,79.99,3.06,49.07,276.41,1.01
2022-09-03T06:26:02.173172,0.00,11.59,658.60,79.99,3.06,49.06,275.52,1.01
2022-09-03T06:27:01.756683,0.00,11.59,658.60,79.99,3.06,49.16,275.74,1.01
2022-09-03T06:28:01.337911,0.00,11.81,658.60,79.99,5.20,49.13,277.88,1.01
2022-09-03T06:29:01.920976,0.00,11.81,658.60,79.99,3.06,49.07,275.74,1.01
2022-09-03T06:30:01.505080,0.00,11.59,658.60,79.99,5.20,48.95,275.41,1.01
2022-09-03T06:31:02.086721,0.00,11.59,658.60,79.99,8.50,49.02,276.30,1.01
2022-09-03T06:32:01.669409,0.00,11.86,658.60,79.99,5.39,49.01,275.96,1.01
2022-09-03T06:33:01.255690,0.00,11.81,658.60,79.99,4.41,48.92,275.07,1.01
2022-09-03T06:34:01.839073,0.00,11.65,658.60,79.99,2.84,48.96,274.96,1.01
2022-09-03T06:35:01.424732,0.00,11.59,658.60,79.99,3.43,48.93,274.07,1.01
2022-09-03T06:36:02.018525,0.00,11.86,658.60,79.99,5.57,49.05,274.18,1.01
2022-09-03T06:37:01.604425,0.00,11.65,658.60,79.99,4.59,49.04,275.74,1.01
2022-09-03T06:38:02.193891,0.00,11.59,658.60,79.99,4.59,49.14,277.09,1.01
2022-09-03T06:39:01.776604,0.00,11.65,658.60,79.99,3.61,49.03,276.97,1.01
2022-09-03T06:40:01.358770,0.00,11.69,658.60,79.99,7.89,49.09,276.08,1.01
2022-09-03T06:41:01.944441,0.00,11.86,658.60,79.99,6.92,49.20,276.97,1.01
2022-09-03T06:42:01.523608,0.00,12.04,658.60,79.99,8.08,49.11,275.29,1.01
2022-09-03T06:43:02.099125,0.00,11.81,658.60,79.99,5.75,49.12,276.97,1.02
2022-09-03T06:44:01.693081,0.00,11.81,658.60,79.99,6.92,49.15,275.63,1.01
2022-09-03T06:45:01.276101,0.00,11.59,658.60,79.99,5.15,49.10,275.52,1.01
2022-09-03T06:46:01.849059,0.00,11.65,658.60,79.99,4.44,48.96,275.29,1.01
2022-09-03T06:47:01.426610,0.00,11.86,658.60,79.99,8.08,49.10,277.65,1.02
2022-09-03T06:48:02.008740,0.00,11.86,658.60,79.99,4.78,49.21,278.33,1.02
2022-09-03T06:49:01.587069,0.00,11.65,658.60,79.99,6.73,49.16,278.78,1.02
2022-09-03T06:50:02.169467,0.00,11.59,658.60,79.99,6.92,48.83,275.74,1.02
2022-09-03T06:51:01.755064,0.00,11.81,658.60,79.99,6.12,49.09,276.08,1.02
2022-09-03T06:52:01.348116,0.00,11.65,658.60,79.99,8.26,49.02,274.52,1.02
2022-09-03T06:53:01.926737,0.00,11.59,658.60,79.99,7.28,49.21,275.41,1.02
2022-09-03T06:54:01.509415,0.00,11.59,658.60,79.99,7.47,49.09,274.41,1.02
2022-09-03T06:55:02.107127,0.00,11.65,658.60,79.99,10.77,49.12,275.29,1.02
2022-09-03T06:56:01.681640,0.00,11.47,658.60,79.99,8.82,49.27,275.63,1.02
2022-09-03T06:57:01.266809,0.00,11.81,658.60,79.99,9.18,49.25,277.65,1.02
2022-09-03T06:58:01.856011,0.00,11.59,658.60,79.99,9.37,49.29,277.54,1.02
2022-09-03T06:59:01.438108,0.00,11.65,658.60,79.99,10.35,49.24,277.20,1.02
2022-09-03T07:00:02.020887,0.00,11.59,658.60,79.99,9.00,49.27,276.64,1.02
2022-09-03T07:01:01.597335,0.00,11.59,658.60,79.99,10.95,49.23,275.63,1.02
2022-09-03T07:02:02.179386,0.00,11.59,658.60,79.99,8.82,49.33,276.08,1.02
2022-09-03T07:03:01.775066,0.00,11.81,658.60,79.99,9.00,49.42,277.31,1.02
2022-09-03T07:04:01.348367,0.00,11.65,658.60,79.99,8.39,49.39,276.86,1.02
2022-09-03T07:05:01.925109,0.00,11.59,658.60,79.99,10.35,49.52,278.33,1.03
2022-09-03T07:06:01.503296,0.00,11.59,658.60,79.99,7.05,49.54,278.21,1.03
2022-09-03T07:07:02.086633,2.00,11.59,658.60,79.99,6.22,49.55,276.86,1.03
2022-09-03T07:08:01.668876,0.00,11.59,658.60,79.99,8.39,49.55,279.35,1.03
2022-09-03T07:09:01.254948,0.00,11.59,658.60,79.99,8.58,49.54,269.17,1.02
2022-09-03T07:10:01.836991,0.00,11.86,658.60,79.99,9.55,49.60,278.90,1.03
2022-09-03T07:11:01.418655,0.00,11.59,658.60,79.99,10.72,49.69,277.54,1.03
2022-09-03T07:12:02.000523,0.00,11.65,658.60,79.99,13.41,49.81,277.42,1.03
2022-09-03T07:13:01.579831,0.00,11.59,658.60,79.99,15.73,49.71,279.12,1.04
2022-09-03T07:14:02.165932,0.00,11.59,658.60,79.99,15.12,49.85,278.10,1.03
2022-09-03T07:15:01.748082,0.00,11.59,658.60,79.99,15.68,49.83,277.99,1.04
2022-09-03T07:16:01.329473,0.00,11.59,658.60,79.99,18.92,49.85,278.44,1.04
2022-09-03T07:17:01.920837,0.00,11.59,658.60,79.99,17.58,50.08,280.38,1.04
2022-09-03T07:18:01.515312,0.00,11.59,658.60,79.99,20.69,50.01,279.92,1.04
2022-09-03T07:19:02.088589,0.00,11.55,658.60,79.99,20.69,50.17,279.47,1.05
2022-09-03T07:20:01.673703,0.00,11.59,658.60,79.99,26.02,50.39,281.65,1.05
2022-09-03T07:21:01.257220,0.00,11.59,658.60,79.99,25.28,50.54,279.24,1.05
2022-09-03T07:22:01.853905,0.00,11.59,658.60,79.99,33.31,50.55,282.69,1.05
2022-09-03T07:23:01.437707,0.00,11.59,658.60,79.99,31.96,50.54,281.30,1.05
2022-09-03T07:24:02.030022,0.00,11.59,658.60,79.99,27.74,50.77,282.81,1.06
2022-09-03T07:25:01.612270,0.00,11.81,658.60,79.99,24.68,50.76,283.51,1.06
2022-09-03T07:26:02.197940,0.00,11.65,658.60,79.99,32.94,51.03,283.39,1.06
2022-09-03T07:27:01.798142,0.00,11.42,658.60,79.99,29.64,51.06,283.28,1.07
2022-09-03T07:28:01.397457,0.00,11.81,658.60,79.99,19.16,51.20,283.16,1.07
2022-09-03T07:29:01.977812,1.00,11.59,658.60,79.99,17.82,51.53,285.27,1.08
2022-09-03T07:30:01.573790,0.00,11.59,658.60,79.99,18.37,51.68,282.69,1.08
2022-09-03T07:31:02.166746,0.00,11.81,658.60,79.99,23.02,51.80,285.98,1.08
2022-09-03T07:32:01.747717,0.00,11.65,658.60,79.99,23.20,52.18,287.30,1.09
2022-09-03T07:33:01.328460,0.00,11.59,658.60,79.99,21.85,52.44,289.10,1.10
2022-09-03T07:34:01.917274,0.00,11.59,658.60,79.99,20.69,52.56,289.22,1.10
2022-09-03T07:35:01.497677,0.00,11.42,658.60,79.99,20.88,52.68,290.19,1.10
2022-09-03T07:36:02.077861,0.00,11.81,658.60,79.99,23.39,52.88,289.58,1.11
2022-09-03T07:37:01.667441,0.00,11.98,658.60,79.99,21.12,53.05,290.07,1.11
2022-09-03T07:38:01.248301,0.00,11.59,658.60,79.99,21.12,53.34,288.49,1.12
2022-09-03T07:39:01.828884,0.00,11.59,658.60,79.99,18.00,53.46,289.70,1.12
2022-09-03T07:40:01.409093,0.00,11.59,658.60,79.99,18.37,53.62,290.80,1.13
2022-09-03T07:41:02.002025,0.00,11.59,658.60,79.99,26.50,53.88,289.82,1.13
2022-09-03T07:42:01.581890,0.00,11.59,658.60,79.99,25.52,53.91,291.04,1.14
2022-09-03T07:43:02.174135,0.00,11.59,658.60,79.99,23.02,54.16,290.19,1.14
2022-09-03T07:44:01.757888,0.00,11.59,658.60,79.99,22.83,54.33,288.86,1.15
2022-09-03T07:45:01.340601,0.00,11.59,658.60,79.99,20.69,54.53,290.55,1.15
2022-09-03T07:46:01.921640,0.00,11.42,658.60,79.99,26.87,54.97,293.01,1.16
2022-09-03T07:47:01.504553,0.00,11.59,658.60,79.99,25.28,55.02,291.65,1.17
2022-09-03T07:48:02.088966,0.00,11.55,658.60,79.99,20.51,55.25,291.65,1.17
2022-09-03T07:49:01.666309,0.00,11.55,658.60,79.99,17.45,55.34,293.88,1.18
2022-09-03T07:50:01.247436,0.00,11.59,658.60,79.99,15.31,55.64,294.50,1.18
2022-09-03T07:51:01.820655,0.00,11.37,658.60,79.99,18.61,55.67,293.63,1.19
2022-09-03T07:52:01.414625,0.00,11.59,658.60,79.99,19.77,55.90,294.00,1.19
2022-09-03T07:53:01.996842,0.00,11.59,658.60,79.99,17.63,56.23,297.01,1.21
2022-09-03T07:54:01.578462,0.00,11.59,658.60,79.99,16.47,56.34,297.39,1.21
2022-09-03T07:55:02.163270,0.00,11.59,658.60,79.99,16.47,56.51,297.64,1.22
2022-09-03T07:56:01.747337,0.00,11.59,658.60,79.99,17.63,56.60,294.25,1.22
2022-09-03T07:57:01.344776,0.00,11.50,658.60,79.99,15.92,56.65,295.87,1.22
2022-09-03T07:58:01.923295,0.00,11.59,658.60,79.99,10.11,57.07,297.90,1.24
2022-09-03T07:59:01.507179,0.00,11.55,658.60,79.99,16.16,57.26,290.80,1.23
2022-09-03T08:00:02.103964,0.00,11.59,658.60,79.99,10.53,57.43,297.90,1.25
2022-09-03T08:01:01.695189,0.00,11.42,658.60,79.99,16.16,57.61,298.66,1.25
2022-09-03T08:02:01.277056,0.00,11.37,658.60,79.99,13.04,57.74,299.17,1.26
2022-09-03T08:03:01.868996,0.00,11.59,658.60,79.99,12.85,57.81,299.30,1.26
2022-09-03T08:04:01.448802,0.00,11.59,658.60,79.99,15.18,57.93,300.20,1.27
2022-09-03T08:05:02.029776,0.00,11.55,658.60,79.99,16.16,57.77,297.14,1.27
2022-09-03T08:06:01.622380,0.00,11.59,658.60,79.99,13.04,58.35,299.56,1.28
2022-09-03T08:07:01.214360,0.00,11.59,658.60,79.99,12.85,58.56,299.68,1.28
2022-09-03T08:08:01.810936,0.00,11.37,658.60,79.99,13.04,58.76,298.92,1.29
2022-09-03T08:09:01.399824,0.00,11.42,658.60,79.99,12.06,58.78,297.90,1.29
2022-09-03T08:10:01.981271,0.00,11.55,658.60,79.99,14.39,58.87,298.92,1.30
2022-09-03T08:11:01.565776,0.00,11.42,658.60,79.99,11.88,59.07,297.64,1.30
2022-09-03T08:12:02.157915,0.00,11.42,658.60,79.99,11.88,59.19,298.15,1.30
2022-09-03T08:13:01.740810,0.00,11.81,658.60,79.99,16.52,59.29,297.14,1.30
2022-09-03T08:14:01.321157,0.00,11.59,658.60,79.99,14.75,59.30,295.87,1.31
2022-09-03T08:15:01.911023,0.00,11.55,658.60,79.99,15.73,59.40,295.50,1.31
2022-09-03T08:16:01.494314,0.00,11.59,658.60,79.99,14.57,59.36,291.41,1.30
2022-09-03T08:17:02.082590,0.00,11.59,658.60,79.99,14.75,59.42,291.53,1.31
2022-09-03T08:18:01.666782,0.00,11.59,658.60,79.99,16.89,59.75,293.13,1.31
2022-09-03T08:19:01.262156,0.00,11.55,658.60,79.99,15.92,60.08,294.50,1.32
2022-09-03T08:20:01.842030,0.00,11.24,658.60,79.99,16.10,60.31,295.00,1.33
2022-09-03T08:21:01.429279,0.00,11.81,658.60,79.99,15.31,60.57,298.79,1.34
2022-09-03T08:22:02.014767,0.00,11.59,658.60,79.99,16.10,60.71,298.79,1.35
2022-09-03T08:23:01.593583,0.00,11.59,658.60,79.99,17.08,60.74,297.77,1.36
2022-09-03T08:24:02.187658,3.00,11.59,658.60,79.99,17.08,61.01,300.33,1.36
2022-09-03T08:25:01.776771,1.00,11.50,658.60,79.99,18.85,61.17,299.94,1.37
2022-09-03T08:26:01.349442,0.00,11.42,658.60,79.99,14.75,61.32,301.23,1.38
2022-09-03T08:27:01.927044,0.00,11.59,658.60,79.99,17.08,61.52,300.46,1.38
2022-09-03T08:28:01.504524,0.00,11.59,658.60,79.99,18.06,61.82,300.84,1.39
2022-09-03T08:29:02.088071,0.00,11.59,658.60,79.99,18.24,61.95,301.49,1.39
2022-09-03T08:30:01.670368,0.00,11.59,658.60,79.99,18.06,61.64,298.92,1.40
2022-09-03T08:31:01.255002,0.00,11.55,658.60,79.99,15.73,62.12,299.30,1.40
2022-09-03T08:32:01.839570,0.00,11.59,658.60,79.99,15.73,62.19,300.84,1.41
2022-09-03T08:33:01.423182,0.00,11.59,658.60,79.99,18.06,62.16,298.79,1.41
2022-09-03T08:34:02.006744,0.00,11.59,658.60,79.99,18.24,62.43,298.40,1.41
2022-09-03T08:35:01.599064,0.00,11.42,658.60,79.99,17.08,62.56,298.79,1.42
2022-09-03T08:36:02.177398,0.00,11.55,658.60,79.99,14.94,62.79,298.40,1.42
2022-09-03T08:37:01.758461,2.00,11.37,658.60,79.99,18.06,62.83,295.87,1.43
2022-09-03T08:38:01.348522,0.00,11.55,658.60,79.99,17.08,62.95,296.63,1.43
2022-09-03T08:39:01.945007,0.00,11.59,658.60,79.99,17.45,62.99,295.00,1.43
2022-09-03T08:40:01.524012,0.00,11.33,658.60,79.99,22.28,63.22,293.88,1.43
2022-09-03T08:41:02.098506,0.00,11.59,658.60,79.99,23.02,63.42,295.00,1.45
2022-09-03T08:42:01.679691,0.00,11.59,658.60,79.99,21.43,63.25,293.88,1.45
2022-09-03T08:43:01.260343,0.00,11.59,658.60,79.99,24.73,63.71,294.62,1.46
2022-09-03T08:44:01.852789,0.00,11.55,658.60,79.99,28.22,63.73,295.50,1.46
2022-09-03T08:45:01.436589,0.00,11.59,658.60,79.99,27.79,64.00,294.75,1.46
2022-09-03T08:46:02.013919,0.00,11.55,658.60,79.99,29.14,64.11,293.50,1.47
2022-09-03T08:47:01.597531,0.00,11.55,658.60,79.99,34.16,64.31,293.63,1.47
2022-09-03T08:48:02.189625,0.00,11.55,658.60,79.99,35.50,64.24,290.55,1.47
2022-09-03T08:49:01.774410,0.00,11.55,658.60,79.99,38.19,64.50,293.01,1.48
2022-09-03T08:50:01.349188,0.00,11.55,658.60,79.99,37.46,64.58,293.26,1.48
2022-09-03T08:51:01.927652,0.00,11.42,658.60,79.99,34.34,64.73,293.63,1.49
2022-09-03T08:52:01.509128,0.00,11.42,658.60,79.99,35.69,62.11,283.04,1.48
2022-09-03T08:53:02.092287,0.00,11.37,658.60,79.99,35.50,64.93,293.01,1.49
2022-09-03T08:54:01.669913,0.00,11.59,658.60,79.99,37.27,65.17,293.50,1.50
2022-09-03T08:55:01.255022,0.00,11.42,658.60,79.99,37.64,65.38,285.75,1.49
2022-09-03T08:56:01.843868,2.00,11.55,658.60,79.99,36.29,65.36,293.50,1.51
2022-09-03T08:57:01.424239,0.00,11.55,658.60,79.99,37.27,65.77,293.75,1.51
2022-09-03T08:58:02.007999,0.00,11.37,658.60,79.99,29.93,65.77,289.95,1.51
2022-09-03T08:59:01.584905,0.00,11.37,658.60,79.99,30.73,65.86,295.12,1.53
2022-09-03T09:00:02.167981,0.00,11.59,658.60,79.99,28.59,66.06,295.62,1.53
2022-09-03T09:01:01.750640,0.00,11.42,658.60,79.99,29.56,66.09,288.13,1.52
2022-09-03T09:02:01.336085,0.00,11.55,658.60,79.99,28.40,66.22,296.00,1.54
2022-09-03T09:03:01.919149,0.00,11.15,658.60,79.99,30.73,66.53,295.50,1.55
2022-09-03T09:04:01.504428,0.00,11.55,658.60,79.99,33.05,66.66,286.82,1.54
2022-09-03T09:05:02.095704,0.00,11.81,658.60,79.99,33.23,66.88,295.62,1.56
2022-09-03T09:06:01.668993,0.00,11.59,658.60,79.99,34.58,66.94,295.87,1.56
2022-09-03T09:07:01.265582,0.00,11.59,658.60,79.99,35.74,67.09,295.87,1.57
2022-09-03T09:08:01.858430,0.00,11.59,658.60,79.99,31.46,67.18,297.01,1.58
2022-09-03T09:09:01.439950,0.00,11.24,658.60,79.99,31.28,67.32,296.76,1.58
2022-09-03T09:10:02.024956,0.00,11.59,658.60,79.99,28.95,67.39,296.00,1.58
2022-09-03T09:11:01.598689,0.00,11.42,658.60,79.99,31.09,67.51,296.25,1.58
2022-09-03T09:12:02.180344,0.00,11.59,658.60,79.99,31.28,67.68,295.12,1.59
2022-09-03T09:13:01.764812,0.00,11.37,658.60,79.99,29.93,67.99,296.50,1.59
2022-09-03T09:14:01.343465,0.00,11.15,658.60,79.99,27.24,67.93,295.25,1.59
2022-09-03T09:15:01.923481,0.00,11.59,658.60,79.99,29.01,68.10,294.12,1.60
2022-09-03T09:16:01.504212,0.00,11.37,658.60,79.99,21.43,68.32,287.77,1.59
2022-09-03T09:17:02.091720,0.00,11.55,658.60,79.99,26.50,68.18,293.75,1.60
2022-09-03T09:18:01.672136,0.00,11.59,658.60,79.99,22.04,67.09,288.13,1.60
2022-09-03T09:19:01.258405,0.00,11.55,658.60,79.99,22.83,68.51,292.76,1.61
2022-09-03T09:20:01.841582,0.00,11.59,658.60,79.99,21.85,68.65,294.37,1.62
2022-09-03T09:21:01.422592,0.00,11.33,658.60,79.99,23.02,68.98,294.37,1.62
2022-09-03T09:22:02.006366,0.00,11.59,658.60,79.99,25.16,69.03,294.00,1.63
2022-09-03T09:23:01.600519,0.00,11.24,658.60,79.99,23.99,69.03,295.00,1.64
2022-09-03T09:24:02.184299,0.00,11.24,658.60,79.99,22.83,69.38,295.12,1.64
2022-09-03T09:25:01.766619,0.00,11.59,658.60,79.99,26.50,69.33,292.15,1.64
2022-09-03T09:26:01.358616,0.00,11.42,658.60,79.99,23.57,69.57,293.75,1.65
2022-09-03T09:27:01.945910,0.00,11.15,658.60,79.99,23.57,69.87,295.00,1.66
2022-09-03T09:28:01.532971,0.00,11.42,658.60,79.99,27.66,69.91,294.75,1.66
2022-09-03T09:29:02.135868,0.00,11.55,658.60,79.99,29.62,70.07,294.37,1.66
2022-09-03T09:30:01.717371,0.00,11.59,658.60,79.99,24.18,70.05,294.12,1.66
2022-09-03T09:31:01.298645,0.00,11.59,658.60,79.99,23.99,69.97,293.01,1.66
2022-09-03T09:32:01.890706,0.00,11.37,658.60,79.99,23.99,70.00,290.80,1.66
2022-09-03T09:33:01.475790,0.00,11.59,658.60,79.99,25.16,70.31,289.95,1.65
2022-09-03T09:34:02.059369,0.00,11.42,658.60,79.99,25.34,70.52,292.02,1.66
2022-09-03T09:35:01.653970,0.00,11.55,658.60,79.99,26.50,70.68,291.65,1.66
2022-09-03T09:36:01.237363,0.00,11.50,658.60,79.99,26.69,70.50,289.82,1.66
2022-09-03T09:37:01.819163,0.00,11.55,658.60,79.99,25.71,70.44,288.62,1.65
2022-09-03T09:38:01.414405,0.00,11.55,658.60,79.99,23.57,70.46,286.58,1.65
2022-09-03T09:39:01.997862,0.00,11.59,658.60,79.99,23.57,70.70,285.51,1.65
2022-09-03T09:40:01.580107,0.00,11.15,658.60,79.99,25.52,70.68,285.51,1.65
2022-09-03T09:41:02.165848,0.00,11.59,658.60,79.99,25.16,70.77,285.63,1.65
2022-09-03T09:42:01.748272,0.00,11.37,658.60,79.99,22.65,70.86,278.33,1.64
2022-09-03T09:43:01.330139,0.00,11.59,658.60,79.99,20.32,70.81,283.98,1.65
2022-09-03T09:44:01.915701,0.00,11.37,658.60,79.99,20.14,70.98,285.87,1.66
2022-09-03T09:45:01.506237,0.00,11.55,658.60,79.99,20.93,70.96,286.82,1.66
2022-09-03T09:46:02.088481,0.00,11.59,658.60,79.99,16.65,70.99,285.75,1.66
2022-09-03T09:47:01.670701,0.00,11.33,658.60,79.99,18.61,71.29,284.57,1.66
2022-09-03T09:48:01.255090,0.00,11.19,658.60,79.99,15.49,71.37,277.09,1.65
2022-09-03T09:49:01.837392,0.00,11.50,658.60,79.99,19.95,71.45,284.80,1.67
2022-09-03T09:50:01.418677,0.00,11.59,658.60,79.99,22.28,71.34,285.04,1.67
2022-09-03T09:51:02.000474,0.00,11.59,658.60,79.99,16.23,71.37,282.69,1.67
2022-09-03T09:52:01.582324,0.00,11.59,658.60,79.99,23.81,71.52,284.10,1.67
2022-09-03T09:53:02.174176,0.00,11.19,658.60,79.99,23.02,72.02,284.68,1.69
2022-09-03T09:54:01.756873,0.00,11.55,658.60,79.99,26.50,71.98,284.33,1.69
2022-09-03T09:55:01.335748,1.00,11.42,658.60,79.99,25.89,72.15,283.98,1.70
2022-09-03T09:56:01.922216,0.00,11.37,658.60,79.99,29.69,72.32,286.94,1.71
2022-09-03T09:57:01.505943,0.00,11.59,658.60,79.99,33.60,72.20,280.38,1.70
2022-09-03T09:58:02.090581,0.00,11.24,658.60,79.99,37.64,72.57,285.87,1.72
2022-09-03T09:59:01.670570,0.00,11.42,658.60,79.99,41.68,72.80,287.06,1.73
2022-09-03T10:00:01.261997,0.00,11.37,658.60,79.99,43.40,72.82,285.98,1.73
2022-09-03T10:01:01.840525,0.00,11.37,658.60,79.99,44.93,73.09,288.62,1.75
2022-09-03T10:02:01.425230,0.00,11.37,658.60,79.99,47.43,73.50,289.34,1.76
2022-09-03T10:03:02.008022,0.00,11.37,658.60,79.99,45.30,73.41,287.77,1.75
2022-09-03T10:04:01.590489,0.00,11.59,658.60,79.99,45.30,73.48,287.65,1.76
2022-09-03T10:05:02.175507,0.00,11.59,658.60,79.99,46.09,73.84,289.95,1.77
2022-09-03T10:06:01.770855,0.00,11.59,658.60,79.99,44.93,73.79,286.94,1.77
2022-09-03T10:07:01.346383,0.00,11.59,658.60,79.99,44.93,74.27,289.34,1.77
2022-09-03T10:08:01.929007,0.00,11.42,658.60,79.99,44.93,74.32,288.13,1.77
2022-09-03T10:09:01.514942,0.00,11.42,658.60,79.99,46.64,74.28,287.06,1.78
2022-09-03T10:10:02.109213,0.00,11.55,658.60,79.99,47.99,74.16,285.63,1.78
2022-09-03T10:11:01.690149,0.00,11.59,658.60,79.99,47.99,74.15,286.34,1.78
2022-09-03T10:12:01.275137,0.00,11.50,658.60,79.99,61.08,74.42,283.51,1.78
2022-09-03T10:13:01.849441,0.00,11.55,658.60,79.99,55.70,74.59,286.82,1.79
2022-09-03T10:14:01.434840,0.00,11.55,658.60,79.99,49.94,74.63,286.34,1.80
2022-09-03T10:15:02.017041,0.00,11.55,658.60,79.99,48.97,74.63,286.34,1.81
2022-09-03T10:16:01.598453,0.00,11.33,658.60,79.99,53.43,74.96,288.62,1.82
2022-09-03T10:17:02.182541,0.00,11.33,658.60,79.99,49.76,75.36,289.58,1.84
2022-09-03T10:18:01.766995,0.00,11.59,658.60,79.99,46.27,75.54,288.37,1.84
2022-09-03T10:19:01.344346,0.00,11.55,658.60,79.99,46.09,75.41,288.25,1.85
2022-09-03T10:20:01.923355,0.00,11.42,658.60,79.99,44.13,75.57,288.74,1.86
2022-09-03T10:21:01.507532,0.00,11.50,658.60,79.99,49.52,75.78,287.18,1.87
2022-09-03T10:22:02.084144,0.00,11.59,658.60,79.99,49.89,76.38,289.22,1.89
2022-09-03T10:23:01.667576,0.00,11.15,658.60,79.99,58.39,76.44,289.22,1.89
2022-09-03T10:24:01.250042,0.00,11.59,658.60,79.99,55.09,76.83,289.82,1.90
2022-09-03T10:25:01.830477,0.00,11.33,658.60,79.99,51.60,76.81,289.10,1.92
2022-09-03T10:26:01.414086,0.00,11.19,658.60,79.99,54.72,77.03,289.46,1.92
2022-09-03T10:27:02.011014,0.00,11.19,658.60,79.99,54.72,77.46,290.92,1.94
2022-09-03T10:28:01.587784,0.00,11.55,658.60,79.99,57.41,77.51,289.22,1.94
2022-09-03T10:29:02.169316,0.00,11.50,658.60,79.99,65.80,77.62,287.77,1.95
2022-09-03T10:30:01.750418,0.00,11.42,658.60,79.99,67.81,77.84,286.70,1.95
2022-09-03T10:31:01.336775,0.00,11.19,658.60,79.99,67.57,78.00,288.37,1.97
2022-09-03T10:32:01.920894,0.00,11.55,658.60,79.99,61.87,78.64,289.70,1.99
2022-09-03T10:33:01.506230,0.00,11.59,658.60,79.99,58.57,78.77,288.25,2.00
2022-09-03T10:34:02.103095,0.00,11.37,658.60,79.99,62.61,79.27,290.80,2.02
2022-09-03T10:35:01.687037,0.00,11.42,658.60,79.99,59.92,79.65,290.92,2.04
2022-09-03T10:36:01.268739,0.00,11.33,658.60,79.99,56.99,79.79,291.04,2.05
2022-09-03T10:37:01.844371,0.00,11.50,658.60,79.99,49.15,80.11,290.07,2.06
2022-09-03T10:38:01.423697,0.00,11.59,658.60,79.99,46.70,80.36,290.07,2.07
2022-09-03T10:39:02.014993,0.00,11.37,658.60,79.99,44.93,80.47,288.74,2.08
2022-09-03T10:40:01.588423,0.00,11.42,658.60,79.99,43.40,80.66,289.95,2.10
2022-09-03T10:41:02.170756,0.00,11.15,658.60,79.99,45.35,81.25,290.43,2.11
2022-09-03T10:42:01.755410,0.00,11.50,658.60,79.99,37.03,81.06,274.85,2.07
2022-09-03T10:43:01.348639,0.00,11.50,658.60,79.99,31.83,81.48,287.06,2.12
2022-09-03T10:44:01.929266,0.00,11.37,658.60,79.99,30.12,81.71,287.30,2.12
2022-09-03T10:45:01.510420,0.00,11.15,658.60,79.99,30.73,81.67,286.58,2.13
2022-09-03T10:46:02.105939,1.00,11.15,658.60,79.99,28.03,82.12,285.63,2.13
2022-09-03T10:47:01.688963,0.00,11.19,658.60,79.99,24.55,82.56,285.27,2.14
2022-09-03T10:48:01.271218,0.00,11.55,658.60,79.99,23.39,82.68,285.75,2.15
2022-09-03T10:49:01.847075,0.00,11.15,658.60,79.99,25.34,83.01,287.65,2.17
2022-09-03T10:50:01.429044,0.00,11.33,658.60,79.99,25.16,83.37,286.70,2.17
2022-09-03T10:51:02.024877,0.00,11.55,658.60,79.99,22.65,83.56,285.98,2.17
2022-09-03T10:52:01.598446,0.00,11.33,658.60,79.99,19.16,83.64,284.80,2.18
2022-09-03T10:53:02.177085,0.00,11.37,658.60,79.99,18.18,83.72,283.98,2.17
2022-09-03T10:54:01.757960,0.00,11.55,658.60,79.99,22.83,83.96,273.41,2.15
2022-09-03T10:55:01.339669,0.00,11.15,658.60,79.99,25.10,84.34,282.11,2.18
2022-09-03T10:56:01.921854,0.00,11.24,658.60,79.99,33.92,84.46,282.11,2.18
2022-09-03T10:57:01.502953,0.00,11.42,658.60,79.99,40.65,84.76,272.75,2.16
2022-09-03T10:58:02.088391,0.00,11.19,658.60,79.99,37.95,84.54,278.44,2.17
2022-09-03T10:59:01.673528,0.00,11.24,658.60,79.99,44.19,84.68,279.35,2.18
2022-09-03T11:00:01.257598,0.00,11.15,658.60,79.99,42.84,85.30,274.52,2.17
2022-09-03T11:01:01.838964,0.00,11.15,658.60,79.99,42.66,85.49,283.16,2.22
2022-09-03T11:02:01.420475,0.00,11.33,658.60,79.99,39.36,85.79,283.86,2.22
2022-09-03T11:03:02.005002,0.00,11.33,658.60,79.99,36.24,86.00,275.29,2.21
2022-09-03T11:04:01.588823,0.00,11.33,658.60,79.99,40.89,85.96,282.23,2.23
2022-09-03T11:05:02.173394,0.00,11.15,658.60,79.99,40.89,86.16,283.63,2.24
2022-09-03T11:06:01.756746,0.00,11.15,658.60,79.99,41.26,86.22,282.23,2.24
2022-09-03T11:07:01.338203,0.00,11.10,658.60,79.99,45.30,86.43,283.04,2.25
2022-09-03T11:08:01.923128,0.00,11.59,658.60,79.99,47.43,86.80,284.33,2.26
2022-09-03T11:09:01.503466,0.00,11.15,658.60,79.99,39.73,86.92,282.11,2.26
2022-09-03T11:10:02.086431,0.00,11.55,658.60,79.99,38.99,87.21,282.11,2.27
2022-09-03T11:11:01.670673,0.00,11.15,658.60,79.99,35.50,87.46,282.58,2.27
2022-09-03T11:12:01.256449,0.00,11.33,658.60,79.99,35.69,87.80,281.19,2.28
2022-09-03T11:13:01.837972,0.00,11.33,658.60,79.99,39.96,87.95,280.73,2.28
2022-09-03T11:14:01.421500,0.00,11.15,658.60,79.99,39.36,87.99,281.42,2.29
2022-09-03T11:15:02.021757,0.00,11.15,658.60,79.99,43.58,88.26,282.81,2.30
2022-09-03T11:16:01.596531,0.00,11.33,658.60,79.99,48.78,88.66,283.04,2.31
2022-09-03T11:17:02.177588,0.00,11.19,658.60,79.99,47.07,88.79,282.69,2.32
2022-09-03T11:18:01.759531,0.00,11.19,658.60,79.99,45.53,88.01,278.33,2.31
2022-09-03T11:19:01.340832,0.00,11.37,658.60,79.99,39.91,89.24,279.69,2.32
2022-09-03T11:20:01.922229,0.00,11.15,658.60,79.99,40.46,89.11,279.35,2.32
2022-09-03T11:21:01.507319,0.00,11.15,658.60,79.99,47.99,89.09,276.19,2.30
2022-09-03T11:22:02.090190,0.00,11.19,658.60,79.99,51.47,89.18,276.52,2.31
2022-09-03T11:23:01.675628,0.00,11.15,658.60,79.99,51.47,89.58,277.54,2.31
2022-09-03T11:24:01.270870,0.00,11.19,658.60,79.99,45.30,89.52,275.41,2.30
2022-09-03T11:25:01.855442,0.00,11.15,658.60,79.99,45.35,89.63,274.85,2.30
2022-09-03T11:26:01.429930,0.00,11.33,658.60,79.99,39.36,89.76,275.07,2.31
2022-09-03T11:27:02.015617,0.00,11.15,658.60,79.99,37.16,89.80,273.08,2.30
2022-09-03T11:28:01.594070,0.00,11.15,658.60,79.99,36.74,89.80,272.97,2.30
2022-09-03T11:29:02.173197,0.00,11.15,658.60,79.99,37.03,89.80,272.31,2.30
2022-09-03T11:30:01.757754,0.00,11.15,658.60,79.99,34.16,89.91,269.60,2.29
2022-09-03T11:31:01.353835,0.00,11.15,658.60,79.99,31.46,90.12,271.66,2.29
2022-09-03T11:32:01.938429,0.00,11.24,658.60,79.99,28.77,90.06,269.07,2.29
2022-09-03T11:33:01.532593,0.00,11.33,658.60,79.99,24.92,90.25,269.39,2.28
2022-09-03T11:34:02.125754,0.00,11.15,658.60,79.99,20.88,90.23,267.47,2.27
2022-09-03T11:35:01.708505,0.00,11.15,658.60,79.99,16.23,90.27,266.51,2.27
2022-09-03T11:36:01.286932,0.00,11.15,658.60,79.99,20.69,90.34,267.68,2.28
2022-09-03T11:37:01.855443,0.00,11.24,658.60,79.99,24.73,90.58,269.17,2.29
2022-09-03T11:38:01.438222,0.00,11.15,658.60,79.99,28.77,91.13,268.96,2.29
2022-09-03T11:39:02.021689,0.00,11.55,658.60,79.99,33.79,91.15,267.89,2.30
2022-09-03T11:40:01.597783,0.00,11.27,658.60,79.99,35.50,90.97,267.89,2.30
2022-09-03T11:41:02.180211,0.00,11.50,658.60,79.99,42.60,91.19,268.10,2.30
2022-09-03T11:42:01.765613,0.00,11.19,658.60,79.99,42.23,91.41,264.31,2.29
2022-09-03T11:43:01.346008,0.00,11.50,658.60,79.99,42.23,91.68,267.89,2.31
2022-09-03T11:44:01.925479,0.00,11.33,658.60,79.99,44.00,91.85,268.64,2.32
2022-09-03T11:45:01.508361,0.00,11.15,658.60,79.99,41.31,91.92,264.42,2.31
2022-09-03T11:46:02.090996,0.00,11.59,658.60,79.99,37.27,91.97,266.83,2.32
2022-09-03T11:47:01.673321,0.00,11.37,658.60,79.99,27.79,92.08,267.89,2.32
2022-09-03T11:48:01.258338,0.00,10.94,658.60,79.99,25.89,92.43,267.68,2.33
2022-09-03T11:49:01.852458,0.00,11.24,658.60,79.99,23.39,92.43,268.64,2.33
2022-09-03T11:50:01.436862,0.00,11.19,658.60,79.99,21.06,92.70,268.74,2.33
2022-09-03T11:51:02.019650,0.00,11.19,658.60,79.99,22.04,92.64,268.21,2.34
2022-09-03T11:52:01.606121,0.00,11.15,658.60,79.99,21.43,92.90,268.32,2.34
2022-09-03T11:53:02.188570,0.00,11.15,658.60,79.99,26.45,93.22,266.30,2.34
2022-09-03T11:54:01.770232,0.00,11.19,658.60,79.99,28.95,93.40,267.57,2.35
2022-09-03T11:55:01.355293,0.00,11.24,658.60,79.99,31.09,93.90,271.55,2.38
2022-09-03T11:56:01.938073,0.00,11.50,658.60,79.99,29.14,94.54,273.08,2.40
2022-09-03T11:57:01.520490,0.00,11.33,658.60,79.99,33.79,94.61,274.29,2.42
2022-09-03T11:58:02.098648,0.00,11.15,658.60,79.99,34.16,95.28,276.52,2.44
2022-09-03T11:59:01.686140,0.00,11.15,658.60,79.99,39.96,95.33,276.75,2.45
2022-09-03T12:00:01.266379,0.00,11.15,658.60,79.99,40.33,95.40,275.85,2.45
2022-09-03T12:01:01.844573,0.00,11.10,658.60,79.99,41.50,95.58,275.96,2.46
2022-09-03T12:02:01.423588,0.00,11.15,658.60,79.99,38.75,95.89,277.20,2.48
2022-09-03T12:03:02.015488,0.00,11.15,658.60,79.99,39.49,96.40,276.97,2.50
2022-09-03T12:04:01.593813,2.00,11.10,658.60,79.99,44.93,96.64,279.47,2.52
2022-09-03T12:05:02.172712,0.00,10.94,658.60,79.99,42.66,96.95,278.44,2.52
2022-09-03T12:06:01.757028,0.00,11.15,658.60,79.99,37.22,96.97,276.41,2.52
2022-09-03T12:07:01.340117,0.00,11.42,658.60,79.99,39.54,97.11,277.31,2.53
2022-09-03T12:08:01.922820,0.00,11.15,658.60,79.99,43.03,97.54,277.09,2.54
2022-09-03T12:09:01.507677,0.00,11.15,658.60,79.99,44.19,97.50,273.85,2.54
2022-09-03T12:10:02.090025,0.00,11.15,658.60,79.99,44.00,98.17,275.74,2.55
2022-09-03T12:11:01.671778,0.00,11.15,658.60,79.99,42.66,98.39,275.07,2.55
2022-09-03T12:12:01.256791,0.00,11.15,658.60,79.99,39.17,98.46,266.51,2.52
2022-09-03T12:13:01.838774,0.00,11.15,658.60,79.99,35.50,98.60,273.30,2.54
2022-09-03T12:14:01.416258,0.00,11.15,658.60,79.99,32.99,98.80,274.29,2.56
2022-09-03T12:15:01.999798,0.00,11.15,658.60,79.99,33.97,99.02,274.74,2.57
2022-09-03T12:16:01.584633,0.00,11.15,658.60,79.99,35.32,99.14,275.74,2.58
2022-09-03T12:17:02.171101,0.00,11.15,658.60,79.99,37.64,99.63,275.07,2.59
2022-09-03T12:18:01.757343,0.00,11.15,658.60,79.99,38.80,99.90,265.67,2.56
2022-09-03T12:19:01.346289,0.00,11.10,658.60,79.99,36.85,99.75,274.63,2.59
2022-09-03T12:20:01.926484,0.00,11.15,658.60,79.99,38.19,99.78,271.77,2.58
2022-09-03T12:21:01.511678,0.00,10.88,658.60,79.99,39.12,100.10,273.41,2.59
2022-09-03T12:22:02.095038,0.00,11.15,658.60,79.99,37.95,100.37,273.63,2.59
2022-09-03T12:23:01.678421,0.00,11.15,658.60,79.99,41.86,100.92,274.85,2.60
2022-09-03T12:24:01.263371,0.00,11.15,658.60,79.99,41.86,101.07,272.21,2.60
2022-09-03T12:25:01.844925,0.00,11.15,658.60,79.99,42.23,101.14,273.85,2.61
2022-09-03T12:26:01.424968,0.00,11.15,658.60,79.99,40.70,101.32,272.53,2.61
2022-09-03T12:27:02.009325,0.00,11.15,658.60,79.99,39.36,100.99,272.42,2.61
2022-09-03T12:28:01.587504,0.00,11.15,658.60,79.99,37.03,101.65,274.74,2.63
2022-09-03T12:29:02.171466,0.00,11.15,658.60,79.99,37.22,102.15,275.29,2.64
2022-09-03T12:30:01.756254,0.00,11.15,658.60,79.99,42.66,102.69,274.96,2.65
2022-09-03T12:31:01.340592,0.00,11.15,658.60,79.99,42.66,102.89,276.41,2.67
2022-09-03T12:32:01.923996,0.00,11.10,658.60,79.99,41.50,103.35,278.67,2.69
2022-09-03T12:33:01.508038,0.00,11.15,658.60,79.99,39.17,103.53,275.96,2.68
2022-09-03T12:34:02.090032,1.00,11.15,658.60,79.99,39.96,103.77,277.20,2.71
2022-09-03T12:35:01.676516,0.00,10.88,658.60,79.99,36.66,103.82,277.31,2.71
2022-09-03T12:36:01.260024,0.00,11.15,658.60,79.99,37.46,103.87,276.97,2.71
2022-09-03T12:37:01.841323,0.00,11.15,658.60,79.99,40.39,104.29,276.52,2.72
2022-09-03T12:38:01.424055,0.00,10.94,658.60,79.99,33.79,104.63,276.41,2.72
2022-09-03T12:39:02.008174,0.00,11.15,658.60,79.99,33.60,104.81,268.00,2.70
2022-09-03T12:40:01.587553,2.00,10.94,658.60,79.99,32.26,104.89,277.65,2.74
2022-09-03T12:41:02.171978,0.00,10.88,658.60,79.99,28.77,105.36,279.24,2.76
2022-09-03T12:42:01.748863,0.00,10.94,658.60,79.99,28.40,106.00,279.35,2.77
2022-09-03T12:43:01.335650,0.00,11.15,658.60,79.99,29.19,106.37,279.69,2.79
2022-09-03T12:44:01.918820,0.00,10.94,658.60,79.99,26.08,106.94,280.15,2.80
2022-09-03T12:45:01.501120,0.00,11.15,658.60,79.99,26.26,107.04,273.19,2.78
2022-09-03T12:46:02.086639,0.00,11.10,658.60,79.99,28.77,107.18,280.96,2.82
2022-09-03T12:47:01.671240,0.00,10.70,658.60,79.99,31.28,107.67,282.69,2.84
2022-09-03T12:48:01.255856,0.00,11.10,658.60,79.99,33.79,107.97,282.11,2.85
2022-09-03T12:49:01.838945,0.00,11.15,658.60,79.99,36.11,108.35,282.93,2.86
2022-09-03T12:50:01.432003,0.00,11.10,658.60,79.99,36.29,108.76,282.35,2.86
2022-09-03T12:51:02.007834,0.00,11.15,658.60,79.99,37.27,109.06,282.35,2.87
2022-09-03T12:52:01.585701,0.00,10.84,658.60,79.99,29.69,109.20,279.92,2.86
2022-09-03T12:53:02.167937,0.00,10.88,658.60,79.99,31.28,109.23,279.01,2.86
2022-09-03T12:54:01.748846,0.00,11.10,658.60,79.99,25.65,109.67,278.78,2.86
2022-09-03T12:55:01.328689,0.00,10.94,658.60,79.99,29.56,110.15,280.38,2.88
2022-09-03T12:56:01.914146,0.00,10.88,658.60,79.99,29.38,110.46,280.04,2.88
2022-09-03T12:57:01.496514,0.00,10.88,658.60,79.99,29.19,110.21,276.75,2.87
2022-09-03T12:58:02.076987,0.00,11.15,658.60,79.99,27.66,110.68,276.41,2.87
2022-09-03T12:59:01.665115,0.00,10.76,658.60,79.99,23.99,111.05,278.44,2.88
2022-09-03T13:00:01.247100,0.00,11.10,658.60,79.99,21.30,110.94,277.54,2.88
2022-09-03T13:01:01.838400,0.00,10.88,658.60,79.99,16.65,111.14,277.31,2.88
2022-09-03T13:02:01.418719,0.00,10.84,658.60,79.99,15.31,111.62,276.19,2.88
2022-09-03T13:03:01.999389,0.00,10.94,658.60,79.99,14.94,112.16,268.85,2.85
2022-09-03T13:04:01.581523,0.00,10.88,658.60,79.99,14.75,111.96,276.97,2.89
2022-09-03T13:05:02.169267,0.00,11.05,658.60,79.99,15.73,112.28,276.41,2.88
2022-09-03T13:06:01.749237,0.00,10.70,658.60,79.99,14.75,112.33,275.85,2.88
2022-09-03T13:07:01.342007,0.00,11.05,658.60,79.99,14.94,112.42,276.97,2.89
2022-09-03T13:08:01.921806,0.00,10.88,658.60,79.99,16.47,112.88,277.42,2.89
2022-09-03T13:09:01.504898,0.00,10.70,658.60,79.99,16.23,113.03,267.47,2.85
2022-09-03T13:10:02.088110,0.00,10.88,658.60,79.99,19.29,112.97,274.85,2.89
2022-09-03T13:11:01.664265,0.00,10.66,658.60,79.99,28.59,113.32,277.65,2.90
2022-09-03T13:12:01.256320,0.00,11.15,658.60,79.99,31.65,113.61,276.30,2.90
2022-09-03T13:13:01.837468,0.00,11.15,658.60,79.99,38.99,114.11,279.92,2.92
2022-09-03T13:14:01.419345,0.00,11.10,658.60,79.99,39.73,114.46,279.81,2.93
2022-09-03T13:15:02.004292,0.00,10.88,658.60,79.99,42.23,114.84,278.90,2.94
2022-09-03T13:16:01.586325,0.00,10.88,658.60,79.99,41.62,114.99,281.53,2.95
2022-09-03T13:17:02.172340,0.00,10.88,658.60,79.99,44.32,115.38,280.73,2.95
2022-09-03T13:18:01.757098,0.00,11.10,658.60,79.99,49.65,115.44,279.58,2.95
2022-09-03T13:19:01.339100,0.00,10.94,658.60,79.99,48.12,115.59,279.58,2.96
2022-09-03T13:20:01.924757,0.00,10.88,658.60,79.99,48.54,115.92,279.81,2.97
2022-09-03T13:21:01.508399,0.00,11.15,658.60,79.99,47.99,116.16,276.97,2.95
2022-09-03T13:22:02.090585,0.00,11.15,658.60,79.99,44.50,116.22,279.24,2.97
2022-09-03T13:23:01.672485,0.00,11.10,658.60,79.99,43.95,116.37,277.76,2.96
2022-09-03T13:24:01.257534,0.00,11.10,658.60,79.99,39.12,116.40,269.71,2.93
2022-09-03T13:25:01.839572,0.00,10.94,658.60,79.99,38.14,116.61,278.10,2.97
2022-09-03T13:26:01.425332,0.00,10.88,658.60,79.99,42.18,116.73,278.67,2.98
2022-09-03T13:27:02.015781,0.00,11.10,658.60,79.99,45.37,116.97,277.31,2.97
2022-09-03T13:28:01.608242,0.00,11.15,658.60,79.99,43.05,117.37,277.54,2.98
2022-09-03T13:29:02.190608,0.00,11.05,658.60,79.99,41.39,117.06,275.63,2.97
2022-09-03T13:30:01.776418,0.00,11.15,658.60,79.99,43.71,117.31,275.07,2.97
2022-09-03T13:31:01.351514,0.00,10.84,658.60,79.99,43.34,117.67,275.29,2.97
2022-09-03T13:32:01.952393,0.00,10.88,658.60,79.99,46.27,117.77,274.41,2.97
2022-09-03T13:33:01.547572,0.00,10.88,658.60,79.99,48.38,117.86,274.52,2.97
2022-09-03T13:34:02.142776,0.00,10.88,658.60,79.99,44.26,118.26,275.18,2.98
2022-09-03T13:35:01.727947,0.00,10.88,658.60,79.99,47.93,118.81,276.30,2.99
2022-09-03T13:36:01.310418,0.00,10.94,658.60,79.99,44.74,118.84,276.41,3.00
2022-09-03T13:37:01.896836,0.00,11.15,658.60,79.99,42.42,119.03,272.10,2.99
2022-09-03T13:38:01.479953,0.00,11.10,658.60,79.99,46.09,119.12,276.75,3.01
2022-09-03T13:39:02.075293,0.00,10.88,658.60,79.99,49.09,119.65,278.21,3.03
2022-09-03T13:40:01.659481,0.00,10.70,658.60,79.99,48.01,119.75,278.56,3.04
2022-09-03T13:41:01.245852,0.00,10.66,658.60,79.99,51.07,120.54,279.69,3.06
2022-09-03T13:42:01.828606,0.00,10.70,658.60,79.99,49.35,120.98,281.53,3.07
2022-09-03T13:43:01.421446,0.00,10.94,658.60,79.99,41.07,121.27,283.04,3.09
2022-09-03T13:44:02.001050,0.00,10.88,658.60,79.99,38.56,122.00,285.75,3.12
2022-09-03T13:45:01.582410,0.00,10.70,658.60,79.99,44.41,122.36,286.46,3.12
2022-09-03T13:46:02.167051,0.00,10.94,658.60,79.99,40.28,122.55,285.16,3.13
2022-09-03T13:47:01.744762,0.00,11.15,658.60,79.99,41.07,122.58,284.68,3.13
2022-09-03T13:48:01.328629,0.00,10.88,658.60,79.99,39.96,122.36,281.19,3.12
2022-09-03T13:49:01.914681,0.00,10.84,658.60,79.99,34.58,122.29,279.47,3.11
2022-09-03T13:50:01.507884,0.00,10.88,658.60,79.99,33.05,122.71,279.81,3.11
2022-09-03T13:51:02.077093,0.00,10.88,658.60,79.99,31.09,123.17,278.56,3.11
2022-09-03T13:52:01.665016,1.00,10.94,658.60,79.99,30.91,123.43,276.52,3.10
2022-09-03T13:53:01.249057,0.00,10.84,658.60,79.99,29.19,123.69,270.90,3.09
2022-09-03T13:54:01.836051,0.00,11.10,658.60,79.99,23.57,123.89,279.01,3.13
2022-09-03T13:55:01.419059,0.00,10.94,658.60,79.99,23.57,124.58,280.38,3.14
2022-09-03T13:56:02.005334,0.00,11.10,658.60,79.99,26.87,124.74,275.74,3.12
2022-09-03T13:57:01.588503,0.00,10.88,658.60,79.99,30.54,124.81,280.50,3.15
2022-09-03T13:58:02.178150,0.00,10.66,658.60,79.99,34.82,125.54,281.77,3.16
2022-09-03T13:59:01.760497,0.00,11.10,658.60,79.99,34.76,125.74,282.23,3.18
2022-09-03T14:00:01.341349,0.00,10.70,658.60,79.99,34.95,125.98,282.58,3.18
2022-09-03T14:01:01.923312,0.00,10.88,658.60,79.99,40.39,126.45,283.04,3.20
2022-09-03T14:02:01.507872,0.00,10.94,658.60,79.99,34.16,126.79,281.53,3.21
2022-09-03T14:03:02.091260,0.00,11.10,658.60,79.99,37.46,127.57,284.10,3.24
2022-09-03T14:04:01.673564,0.00,10.88,658.60,79.99,39.96,127.95,282.69,3.25
2022-09-03T14:05:01.257765,0.00,11.10,658.60,79.99,38.19,128.19,274.41,3.23
2022-09-03T14:06:01.845248,0.00,11.10,658.60,79.99,41.68,128.50,278.78,3.26
2022-09-03T14:07:01.428389,0.00,10.88,658.60,79.99,42.84,129.05,282.00,3.28
2022-09-03T14:08:02.010596,0.00,10.88,658.60,79.99,41.68,129.40,279.81,3.28
2022-09-03T14:09:01.596117,0.00,10.70,658.60,79.99,38.38,129.61,280.96,3.30
2022-09-03T14:10:02.175123,0.00,10.88,658.60,79.99,39.36,129.89,280.04,3.30
2022-09-03T14:11:01.758656,0.00,10.94,658.60,79.99,38.38,130.56,280.15,3.31
2022-09-03T14:12:01.351034,0.00,10.88,658.60,79.99,39.54,130.91,281.77,3.32
2022-09-03T14:13:01.936025,0.00,10.70,658.60,79.99,39.73,130.95,280.96,3.31
2022-09-03T14:14:01.519085,0.00,10.84,658.60,79.99,38.75,131.09,280.73,3.31
2022-09-03T14:15:02.097096,0.00,11.05,658.60,79.99,39.73,131.38,280.38,3.32
2022-09-03T14:16:01.670371,0.00,10.94,658.60,79.99,39.54,131.38,279.12,3.31
2022-09-03T14:17:01.260633,0.00,10.70,658.60,79.99,39.36,131.73,280.61,3.33
2022-09-03T14:18:01.841379,0.00,10.88,658.60,79.99,38.19,132.31,281.88,3.34
2022-09-03T14:19:01.423427,0.00,11.10,658.60,79.99,37.22,132.60,281.88,3.34
2022-09-03T14:20:02.015261,0.00,10.84,658.60,79.99,42.66,132.70,279.58,3.34
2022-09-03T14:21:01.593966,0.00,10.70,658.60,79.99,41.68,132.85,279.35,3.33
2022-09-03T14:22:02.174054,0.00,10.84,658.60,79.99,40.89,133.61,279.47,3.34
2022-09-03T14:23:01.757879,0.00,10.88,658.60,79.99,42.05,133.39,278.67,3.33
2022-09-03T14:24:01.340148,0.00,10.88,658.60,79.99,38.56,133.50,278.56,3.33
2022-09-03T14:25:01.925741,0.00,10.88,658.60,79.99,37.22,133.43,278.56,3.33
2022-09-03T14:26:01.509668,0.00,10.66,658.60,79.99,39.17,133.79,278.78,3.33
2022-09-03T14:27:02.090076,0.00,10.70,658.60,79.99,34.89,134.05,279.12,3.33
2022-09-03T14:28:01.672148,0.00,10.84,658.60,79.99,31.78,134.12,279.47,3.33
2022-09-03T14:29:01.257701,0.00,10.66,658.60,79.99,37.22,134.71,273.74,3.31
2022-09-03T14:30:01.840768,0.00,10.84,658.60,79.99,42.66,134.93,277.76,3.33
2022-09-03T14:31:01.426145,0.00,10.88,658.60,79.99,42.66,134.71,276.19,3.32
2022-09-03T14:32:02.016654,0.00,10.88,658.60,79.99,36.06,134.71,274.96,3.30
2022-09-03T14:33:01.604715,0.00,10.88,658.60,79.99,36.66,134.53,275.52,3.31
2022-09-03T14:34:02.186931,0.00,10.66,658.60,79.99,34.34,134.75,275.07,3.30
2022-09-03T14:35:01.768801,0.00,10.88,658.60,79.99,31.83,134.97,274.74,3.30
2022-09-03T14:36:01.349805,0.00,10.66,658.60,79.99,31.46,135.01,273.85,3.30
2022-09-03T14:37:01.935763,0.00,10.66,658.60,79.99,30.12,135.42,274.29,3.30
2022-09-03T14:38:01.510016,0.00,10.66,658.60,79.99,29.93,135.49,273.63,3.30
2022-09-03T14:39:02.083163,0.00,10.88,658.60,79.99,28.77,135.83,274.29,3.30
2022-09-03T14:40:01.668441,0.00,10.84,658.60,79.99,28.40,135.98,273.74,3.30
2022-09-03T14:41:01.251182,0.00,10.66,658.60,79.99,29.19,136.24,273.85,3.30
2022-09-03T14:42:01.836756,0.00,10.66,658.60,79.99,32.31,136.46,274.41,3.31
